#
# There is insufficient memory for the Java Runtime Environment to continue.
# Native memory allocation (malloc) failed to allocate 1194256 bytes for Chunk::new
# Possible reasons:
#   The system is out of physical RAM or swap space
#   The process is running with CompressedOops enabled, and the Java Heap may be blocking the growth of the native heap
# Possible solutions:
#   Reduce memory load on the system
#   Increase physical memory or swap space
#   Check if swap backing store is full
#   Decrease Java heap size (-Xmx/-Xms)
#   Decrease number of Java threads
#   Decrease Java thread stack sizes (-Xss)
#   Set larger code cache with -XX:ReservedCodeCacheSize=
#   JVM is running with Unscaled Compressed Oops mode in which the Java heap is
#     placed in the first 4GB address space. The Java Heap base address is the
#     maximum limit for the native heap growth. Please use -XX:HeapBaseMinAddress
#     to set the Java Heap base and to place the Java Heap above 4GB virtual address.
# This output file may be truncated or incomplete.
#
#  Out of Memory Error (arena.cpp:189), pid=115112, tid=110716
#
# JRE version: OpenJDK Runtime Environment JBR-17.0.8.1+7-1059.3-nomod (17.0.8.1+7) (build 17.0.8.1+7-b1059.3)
# Java VM: OpenJDK 64-Bit Server VM JBR-17.0.8.1+7-1059.3-nomod (17.0.8.1+7-b1059.3, mixed mode, tiered, compressed oops, compressed class ptrs, g1 gc, windows-amd64)
# No core dump will be written. Minidumps are not enabled by default on client versions of Windows
#

---------------  S U M M A R Y ------------

Command Line: --module-path=C:\Users\ameni\.m2\repository\org\openjfx\javafx-base\21.0.2\javafx-base-21.0.2-win.jar;C:\Users\ameni\.m2\repository\org\openjfx\javafx-base\21.0.2\javafx-base-21.0.2.jar;C:\Users\ameni\.m2\repository\org\openjfx\javafx-controls\21.0.2\javafx-controls-21.0.2-win.jar;C:\Users\ameni\.m2\repository\org\openjfx\javafx-controls\21.0.2\javafx-controls-21.0.2.jar;C:\Users\ameni\.m2\repository\org\openjfx\javafx-fxml\21.0.2\javafx-fxml-21.0.2-win.jar;C:\Users\ameni\.m2\repository\org\openjfx\javafx-fxml\21.0.2\javafx-fxml-21.0.2.jar;C:\Users\ameni\.m2\repository\org\openjfx\javafx-graphics\21.0.2\javafx-graphics-21.0.2-win.jar;C:\Users\ameni\.m2\repository\org\openjfx\javafx-graphics\21.0.2\javafx-graphics-21.0.2.jar;C:\Users\ameni\.m2\repository\org\openjfx\javafx-media\21.0.2\javafx-media-21.0.2-win.jar;C:\Users\ameni\.m2\repository\org\openjfx\javafx-media\21.0.2\javafx-media-21.0.2.jar;C:\Users\ameni\.m2\repository\org\openjfx\javafx-web\20.0.2\javafx-web-20.0.2-win.jar;C:\Users\ameni\.m2\repository\org\openjfx\javafx-web\20.0.2\javafx-web-20.0.2.jar --add-modules=javafx.base,javafx.controls,javafx.fxml,javafx.graphics,javafx.media,javafx.web edu.esprit.tests.MainFx

Host: AMD Ryzen 5 3500U with Radeon Vega Mobile Gfx  , 8 cores, 5G,  Windows 10 , 64 bit Build 19041 (10.0.19041.3636)
Time: Sun Mar  3 15:56:40 2024 Afr. centrale Ouest elapsed time: 109.424485 seconds (0d 0h 1m 49s)

---------------  T H R E A D  ---------------

Current thread (0x000002325f9f8500):  JavaThread "C2 CompilerThread0" daemon [_thread_in_native, id=110716, stack(0x000000f188a00000,0x000000f188b00000)]


Current CompileTask:
C2: 109424 8144       4       com.sun.crypto.provider.GaloisCounterMode$GCMDecrypt::doFinal (512 bytes)

Stack: [0x000000f188a00000,0x000000f188b00000]
Native frames: (J=compiled Java code, j=interpreted, Vv=VM code, C=native code)
V  [jvm.dll+0x6852da]


---------------  P R O C E S S  ---------------

Threads class SMR info:
_java_thread_list=0x000002320dcbcd90, length=44, elements={
0x0000023246a87670, 0x000002325f9c4270, 0x000002325f9c50f0, 0x000002325f876840,
0x000002325f877400, 0x000002325f877fc0, 0x000002325f878e80, 0x000002325f9f8500,
0x000002325f9f8b10, 0x000002325f9f9510, 0x000002325fb2dd00, 0x000002325fd8d7f0,
0x00000232644e0470, 0x00000232645e9950, 0x0000023264602680, 0x000002326479ecf0,
0x000002326479f1d0, 0x0000023269acc8a0, 0x0000023269acc390, 0x0000023269acbe80,
0x0000023269acb460, 0x0000023277e05840, 0x0000023277e04e20, 0x0000023277e08ae0,
0x0000023277e06770, 0x0000023277e06260, 0x0000023277e09a10, 0x0000023277e034d0,
0x0000023277e07bb0, 0x0000023277e05d50, 0x0000023277e06c80, 0x0000023277e039e0,
0x0000023202477be0, 0x0000023206afa690, 0x0000023206af9c70, 0x0000023206af8830,
0x000002320cb742d0, 0x000002320cb747e0, 0x000002320cb6f6e0, 0x000002320ad9ec10,
0x000002320ad9cdb0, 0x000002320cb6fbf0, 0x000002320cb71540, 0x0000023209f40680
}

Java Threads: ( => current thread )
  0x0000023246a87670 JavaThread "main" [_thread_blocked, id=114220, stack(0x000000f187d00000,0x000000f187e00000)]
  0x000002325f9c4270 JavaThread "Reference Handler" daemon [_thread_blocked, id=92812, stack(0x000000f188400000,0x000000f188500000)]
  0x000002325f9c50f0 JavaThread "Finalizer" daemon [_thread_blocked, id=110672, stack(0x000000f188500000,0x000000f188600000)]
  0x000002325f876840 JavaThread "Signal Dispatcher" daemon [_thread_blocked, id=115240, stack(0x000000f188600000,0x000000f188700000)]
  0x000002325f877400 JavaThread "Attach Listener" daemon [_thread_blocked, id=113576, stack(0x000000f188700000,0x000000f188800000)]
  0x000002325f877fc0 JavaThread "Service Thread" daemon [_thread_blocked, id=108620, stack(0x000000f188800000,0x000000f188900000)]
  0x000002325f878e80 JavaThread "Monitor Deflation Thread" daemon [_thread_blocked, id=103788, stack(0x000000f188900000,0x000000f188a00000)]
=>0x000002325f9f8500 JavaThread "C2 CompilerThread0" daemon [_thread_in_native, id=110716, stack(0x000000f188a00000,0x000000f188b00000)]
  0x000002325f9f8b10 JavaThread "C1 CompilerThread0" daemon [_thread_blocked, id=99792, stack(0x000000f188b00000,0x000000f188c00000)]
  0x000002325f9f9510 JavaThread "Sweeper thread" daemon [_thread_blocked, id=96224, stack(0x000000f188c00000,0x000000f188d00000)]
  0x000002325fb2dd00 JavaThread "Common-Cleaner" daemon [_thread_blocked, id=103988, stack(0x000000f188d00000,0x000000f188e00000)]
  0x000002325fd8d7f0 JavaThread "Notification Thread" daemon [_thread_blocked, id=113596, stack(0x000000f188e00000,0x000000f188f00000)]
  0x00000232644e0470 JavaThread "QuantumRenderer-0" daemon [_thread_blocked, id=114532, stack(0x000000f189000000,0x000000f189100000)]
  0x00000232645e9950 JavaThread "InvokeLaterDispatcher" daemon [_thread_blocked, id=107744, stack(0x000000f189400000,0x000000f189500000)]
  0x0000023264602680 JavaThread "JavaFX Application Thread" [_thread_in_native, id=114212, stack(0x000000f189500000,0x000000f189600000)]
  0x000002326479ecf0 JavaThread "JavaFX-Launcher" [_thread_blocked, id=96380, stack(0x000000f189c00000,0x000000f189d00000)]
  0x000002326479f1d0 JavaThread "Thread-2" daemon [_thread_in_native, id=101300, stack(0x000000f189b00000,0x000000f189c00000)]
  0x0000023269acc8a0 JavaThread "mysql-cj-abandoned-connection-cleanup" daemon [_thread_blocked, id=103856, stack(0x000000f18a200000,0x000000f18a300000)]
  0x0000023269acc390 JavaThread "Prism Font Disposer" daemon [_thread_blocked, id=112852, stack(0x000000f18aa00000,0x000000f18ab00000)]
  0x0000023269acbe80 JavaThread "Cleaner-0" daemon [_thread_blocked, id=107404, stack(0x000000f18ab00000,0x000000f18ac00000)]
  0x0000023269acb460 JavaThread "Disposer" daemon [_thread_blocked, id=113968, stack(0x000000f187c00000,0x000000f187d00000)]
  0x0000023277e05840 JavaThread "HttpClient-1-SelectorManager" daemon [_thread_in_native, id=101224, stack(0x000000f18b300000,0x000000f18b400000)]
  0x0000023277e04e20 JavaThread "HttpClient-1-Worker-0" daemon [_thread_blocked, id=113396, stack(0x000000f18b400000,0x000000f18b500000)]
  0x0000023277e08ae0 JavaThread "HttpClient-1-Worker-1" daemon [_thread_blocked, id=111036, stack(0x000000f18bd00000,0x000000f18be00000)]
  0x0000023277e06770 JavaThread "ForkJoinPool.commonPool-worker-1" daemon [_thread_blocked, id=100448, stack(0x000000f18be00000,0x000000f18bf00000)]
  0x0000023277e06260 JavaThread "ForkJoinPool.commonPool-worker-2" daemon [_thread_blocked, id=98104, stack(0x000000f18bf00000,0x000000f18c000000)]
  0x0000023277e09a10 JavaThread "ForkJoinPool.commonPool-worker-3" daemon [_thread_blocked, id=113492, stack(0x000000f18c000000,0x000000f18c100000)]
  0x0000023277e034d0 JavaThread "Thread-4" daemon [_thread_in_native, id=111404, stack(0x000000f18c100000,0x000000f18c200000)]
  0x0000023277e07bb0 JavaThread "ForkJoinPool.commonPool-worker-4" daemon [_thread_blocked, id=60960, stack(0x000000f18c200000,0x000000f18c300000)]
  0x0000023277e05d50 JavaThread "ForkJoinPool.commonPool-worker-5" daemon [_thread_blocked, id=109320, stack(0x000000f18c300000,0x000000f18c400000)]
  0x0000023277e06c80 JavaThread "ForkJoinPool.commonPool-worker-6" daemon [_thread_blocked, id=85196, stack(0x000000f18c400000,0x000000f18c500000)]
  0x0000023277e039e0 JavaThread "ForkJoinPool.commonPool-worker-7" daemon [_thread_blocked, id=70172, stack(0x000000f18c500000,0x000000f18c600000)]
  0x0000023202477be0 JavaThread "HttpClient-1-Worker-2" daemon [_thread_blocked, id=93304, stack(0x000000f18c900000,0x000000f18ca00000)]
  0x0000023206afa690 JavaThread "HttpClient-1-Worker-3" daemon [_thread_blocked, id=109164, stack(0x000000f18ca00000,0x000000f18cb00000)]
  0x0000023206af9c70 JavaThread "HttpClient-1-Worker-4" daemon [_thread_blocked, id=113104, stack(0x000000f18cb00000,0x000000f18cc00000)]
  0x0000023206af8830 JavaThread "HttpClient-1-Worker-5" daemon [_thread_blocked, id=115656, stack(0x000000f18cc00000,0x000000f18cd00000)]
  0x000002320cb742d0 JavaThread "HttpClient-1-Worker-6" daemon [_thread_blocked, id=107436, stack(0x000000f18d100000,0x000000f18d200000)]
  0x000002320cb747e0 JavaThread "HttpClient-1-Worker-7" daemon [_thread_blocked, id=113716, stack(0x000000f18d200000,0x000000f18d300000)]
  0x000002320cb6f6e0 JavaThread "HttpClient-1-Worker-8" daemon [_thread_blocked, id=107148, stack(0x000000f18d300000,0x000000f18d400000)]
  0x000002320ad9ec10 JavaThread "HttpClient-1-Worker-9" daemon [_thread_blocked, id=96052, stack(0x000000f18d000000,0x000000f18d100000)]
  0x000002320ad9cdb0 JavaThread "HttpClient-1-Worker-10" daemon [_thread_blocked, id=74920, stack(0x000000f18d400000,0x000000f18d500000)]
  0x000002320cb6fbf0 JavaThread "HttpClient-1-Worker-11" daemon [_thread_blocked, id=108344, stack(0x000000f18d500000,0x000000f18d600000)]
  0x000002320cb71540 JavaThread "HttpClient-1-Worker-12" daemon [_thread_blocked, id=103580, stack(0x000000f18d600000,0x000000f18d700000)]
  0x0000023209f40680 JavaThread "HttpClient-1-Worker-13" daemon [_thread_blocked, id=115552, stack(0x000000f18d700000,0x000000f18d800000)]

Other Threads:
  0x000002325f85fa10 VMThread "VM Thread" [stack: 0x000000f188300000,0x000000f188400000] [id=101332]
  0x0000023246a88630 WatcherThread [stack: 0x000000f188f00000,0x000000f189000000] [id=79212]
  0x0000023246ad3810 GCTaskThread "GC Thread#0" [stack: 0x000000f187e00000,0x000000f187f00000] [id=105500]
  0x00000232692cc070 GCTaskThread "GC Thread#1" [stack: 0x000000f189d00000,0x000000f189e00000] [id=98248]
  0x00000232692cc330 GCTaskThread "GC Thread#2" [stack: 0x000000f189e00000,0x000000f189f00000] [id=108064]
  0x00000232692cc5f0 GCTaskThread "GC Thread#3" [stack: 0x000000f189f00000,0x000000f18a000000] [id=110520]
  0x00000232692cc8b0 GCTaskThread "GC Thread#4" [stack: 0x000000f18a000000,0x000000f18a100000] [id=103952]
  0x00000232647b5890 GCTaskThread "GC Thread#5" [stack: 0x000000f18a100000,0x000000f18a200000] [id=76804]
  0x000002326a0b3110 GCTaskThread "GC Thread#6" [stack: 0x000000f18a300000,0x000000f18a400000] [id=113372]
  0x000002326a6c0b70 GCTaskThread "GC Thread#7" [stack: 0x000000f18a400000,0x000000f18a500000] [id=114604]
  0x0000023246ae05e0 ConcurrentGCThread "G1 Main Marker" [stack: 0x000000f187f00000,0x000000f188000000] [id=114052]
  0x0000023246ae1790 ConcurrentGCThread "G1 Conc#0" [stack: 0x000000f188000000,0x000000f188100000] [id=108488]
  0x000002326a8be020 ConcurrentGCThread "G1 Conc#1" [stack: 0x000000f18a800000,0x000000f18a900000] [id=111588]
  0x0000023246b1ec00 ConcurrentGCThread "G1 Refine#0" [stack: 0x000000f188100000,0x000000f188200000] [id=115324]
  0x000002326a019800 ConcurrentGCThread "G1 Refine#1" [stack: 0x000000f18a500000,0x000000f18a600000] [id=109524]
  0x000002326a365be0 ConcurrentGCThread "G1 Refine#2" [stack: 0x000000f18a600000,0x000000f18a700000] [id=115484]
  0x000002326465b1a0 ConcurrentGCThread "G1 Refine#3" [stack: 0x000000f18a700000,0x000000f18a800000] [id=114176]
  0x000002325f6b6820 ConcurrentGCThread "G1 Service" [stack: 0x000000f188200000,0x000000f188300000] [id=111952]

Threads with active compile tasks:
C2 CompilerThread0   109664 8144       4       com.sun.crypto.provider.GaloisCounterMode$GCMDecrypt::doFinal (512 bytes)
C1 CompilerThread0   109664 8194       3       com.sun.webkit.network.HTTP2Loader$$Lambda$878/0x0000000100538ff0::accept (12 bytes)

VM state: not at safepoint (normal execution)

VM Mutex/Monitor currently owned by a thread: None

Heap address: 0x00000000a0c00000, size: 1524 MB, Compressed Oops mode: 32-bit

CDS archive(s) not mapped
Compressed class space mapped at: 0x0000000100000000-0x0000000140000000, reserved size: 1073741824
Narrow klass base: 0x0000000000000000, Narrow klass shift: 3, Narrow klass range: 0x140000000

GC Precious Log:
 CPUs: 8 total, 8 available
 Memory: 6091M
 Large Page Support: Disabled
 NUMA Support: Disabled
 Compressed Oops: Enabled (32-bit)
 Heap Region Size: 1M
 Heap Min Capacity: 8M
 Heap Initial Capacity: 96M
 Heap Max Capacity: 1524M
 Pre-touch: Disabled
 Parallel Workers: 8
 Concurrent Workers: 2
 Concurrent Refinement Workers: 8
 Periodic GC: Disabled

Heap:
 garbage-first heap   total 317440K, used 109747K [0x00000000a0c00000, 0x0000000100000000)
  region size 1024K, 12 young (12288K), 7 survivors (7168K)
 Metaspace       used 44665K, committed 45056K, reserved 1114112K
  class space    used 5543K, committed 5760K, reserved 1048576K

Heap Regions: E=young(eden), S=young(survivor), O=old, HS=humongous(starts), HC=humongous(continues), CS=collection set, F=free, OA=open archive, CA=closed archive, TAMS=top-at-mark-start (previous, next)
|   0|0x00000000a0c00000, 0x00000000a0d00000, 0x00000000a0d00000|100%| O|  |TAMS 0x00000000a0d00000, 0x00000000a0c00000| Untracked 
|   1|0x00000000a0d00000, 0x00000000a0e00000, 0x00000000a0e00000|100%|HS|  |TAMS 0x00000000a0e00000, 0x00000000a0d00000| Complete 
|   2|0x00000000a0e00000, 0x00000000a0f00000, 0x00000000a0f00000|100%|HS|  |TAMS 0x00000000a0e00000, 0x00000000a0e00000| Complete 
|   3|0x00000000a0f00000, 0x00000000a1000000, 0x00000000a1000000|100%|HS|  |TAMS 0x00000000a0f00000, 0x00000000a0f00000| Complete 
|   4|0x00000000a1000000, 0x00000000a1100000, 0x00000000a1100000|100%|HS|  |TAMS 0x00000000a1100000, 0x00000000a1000000| Complete 
|   5|0x00000000a1100000, 0x00000000a1200000, 0x00000000a1200000|100%|HC|  |TAMS 0x00000000a1200000, 0x00000000a1100000| Complete 
|   6|0x00000000a1200000, 0x00000000a1300000, 0x00000000a1300000|100%|HS|  |TAMS 0x00000000a1300000, 0x00000000a1200000| Complete 
|   7|0x00000000a1300000, 0x00000000a1400000, 0x00000000a1400000|100%|HC|  |TAMS 0x00000000a1400000, 0x00000000a1300000| Complete 
|   8|0x00000000a1400000, 0x00000000a1500000, 0x00000000a1500000|100%|HC|  |TAMS 0x00000000a1500000, 0x00000000a1400000| Complete 
|   9|0x00000000a1500000, 0x00000000a1600000, 0x00000000a1600000|100%|HC|  |TAMS 0x00000000a1600000, 0x00000000a1500000| Complete 
|  10|0x00000000a1600000, 0x00000000a1700000, 0x00000000a1700000|100%|HC|  |TAMS 0x00000000a1700000, 0x00000000a1600000| Complete 
|  11|0x00000000a1700000, 0x00000000a1800000, 0x00000000a1800000|100%|HC|  |TAMS 0x00000000a1800000, 0x00000000a1700000| Complete 
|  12|0x00000000a1800000, 0x00000000a1900000, 0x00000000a1900000|100%|HC|  |TAMS 0x00000000a1900000, 0x00000000a1800000| Complete 
|  13|0x00000000a1900000, 0x00000000a1a00000, 0x00000000a1a00000|100%|HC|  |TAMS 0x00000000a1a00000, 0x00000000a1900000| Complete 
|  14|0x00000000a1a00000, 0x00000000a1b00000, 0x00000000a1b00000|100%|HC|  |TAMS 0x00000000a1b00000, 0x00000000a1a00000| Complete 
|  15|0x00000000a1b00000, 0x00000000a1c00000, 0x00000000a1c00000|100%|HC|  |TAMS 0x00000000a1c00000, 0x00000000a1b00000| Complete 
|  16|0x00000000a1c00000, 0x00000000a1d00000, 0x00000000a1d00000|100%|HC|  |TAMS 0x00000000a1d00000, 0x00000000a1c00000| Complete 
|  17|0x00000000a1d00000, 0x00000000a1e00000, 0x00000000a1e00000|100%|HC|  |TAMS 0x00000000a1e00000, 0x00000000a1d00000| Complete 
|  18|0x00000000a1e00000, 0x00000000a1f00000, 0x00000000a1f00000|100%|HC|  |TAMS 0x00000000a1f00000, 0x00000000a1e00000| Complete 
|  19|0x00000000a1f00000, 0x00000000a2000000, 0x00000000a2000000|100%|HC|  |TAMS 0x00000000a2000000, 0x00000000a1f00000| Complete 
|  20|0x00000000a2000000, 0x00000000a2100000, 0x00000000a2100000|100%|HC|  |TAMS 0x00000000a2100000, 0x00000000a2000000| Complete 
|  21|0x00000000a2100000, 0x00000000a2200000, 0x00000000a2200000|100%|HC|  |TAMS 0x00000000a2200000, 0x00000000a2100000| Complete 
|  22|0x00000000a2200000, 0x00000000a2300000, 0x00000000a2300000|100%|HS|  |TAMS 0x00000000a2300000, 0x00000000a2200000| Complete 
|  23|0x00000000a2300000, 0x00000000a2400000, 0x00000000a2400000|100%|HC|  |TAMS 0x00000000a2400000, 0x00000000a2300000| Complete 
|  24|0x00000000a2400000, 0x00000000a2500000, 0x00000000a2500000|100%|HS|  |TAMS 0x00000000a2500000, 0x00000000a2400000| Complete 
|  25|0x00000000a2500000, 0x00000000a2600000, 0x00000000a2600000|100%|HC|  |TAMS 0x00000000a2600000, 0x00000000a2500000| Complete 
|  26|0x00000000a2600000, 0x00000000a2700000, 0x00000000a2700000|100%| O|  |TAMS 0x00000000a2700000, 0x00000000a2600000| Untracked 
|  27|0x00000000a2700000, 0x00000000a2800000, 0x00000000a2800000|100%| O|  |TAMS 0x00000000a2800000, 0x00000000a2700000| Untracked 
|  28|0x00000000a2800000, 0x00000000a2900000, 0x00000000a2900000|100%| O|  |TAMS 0x00000000a2900000, 0x00000000a2800000| Untracked 
|  29|0x00000000a2900000, 0x00000000a2a00000, 0x00000000a2a00000|100%| O|  |TAMS 0x00000000a2a00000, 0x00000000a2900000| Untracked 
|  30|0x00000000a2a00000, 0x00000000a2b00000, 0x00000000a2b00000|100%| O|  |TAMS 0x00000000a2b00000, 0x00000000a2a00000| Untracked 
|  31|0x00000000a2b00000, 0x00000000a2c00000, 0x00000000a2c00000|100%| O|  |TAMS 0x00000000a2c00000, 0x00000000a2b00000| Untracked 
|  32|0x00000000a2c00000, 0x00000000a2d00000, 0x00000000a2d00000|100%| O|  |TAMS 0x00000000a2d00000, 0x00000000a2c00000| Untracked 
|  33|0x00000000a2d00000, 0x00000000a2e00000, 0x00000000a2e00000|100%| O|  |TAMS 0x00000000a2e00000, 0x00000000a2d00000| Untracked 
|  34|0x00000000a2e00000, 0x00000000a2f00000, 0x00000000a2f00000|100%| O|  |TAMS 0x00000000a2f00000, 0x00000000a2e00000| Untracked 
|  35|0x00000000a2f00000, 0x00000000a3000000, 0x00000000a3000000|100%| O|  |TAMS 0x00000000a3000000, 0x00000000a2f00000| Untracked 
|  36|0x00000000a3000000, 0x00000000a3100000, 0x00000000a3100000|100%|HS|  |TAMS 0x00000000a3100000, 0x00000000a3000000| Complete 
|  37|0x00000000a3100000, 0x00000000a3200000, 0x00000000a3200000|100%|HC|  |TAMS 0x00000000a3200000, 0x00000000a3100000| Complete 
|  38|0x00000000a3200000, 0x00000000a3300000, 0x00000000a3300000|100%|HS|  |TAMS 0x00000000a3300000, 0x00000000a3200000| Complete 
|  39|0x00000000a3300000, 0x00000000a3400000, 0x00000000a3400000|100%|HC|  |TAMS 0x00000000a3400000, 0x00000000a3300000| Complete 
|  40|0x00000000a3400000, 0x00000000a3500000, 0x00000000a3500000|100%|HS|  |TAMS 0x00000000a3500000, 0x00000000a3400000| Complete 
|  41|0x00000000a3500000, 0x00000000a3600000, 0x00000000a3600000|100%|HC|  |TAMS 0x00000000a3600000, 0x00000000a3500000| Complete 
|  42|0x00000000a3600000, 0x00000000a3700000, 0x00000000a3700000|100%| O|  |TAMS 0x00000000a366ce00, 0x00000000a3600000| Untracked 
|  43|0x00000000a3700000, 0x00000000a3800000, 0x00000000a3800000|100%|HS|  |TAMS 0x00000000a3800000, 0x00000000a3700000| Complete 
|  44|0x00000000a3800000, 0x00000000a3900000, 0x00000000a3900000|100%| O|  |TAMS 0x00000000a3900000, 0x00000000a3800000| Untracked 
|  45|0x00000000a3900000, 0x00000000a3a00000, 0x00000000a3a00000|100%| O|  |TAMS 0x00000000a3a00000, 0x00000000a3900000| Untracked 
|  46|0x00000000a3a00000, 0x00000000a3a00000, 0x00000000a3b00000|  0%| F|  |TAMS 0x00000000a3a00000, 0x00000000a3a00000| Untracked 
|  47|0x00000000a3b00000, 0x00000000a3c00000, 0x00000000a3c00000|100%| O|  |TAMS 0x00000000a3b00000, 0x00000000a3b00000| Untracked 
|  48|0x00000000a3c00000, 0x00000000a3d00000, 0x00000000a3d00000|100%| O|  |TAMS 0x00000000a3c00000, 0x00000000a3c00000| Untracked 
|  49|0x00000000a3d00000, 0x00000000a3e00000, 0x00000000a3e00000|100%| O|  |TAMS 0x00000000a3d00000, 0x00000000a3d00000| Untracked 
|  50|0x00000000a3e00000, 0x00000000a3e85200, 0x00000000a3f00000| 52%| O|  |TAMS 0x00000000a3e00000, 0x00000000a3e00000| Untracked 
|  51|0x00000000a3f00000, 0x00000000a3f00000, 0x00000000a4000000|  0%| F|  |TAMS 0x00000000a3f00000, 0x00000000a3f00000| Untracked 
|  52|0x00000000a4000000, 0x00000000a4000000, 0x00000000a4100000|  0%| F|  |TAMS 0x00000000a4000000, 0x00000000a4000000| Untracked 
|  53|0x00000000a4100000, 0x00000000a4100000, 0x00000000a4200000|  0%| F|  |TAMS 0x00000000a4100000, 0x00000000a4100000| Untracked 
|  54|0x00000000a4200000, 0x00000000a4200000, 0x00000000a4300000|  0%| F|  |TAMS 0x00000000a4200000, 0x00000000a4200000| Untracked 
|  55|0x00000000a4300000, 0x00000000a4300000, 0x00000000a4400000|  0%| F|  |TAMS 0x00000000a4300000, 0x00000000a4300000| Untracked 
|  56|0x00000000a4400000, 0x00000000a4500000, 0x00000000a4500000|100%| O|  |TAMS 0x00000000a4500000, 0x00000000a4400000| Untracked 
|  57|0x00000000a4500000, 0x00000000a4600000, 0x00000000a4600000|100%| O|  |TAMS 0x00000000a4600000, 0x00000000a4500000| Untracked 
|  58|0x00000000a4600000, 0x00000000a4600000, 0x00000000a4700000|  0%| F|  |TAMS 0x00000000a4600000, 0x00000000a4600000| Untracked 
|  59|0x00000000a4700000, 0x00000000a4800000, 0x00000000a4800000|100%| O|  |TAMS 0x00000000a4800000, 0x00000000a4700000| Untracked 
|  60|0x00000000a4800000, 0x00000000a4800000, 0x00000000a4900000|  0%| F|  |TAMS 0x00000000a4800000, 0x00000000a4800000| Untracked 
|  61|0x00000000a4900000, 0x00000000a4900000, 0x00000000a4a00000|  0%| F|  |TAMS 0x00000000a4900000, 0x00000000a4900000| Untracked 
|  62|0x00000000a4a00000, 0x00000000a4a00000, 0x00000000a4b00000|  0%| F|  |TAMS 0x00000000a4a00000, 0x00000000a4a00000| Untracked 
|  63|0x00000000a4b00000, 0x00000000a4b00000, 0x00000000a4c00000|  0%| F|  |TAMS 0x00000000a4b00000, 0x00000000a4b00000| Untracked 
|  64|0x00000000a4c00000, 0x00000000a4c00000, 0x00000000a4d00000|  0%| F|  |TAMS 0x00000000a4c00000, 0x00000000a4c00000| Untracked 
|  65|0x00000000a4d00000, 0x00000000a4d00000, 0x00000000a4e00000|  0%| F|  |TAMS 0x00000000a4d00000, 0x00000000a4d00000| Untracked 
|  66|0x00000000a4e00000, 0x00000000a4e00000, 0x00000000a4f00000|  0%| F|  |TAMS 0x00000000a4e00000, 0x00000000a4e00000| Untracked 
|  67|0x00000000a4f00000, 0x00000000a4f00000, 0x00000000a5000000|  0%| F|  |TAMS 0x00000000a4f00000, 0x00000000a4f00000| Untracked 
|  68|0x00000000a5000000, 0x00000000a5000000, 0x00000000a5100000|  0%| F|  |TAMS 0x00000000a5000000, 0x00000000a5000000| Untracked 
|  69|0x00000000a5100000, 0x00000000a5100000, 0x00000000a5200000|  0%| F|  |TAMS 0x00000000a5100000, 0x00000000a5100000| Untracked 
|  70|0x00000000a5200000, 0x00000000a5200000, 0x00000000a5300000|  0%| F|  |TAMS 0x00000000a5200000, 0x00000000a5200000| Untracked 
|  71|0x00000000a5300000, 0x00000000a5300000, 0x00000000a5400000|  0%| F|  |TAMS 0x00000000a5300000, 0x00000000a5300000| Untracked 
|  72|0x00000000a5400000, 0x00000000a5400000, 0x00000000a5500000|  0%| F|  |TAMS 0x00000000a5400000, 0x00000000a5400000| Untracked 
|  73|0x00000000a5500000, 0x00000000a5500000, 0x00000000a5600000|  0%| F|  |TAMS 0x00000000a5500000, 0x00000000a5500000| Untracked 
|  74|0x00000000a5600000, 0x00000000a5600000, 0x00000000a5700000|  0%| F|  |TAMS 0x00000000a5600000, 0x00000000a5600000| Untracked 
|  75|0x00000000a5700000, 0x00000000a5700000, 0x00000000a5800000|  0%| F|  |TAMS 0x00000000a5700000, 0x00000000a5700000| Untracked 
|  76|0x00000000a5800000, 0x00000000a5800000, 0x00000000a5900000|  0%| F|  |TAMS 0x00000000a5800000, 0x00000000a5800000| Untracked 
|  77|0x00000000a5900000, 0x00000000a5a00000, 0x00000000a5a00000|100%|HS|  |TAMS 0x00000000a5a00000, 0x00000000a5900000| Complete 
|  78|0x00000000a5a00000, 0x00000000a5b00000, 0x00000000a5b00000|100%|HC|  |TAMS 0x00000000a5b00000, 0x00000000a5a00000| Complete 
|  79|0x00000000a5b00000, 0x00000000a5c00000, 0x00000000a5c00000|100%|HC|  |TAMS 0x00000000a5c00000, 0x00000000a5b00000| Complete 
|  80|0x00000000a5c00000, 0x00000000a5d00000, 0x00000000a5d00000|100%|HS|  |TAMS 0x00000000a5d00000, 0x00000000a5c00000| Complete 
|  81|0x00000000a5d00000, 0x00000000a5e00000, 0x00000000a5e00000|100%|HC|  |TAMS 0x00000000a5e00000, 0x00000000a5d00000| Complete 
|  82|0x00000000a5e00000, 0x00000000a5f00000, 0x00000000a5f00000|100%|HS|  |TAMS 0x00000000a5f00000, 0x00000000a5e00000| Complete 
|  83|0x00000000a5f00000, 0x00000000a6000000, 0x00000000a6000000|100%|HC|  |TAMS 0x00000000a6000000, 0x00000000a5f00000| Complete 
|  84|0x00000000a6000000, 0x00000000a6100000, 0x00000000a6100000|100%| O|  |TAMS 0x00000000a6100000, 0x00000000a6000000| Untracked 
|  85|0x00000000a6100000, 0x00000000a6200000, 0x00000000a6200000|100%| O|  |TAMS 0x00000000a6200000, 0x00000000a6100000| Untracked 
|  86|0x00000000a6200000, 0x00000000a6200000, 0x00000000a6300000|  0%| F|  |TAMS 0x00000000a6200000, 0x00000000a6200000| Untracked 
|  87|0x00000000a6300000, 0x00000000a6400000, 0x00000000a6400000|100%|HS|  |TAMS 0x00000000a6400000, 0x00000000a6300000| Complete 
|  88|0x00000000a6400000, 0x00000000a6500000, 0x00000000a6500000|100%|HC|  |TAMS 0x00000000a6500000, 0x00000000a6400000| Complete 
|  89|0x00000000a6500000, 0x00000000a6500000, 0x00000000a6600000|  0%| F|  |TAMS 0x00000000a6500000, 0x00000000a6500000| Untracked 
|  90|0x00000000a6600000, 0x00000000a6600000, 0x00000000a6700000|  0%| F|  |TAMS 0x00000000a6600000, 0x00000000a6600000| Untracked 
|  91|0x00000000a6700000, 0x00000000a6800000, 0x00000000a6800000|100%|HS|  |TAMS 0x00000000a6800000, 0x00000000a6700000| Complete 
|  92|0x00000000a6800000, 0x00000000a6900000, 0x00000000a6900000|100%|HC|  |TAMS 0x00000000a6900000, 0x00000000a6800000| Complete 
|  93|0x00000000a6900000, 0x00000000a6a00000, 0x00000000a6a00000|100%|HC|  |TAMS 0x00000000a6a00000, 0x00000000a6900000| Complete 
|  94|0x00000000a6a00000, 0x00000000a6b00000, 0x00000000a6b00000|100%|HC|  |TAMS 0x00000000a6b00000, 0x00000000a6a00000| Complete 
|  95|0x00000000a6b00000, 0x00000000a6c00000, 0x00000000a6c00000|100%|HC|  |TAMS 0x00000000a6c00000, 0x00000000a6b00000| Complete 
|  96|0x00000000a6c00000, 0x00000000a6d00000, 0x00000000a6d00000|100%|HC|  |TAMS 0x00000000a6d00000, 0x00000000a6c00000| Complete 
|  97|0x00000000a6d00000, 0x00000000a6e00000, 0x00000000a6e00000|100%|HC|  |TAMS 0x00000000a6e00000, 0x00000000a6d00000| Complete 
|  98|0x00000000a6e00000, 0x00000000a6f00000, 0x00000000a6f00000|100%|HC|  |TAMS 0x00000000a6f00000, 0x00000000a6e00000| Complete 
|  99|0x00000000a6f00000, 0x00000000a7000000, 0x00000000a7000000|100%|HC|  |TAMS 0x00000000a7000000, 0x00000000a6f00000| Complete 
| 100|0x00000000a7000000, 0x00000000a7100000, 0x00000000a7100000|100%|HC|  |TAMS 0x00000000a7100000, 0x00000000a7000000| Complete 
| 101|0x00000000a7100000, 0x00000000a7200000, 0x00000000a7200000|100%|HC|  |TAMS 0x00000000a7200000, 0x00000000a7100000| Complete 
| 102|0x00000000a7200000, 0x00000000a7300000, 0x00000000a7300000|100%|HC|  |TAMS 0x00000000a7300000, 0x00000000a7200000| Complete 
| 103|0x00000000a7300000, 0x00000000a7400000, 0x00000000a7400000|100%|HC|  |TAMS 0x00000000a7400000, 0x00000000a7300000| Complete 
| 104|0x00000000a7400000, 0x00000000a7500000, 0x00000000a7500000|100%|HC|  |TAMS 0x00000000a7500000, 0x00000000a7400000| Complete 
| 105|0x00000000a7500000, 0x00000000a7600000, 0x00000000a7600000|100%|HC|  |TAMS 0x00000000a7600000, 0x00000000a7500000| Complete 
| 106|0x00000000a7600000, 0x00000000a7700000, 0x00000000a7700000|100%|HC|  |TAMS 0x00000000a7700000, 0x00000000a7600000| Complete 
| 107|0x00000000a7700000, 0x00000000a7800000, 0x00000000a7800000|100%|HC|  |TAMS 0x00000000a7800000, 0x00000000a7700000| Complete 
| 108|0x00000000a7800000, 0x00000000a7900000, 0x00000000a7900000|100%|HS|  |TAMS 0x00000000a7900000, 0x00000000a7800000| Complete 
| 109|0x00000000a7900000, 0x00000000a7a00000, 0x00000000a7a00000|100%|HC|  |TAMS 0x00000000a7a00000, 0x00000000a7900000| Complete 
| 110|0x00000000a7a00000, 0x00000000a7b00000, 0x00000000a7b00000|100%|HC|  |TAMS 0x00000000a7b00000, 0x00000000a7a00000| Complete 
| 111|0x00000000a7b00000, 0x00000000a7c00000, 0x00000000a7c00000|100%|HC|  |TAMS 0x00000000a7c00000, 0x00000000a7b00000| Complete 
| 112|0x00000000a7c00000, 0x00000000a7d00000, 0x00000000a7d00000|100%|HC|  |TAMS 0x00000000a7d00000, 0x00000000a7c00000| Complete 
| 113|0x00000000a7d00000, 0x00000000a7e00000, 0x00000000a7e00000|100%|HC|  |TAMS 0x00000000a7e00000, 0x00000000a7d00000| Complete 
| 114|0x00000000a7e00000, 0x00000000a7f00000, 0x00000000a7f00000|100%|HC|  |TAMS 0x00000000a7f00000, 0x00000000a7e00000| Complete 
| 115|0x00000000a7f00000, 0x00000000a8000000, 0x00000000a8000000|100%|HC|  |TAMS 0x00000000a8000000, 0x00000000a7f00000| Complete 
| 116|0x00000000a8000000, 0x00000000a8100000, 0x00000000a8100000|100%|HC|  |TAMS 0x00000000a8100000, 0x00000000a8000000| Complete 
| 117|0x00000000a8100000, 0x00000000a8200000, 0x00000000a8200000|100%|HC|  |TAMS 0x00000000a8200000, 0x00000000a8100000| Complete 
| 118|0x00000000a8200000, 0x00000000a8300000, 0x00000000a8300000|100%|HC|  |TAMS 0x00000000a8300000, 0x00000000a8200000| Complete 
| 119|0x00000000a8300000, 0x00000000a8400000, 0x00000000a8400000|100%|HC|  |TAMS 0x00000000a8400000, 0x00000000a8300000| Complete 
| 120|0x00000000a8400000, 0x00000000a8500000, 0x00000000a8500000|100%|HC|  |TAMS 0x00000000a8500000, 0x00000000a8400000| Complete 
| 121|0x00000000a8500000, 0x00000000a8600000, 0x00000000a8600000|100%|HC|  |TAMS 0x00000000a8600000, 0x00000000a8500000| Complete 
| 122|0x00000000a8600000, 0x00000000a8700000, 0x00000000a8700000|100%|HS|  |TAMS 0x00000000a8700000, 0x00000000a8600000| Complete 
| 123|0x00000000a8700000, 0x00000000a8800000, 0x00000000a8800000|100%|HC|  |TAMS 0x00000000a8800000, 0x00000000a8700000| Complete 
| 124|0x00000000a8800000, 0x00000000a8800000, 0x00000000a8900000|  0%| F|  |TAMS 0x00000000a8800000, 0x00000000a8800000| Untracked 
| 125|0x00000000a8900000, 0x00000000a8900000, 0x00000000a8a00000|  0%| F|  |TAMS 0x00000000a8900000, 0x00000000a8900000| Untracked 
| 126|0x00000000a8a00000, 0x00000000a8a00000, 0x00000000a8b00000|  0%| F|  |TAMS 0x00000000a8a00000, 0x00000000a8a00000| Untracked 
| 127|0x00000000a8b00000, 0x00000000a8b00000, 0x00000000a8c00000|  0%| F|  |TAMS 0x00000000a8b00000, 0x00000000a8b00000| Untracked 
| 128|0x00000000a8c00000, 0x00000000a8c00000, 0x00000000a8d00000|  0%| F|  |TAMS 0x00000000a8c00000, 0x00000000a8c00000| Untracked 
| 129|0x00000000a8d00000, 0x00000000a8d00000, 0x00000000a8e00000|  0%| F|  |TAMS 0x00000000a8d00000, 0x00000000a8d00000| Untracked 
| 130|0x00000000a8e00000, 0x00000000a8e00000, 0x00000000a8f00000|  0%| F|  |TAMS 0x00000000a8e00000, 0x00000000a8e00000| Untracked 
| 131|0x00000000a8f00000, 0x00000000a8f00000, 0x00000000a9000000|  0%| F|  |TAMS 0x00000000a8f00000, 0x00000000a8f00000| Untracked 
| 132|0x00000000a9000000, 0x00000000a9000000, 0x00000000a9100000|  0%| F|  |TAMS 0x00000000a9000000, 0x00000000a9000000| Untracked 
| 133|0x00000000a9100000, 0x00000000a9100000, 0x00000000a9200000|  0%| F|  |TAMS 0x00000000a9100000, 0x00000000a9100000| Untracked 
| 134|0x00000000a9200000, 0x00000000a9200000, 0x00000000a9300000|  0%| F|  |TAMS 0x00000000a9200000, 0x00000000a9200000| Untracked 
| 135|0x00000000a9300000, 0x00000000a9300000, 0x00000000a9400000|  0%| F|  |TAMS 0x00000000a9300000, 0x00000000a9300000| Untracked 
| 136|0x00000000a9400000, 0x00000000a9400000, 0x00000000a9500000|  0%| F|  |TAMS 0x00000000a9400000, 0x00000000a9400000| Untracked 
| 137|0x00000000a9500000, 0x00000000a9500000, 0x00000000a9600000|  0%| F|  |TAMS 0x00000000a9500000, 0x00000000a9500000| Untracked 
| 138|0x00000000a9600000, 0x00000000a9600000, 0x00000000a9700000|  0%| F|  |TAMS 0x00000000a9600000, 0x00000000a9600000| Untracked 
| 139|0x00000000a9700000, 0x00000000a9700000, 0x00000000a9800000|  0%| F|  |TAMS 0x00000000a9700000, 0x00000000a9700000| Untracked 
| 140|0x00000000a9800000, 0x00000000a9800000, 0x00000000a9900000|  0%| F|  |TAMS 0x00000000a9800000, 0x00000000a9800000| Untracked 
| 141|0x00000000a9900000, 0x00000000a9900000, 0x00000000a9a00000|  0%| F|  |TAMS 0x00000000a9900000, 0x00000000a9900000| Untracked 
| 142|0x00000000a9a00000, 0x00000000a9a00000, 0x00000000a9b00000|  0%| F|  |TAMS 0x00000000a9a00000, 0x00000000a9a00000| Untracked 
| 143|0x00000000a9b00000, 0x00000000a9b00000, 0x00000000a9c00000|  0%| F|  |TAMS 0x00000000a9b00000, 0x00000000a9b00000| Untracked 
| 144|0x00000000a9c00000, 0x00000000a9c00000, 0x00000000a9d00000|  0%| F|  |TAMS 0x00000000a9c00000, 0x00000000a9c00000| Untracked 
| 145|0x00000000a9d00000, 0x00000000a9d00000, 0x00000000a9e00000|  0%| F|  |TAMS 0x00000000a9d00000, 0x00000000a9d00000| Untracked 
| 146|0x00000000a9e00000, 0x00000000a9e00000, 0x00000000a9f00000|  0%| F|  |TAMS 0x00000000a9e00000, 0x00000000a9e00000| Untracked 
| 147|0x00000000a9f00000, 0x00000000a9f00000, 0x00000000aa000000|  0%| F|  |TAMS 0x00000000a9f00000, 0x00000000a9f00000| Untracked 
| 148|0x00000000aa000000, 0x00000000aa000000, 0x00000000aa100000|  0%| F|  |TAMS 0x00000000aa000000, 0x00000000aa000000| Untracked 
| 149|0x00000000aa100000, 0x00000000aa100000, 0x00000000aa200000|  0%| F|  |TAMS 0x00000000aa100000, 0x00000000aa100000| Untracked 
| 150|0x00000000aa200000, 0x00000000aa200000, 0x00000000aa300000|  0%| F|  |TAMS 0x00000000aa200000, 0x00000000aa200000| Untracked 
| 151|0x00000000aa300000, 0x00000000aa300000, 0x00000000aa400000|  0%| F|  |TAMS 0x00000000aa300000, 0x00000000aa300000| Untracked 
| 152|0x00000000aa400000, 0x00000000aa400000, 0x00000000aa500000|  0%| F|  |TAMS 0x00000000aa400000, 0x00000000aa400000| Untracked 
| 153|0x00000000aa500000, 0x00000000aa500000, 0x00000000aa600000|  0%| F|  |TAMS 0x00000000aa500000, 0x00000000aa500000| Untracked 
| 154|0x00000000aa600000, 0x00000000aa600000, 0x00000000aa700000|  0%| F|  |TAMS 0x00000000aa600000, 0x00000000aa600000| Untracked 
| 155|0x00000000aa700000, 0x00000000aa700000, 0x00000000aa800000|  0%| F|  |TAMS 0x00000000aa700000, 0x00000000aa700000| Untracked 
| 156|0x00000000aa800000, 0x00000000aa800000, 0x00000000aa900000|  0%| F|  |TAMS 0x00000000aa800000, 0x00000000aa800000| Untracked 
| 157|0x00000000aa900000, 0x00000000aa900000, 0x00000000aaa00000|  0%| F|  |TAMS 0x00000000aa900000, 0x00000000aa900000| Untracked 
| 158|0x00000000aaa00000, 0x00000000aaa00000, 0x00000000aab00000|  0%| F|  |TAMS 0x00000000aaa00000, 0x00000000aaa00000| Untracked 
| 159|0x00000000aab00000, 0x00000000aab00000, 0x00000000aac00000|  0%| F|  |TAMS 0x00000000aab00000, 0x00000000aab00000| Untracked 
| 160|0x00000000aac00000, 0x00000000aac00000, 0x00000000aad00000|  0%| F|  |TAMS 0x00000000aac00000, 0x00000000aac00000| Untracked 
| 161|0x00000000aad00000, 0x00000000aad00000, 0x00000000aae00000|  0%| F|  |TAMS 0x00000000aad00000, 0x00000000aad00000| Untracked 
| 162|0x00000000aae00000, 0x00000000aae00000, 0x00000000aaf00000|  0%| F|  |TAMS 0x00000000aae00000, 0x00000000aae00000| Untracked 
| 163|0x00000000aaf00000, 0x00000000aaf00000, 0x00000000ab000000|  0%| F|  |TAMS 0x00000000aaf00000, 0x00000000aaf00000| Untracked 
| 164|0x00000000ab000000, 0x00000000ab000000, 0x00000000ab100000|  0%| F|  |TAMS 0x00000000ab000000, 0x00000000ab000000| Untracked 
| 165|0x00000000ab100000, 0x00000000ab100000, 0x00000000ab200000|  0%| F|  |TAMS 0x00000000ab100000, 0x00000000ab100000| Untracked 
| 166|0x00000000ab200000, 0x00000000ab200000, 0x00000000ab300000|  0%| F|  |TAMS 0x00000000ab200000, 0x00000000ab200000| Untracked 
| 167|0x00000000ab300000, 0x00000000ab300000, 0x00000000ab400000|  0%| F|  |TAMS 0x00000000ab300000, 0x00000000ab300000| Untracked 
| 168|0x00000000ab400000, 0x00000000ab400000, 0x00000000ab500000|  0%| F|  |TAMS 0x00000000ab400000, 0x00000000ab400000| Untracked 
| 169|0x00000000ab500000, 0x00000000ab500000, 0x00000000ab600000|  0%| F|  |TAMS 0x00000000ab500000, 0x00000000ab500000| Untracked 
| 170|0x00000000ab600000, 0x00000000ab600000, 0x00000000ab700000|  0%| F|  |TAMS 0x00000000ab600000, 0x00000000ab600000| Untracked 
| 171|0x00000000ab700000, 0x00000000ab700000, 0x00000000ab800000|  0%| F|  |TAMS 0x00000000ab700000, 0x00000000ab700000| Untracked 
| 172|0x00000000ab800000, 0x00000000ab800000, 0x00000000ab900000|  0%| F|  |TAMS 0x00000000ab800000, 0x00000000ab800000| Untracked 
| 173|0x00000000ab900000, 0x00000000ab900000, 0x00000000aba00000|  0%| F|  |TAMS 0x00000000ab900000, 0x00000000ab900000| Untracked 
| 174|0x00000000aba00000, 0x00000000aba00000, 0x00000000abb00000|  0%| F|  |TAMS 0x00000000aba00000, 0x00000000aba00000| Untracked 
| 175|0x00000000abb00000, 0x00000000abb00000, 0x00000000abc00000|  0%| F|  |TAMS 0x00000000abb00000, 0x00000000abb00000| Untracked 
| 176|0x00000000abc00000, 0x00000000abc00000, 0x00000000abd00000|  0%| F|  |TAMS 0x00000000abc00000, 0x00000000abc00000| Untracked 
| 177|0x00000000abd00000, 0x00000000abd00000, 0x00000000abe00000|  0%| F|  |TAMS 0x00000000abd00000, 0x00000000abd00000| Untracked 
| 178|0x00000000abe00000, 0x00000000abe00000, 0x00000000abf00000|  0%| F|  |TAMS 0x00000000abe00000, 0x00000000abe00000| Untracked 
| 179|0x00000000abf00000, 0x00000000abf00000, 0x00000000ac000000|  0%| F|  |TAMS 0x00000000abf00000, 0x00000000abf00000| Untracked 
| 180|0x00000000ac000000, 0x00000000ac000000, 0x00000000ac100000|  0%| F|  |TAMS 0x00000000ac000000, 0x00000000ac000000| Untracked 
| 181|0x00000000ac100000, 0x00000000ac100000, 0x00000000ac200000|  0%| F|  |TAMS 0x00000000ac100000, 0x00000000ac100000| Untracked 
| 182|0x00000000ac200000, 0x00000000ac200000, 0x00000000ac300000|  0%| F|  |TAMS 0x00000000ac200000, 0x00000000ac200000| Untracked 
| 183|0x00000000ac300000, 0x00000000ac300000, 0x00000000ac400000|  0%| F|  |TAMS 0x00000000ac300000, 0x00000000ac300000| Untracked 
| 184|0x00000000ac400000, 0x00000000ac400000, 0x00000000ac500000|  0%| F|  |TAMS 0x00000000ac400000, 0x00000000ac400000| Untracked 
| 185|0x00000000ac500000, 0x00000000ac500000, 0x00000000ac600000|  0%| F|  |TAMS 0x00000000ac500000, 0x00000000ac500000| Untracked 
| 186|0x00000000ac600000, 0x00000000ac600000, 0x00000000ac700000|  0%| F|  |TAMS 0x00000000ac600000, 0x00000000ac600000| Untracked 
| 187|0x00000000ac700000, 0x00000000ac700000, 0x00000000ac800000|  0%| F|  |TAMS 0x00000000ac700000, 0x00000000ac700000| Untracked 
| 188|0x00000000ac800000, 0x00000000ac800000, 0x00000000ac900000|  0%| F|  |TAMS 0x00000000ac800000, 0x00000000ac800000| Untracked 
| 189|0x00000000ac900000, 0x00000000ac900000, 0x00000000aca00000|  0%| F|  |TAMS 0x00000000ac900000, 0x00000000ac900000| Untracked 
| 190|0x00000000aca00000, 0x00000000aca00000, 0x00000000acb00000|  0%| F|  |TAMS 0x00000000aca00000, 0x00000000aca00000| Untracked 
| 191|0x00000000acb00000, 0x00000000acb00000, 0x00000000acc00000|  0%| F|  |TAMS 0x00000000acb00000, 0x00000000acb00000| Untracked 
| 192|0x00000000acc00000, 0x00000000acc00000, 0x00000000acd00000|  0%| F|  |TAMS 0x00000000acc00000, 0x00000000acc00000| Untracked 
| 193|0x00000000acd00000, 0x00000000acd00000, 0x00000000ace00000|  0%| F|  |TAMS 0x00000000acd00000, 0x00000000acd00000| Untracked 
| 194|0x00000000ace00000, 0x00000000ace00000, 0x00000000acf00000|  0%| F|  |TAMS 0x00000000ace00000, 0x00000000ace00000| Untracked 
| 195|0x00000000acf00000, 0x00000000acf00000, 0x00000000ad000000|  0%| F|  |TAMS 0x00000000acf00000, 0x00000000acf00000| Untracked 
| 196|0x00000000ad000000, 0x00000000ad000000, 0x00000000ad100000|  0%| F|  |TAMS 0x00000000ad000000, 0x00000000ad000000| Untracked 
| 197|0x00000000ad100000, 0x00000000ad100000, 0x00000000ad200000|  0%| F|  |TAMS 0x00000000ad100000, 0x00000000ad100000| Untracked 
| 198|0x00000000ad200000, 0x00000000ad200000, 0x00000000ad300000|  0%| F|  |TAMS 0x00000000ad200000, 0x00000000ad200000| Untracked 
| 199|0x00000000ad300000, 0x00000000ad300000, 0x00000000ad400000|  0%| F|  |TAMS 0x00000000ad300000, 0x00000000ad300000| Untracked 
| 200|0x00000000ad400000, 0x00000000ad400000, 0x00000000ad500000|  0%| F|  |TAMS 0x00000000ad400000, 0x00000000ad400000| Untracked 
| 201|0x00000000ad500000, 0x00000000ad500000, 0x00000000ad600000|  0%| F|  |TAMS 0x00000000ad500000, 0x00000000ad500000| Untracked 
| 202|0x00000000ad600000, 0x00000000ad600000, 0x00000000ad700000|  0%| F|  |TAMS 0x00000000ad600000, 0x00000000ad600000| Untracked 
| 203|0x00000000ad700000, 0x00000000ad700000, 0x00000000ad800000|  0%| F|  |TAMS 0x00000000ad700000, 0x00000000ad700000| Untracked 
| 204|0x00000000ad800000, 0x00000000ad800000, 0x00000000ad900000|  0%| F|  |TAMS 0x00000000ad800000, 0x00000000ad800000| Untracked 
| 205|0x00000000ad900000, 0x00000000ad900000, 0x00000000ada00000|  0%| F|  |TAMS 0x00000000ad900000, 0x00000000ad900000| Untracked 
| 206|0x00000000ada00000, 0x00000000ada00000, 0x00000000adb00000|  0%| F|  |TAMS 0x00000000ada00000, 0x00000000ada00000| Untracked 
| 207|0x00000000adb00000, 0x00000000adb00000, 0x00000000adc00000|  0%| F|  |TAMS 0x00000000adb00000, 0x00000000adb00000| Untracked 
| 208|0x00000000adc00000, 0x00000000adc00000, 0x00000000add00000|  0%| F|  |TAMS 0x00000000adc00000, 0x00000000adc00000| Untracked 
| 209|0x00000000add00000, 0x00000000add00000, 0x00000000ade00000|  0%| F|  |TAMS 0x00000000add00000, 0x00000000add00000| Untracked 
| 210|0x00000000ade00000, 0x00000000ade00000, 0x00000000adf00000|  0%| F|  |TAMS 0x00000000ade00000, 0x00000000ade00000| Untracked 
| 211|0x00000000adf00000, 0x00000000adf00000, 0x00000000ae000000|  0%| F|  |TAMS 0x00000000adf00000, 0x00000000adf00000| Untracked 
| 212|0x00000000ae000000, 0x00000000ae000000, 0x00000000ae100000|  0%| F|  |TAMS 0x00000000ae000000, 0x00000000ae000000| Untracked 
| 213|0x00000000ae100000, 0x00000000ae100000, 0x00000000ae200000|  0%| F|  |TAMS 0x00000000ae100000, 0x00000000ae100000| Untracked 
| 214|0x00000000ae200000, 0x00000000ae200000, 0x00000000ae300000|  0%| F|  |TAMS 0x00000000ae200000, 0x00000000ae200000| Untracked 
| 215|0x00000000ae300000, 0x00000000ae300000, 0x00000000ae400000|  0%| F|  |TAMS 0x00000000ae300000, 0x00000000ae300000| Untracked 
| 216|0x00000000ae400000, 0x00000000ae400000, 0x00000000ae500000|  0%| F|  |TAMS 0x00000000ae400000, 0x00000000ae400000| Untracked 
| 217|0x00000000ae500000, 0x00000000ae500000, 0x00000000ae600000|  0%| F|  |TAMS 0x00000000ae500000, 0x00000000ae500000| Untracked 
| 218|0x00000000ae600000, 0x00000000ae600000, 0x00000000ae700000|  0%| F|  |TAMS 0x00000000ae600000, 0x00000000ae600000| Untracked 
| 219|0x00000000ae700000, 0x00000000ae700000, 0x00000000ae800000|  0%| F|  |TAMS 0x00000000ae700000, 0x00000000ae700000| Untracked 
| 220|0x00000000ae800000, 0x00000000ae800000, 0x00000000ae900000|  0%| F|  |TAMS 0x00000000ae800000, 0x00000000ae800000| Untracked 
| 221|0x00000000ae900000, 0x00000000ae900000, 0x00000000aea00000|  0%| F|  |TAMS 0x00000000ae900000, 0x00000000ae900000| Untracked 
| 222|0x00000000aea00000, 0x00000000aea00000, 0x00000000aeb00000|  0%| F|  |TAMS 0x00000000aea00000, 0x00000000aea00000| Untracked 
| 223|0x00000000aeb00000, 0x00000000aeb00000, 0x00000000aec00000|  0%| F|  |TAMS 0x00000000aeb00000, 0x00000000aeb00000| Untracked 
| 224|0x00000000aec00000, 0x00000000aec00000, 0x00000000aed00000|  0%| F|  |TAMS 0x00000000aec00000, 0x00000000aec00000| Untracked 
| 225|0x00000000aed00000, 0x00000000aed00000, 0x00000000aee00000|  0%| F|  |TAMS 0x00000000aed00000, 0x00000000aed00000| Untracked 
| 226|0x00000000aee00000, 0x00000000aee00000, 0x00000000aef00000|  0%| F|  |TAMS 0x00000000aee00000, 0x00000000aee00000| Untracked 
| 227|0x00000000aef00000, 0x00000000aef00000, 0x00000000af000000|  0%| F|  |TAMS 0x00000000aef00000, 0x00000000aef00000| Untracked 
| 228|0x00000000af000000, 0x00000000af000000, 0x00000000af100000|  0%| F|  |TAMS 0x00000000af000000, 0x00000000af000000| Untracked 
| 229|0x00000000af100000, 0x00000000af100000, 0x00000000af200000|  0%| F|  |TAMS 0x00000000af100000, 0x00000000af100000| Untracked 
| 230|0x00000000af200000, 0x00000000af200000, 0x00000000af300000|  0%| F|  |TAMS 0x00000000af200000, 0x00000000af200000| Untracked 
| 231|0x00000000af300000, 0x00000000af300000, 0x00000000af400000|  0%| F|  |TAMS 0x00000000af300000, 0x00000000af300000| Untracked 
| 232|0x00000000af400000, 0x00000000af400000, 0x00000000af500000|  0%| F|  |TAMS 0x00000000af400000, 0x00000000af400000| Untracked 
| 233|0x00000000af500000, 0x00000000af500000, 0x00000000af600000|  0%| F|  |TAMS 0x00000000af500000, 0x00000000af500000| Untracked 
| 234|0x00000000af600000, 0x00000000af600000, 0x00000000af700000|  0%| F|  |TAMS 0x00000000af600000, 0x00000000af600000| Untracked 
| 235|0x00000000af700000, 0x00000000af700000, 0x00000000af800000|  0%| F|  |TAMS 0x00000000af700000, 0x00000000af700000| Untracked 
| 236|0x00000000af800000, 0x00000000af800000, 0x00000000af900000|  0%| F|  |TAMS 0x00000000af800000, 0x00000000af800000| Untracked 
| 237|0x00000000af900000, 0x00000000af900000, 0x00000000afa00000|  0%| F|  |TAMS 0x00000000af900000, 0x00000000af900000| Untracked 
| 238|0x00000000afa00000, 0x00000000afa00000, 0x00000000afb00000|  0%| F|  |TAMS 0x00000000afa00000, 0x00000000afa00000| Untracked 
| 239|0x00000000afb00000, 0x00000000afb00000, 0x00000000afc00000|  0%| F|  |TAMS 0x00000000afb00000, 0x00000000afb00000| Untracked 
| 240|0x00000000afc00000, 0x00000000afc00000, 0x00000000afd00000|  0%| F|  |TAMS 0x00000000afc00000, 0x00000000afc00000| Untracked 
| 241|0x00000000afd00000, 0x00000000afd00000, 0x00000000afe00000|  0%| F|  |TAMS 0x00000000afd00000, 0x00000000afd00000| Untracked 
| 242|0x00000000afe00000, 0x00000000afe00000, 0x00000000aff00000|  0%| F|  |TAMS 0x00000000afe00000, 0x00000000afe00000| Untracked 
| 243|0x00000000aff00000, 0x00000000aff00000, 0x00000000b0000000|  0%| F|  |TAMS 0x00000000aff00000, 0x00000000aff00000| Untracked 
| 244|0x00000000b0000000, 0x00000000b0000000, 0x00000000b0100000|  0%| F|  |TAMS 0x00000000b0000000, 0x00000000b0000000| Untracked 
| 245|0x00000000b0100000, 0x00000000b0100000, 0x00000000b0200000|  0%| F|  |TAMS 0x00000000b0100000, 0x00000000b0100000| Untracked 
| 246|0x00000000b0200000, 0x00000000b0200000, 0x00000000b0300000|  0%| F|  |TAMS 0x00000000b0200000, 0x00000000b0200000| Untracked 
| 247|0x00000000b0300000, 0x00000000b0300000, 0x00000000b0400000|  0%| F|  |TAMS 0x00000000b0300000, 0x00000000b0300000| Untracked 
| 248|0x00000000b0400000, 0x00000000b0400000, 0x00000000b0500000|  0%| F|  |TAMS 0x00000000b0400000, 0x00000000b0400000| Untracked 
| 249|0x00000000b0500000, 0x00000000b0500000, 0x00000000b0600000|  0%| F|  |TAMS 0x00000000b0500000, 0x00000000b0500000| Untracked 
| 250|0x00000000b0600000, 0x00000000b0600000, 0x00000000b0700000|  0%| F|  |TAMS 0x00000000b0600000, 0x00000000b0600000| Untracked 
| 251|0x00000000b0700000, 0x00000000b0700000, 0x00000000b0800000|  0%| F|  |TAMS 0x00000000b0700000, 0x00000000b0700000| Untracked 
| 252|0x00000000b0800000, 0x00000000b0800000, 0x00000000b0900000|  0%| F|  |TAMS 0x00000000b0800000, 0x00000000b0800000| Untracked 
| 253|0x00000000b0900000, 0x00000000b0900000, 0x00000000b0a00000|  0%| F|  |TAMS 0x00000000b0900000, 0x00000000b0900000| Untracked 
| 254|0x00000000b0a00000, 0x00000000b0a00000, 0x00000000b0b00000|  0%| F|  |TAMS 0x00000000b0a00000, 0x00000000b0a00000| Untracked 
| 255|0x00000000b0b00000, 0x00000000b0b00000, 0x00000000b0c00000|  0%| F|  |TAMS 0x00000000b0b00000, 0x00000000b0b00000| Untracked 
| 256|0x00000000b0c00000, 0x00000000b0c00000, 0x00000000b0d00000|  0%| F|  |TAMS 0x00000000b0c00000, 0x00000000b0c00000| Untracked 
| 257|0x00000000b0d00000, 0x00000000b0d00000, 0x00000000b0e00000|  0%| F|  |TAMS 0x00000000b0d00000, 0x00000000b0d00000| Untracked 
| 258|0x00000000b0e00000, 0x00000000b0e00000, 0x00000000b0f00000|  0%| F|  |TAMS 0x00000000b0e00000, 0x00000000b0e00000| Untracked 
| 259|0x00000000b0f00000, 0x00000000b0f00000, 0x00000000b1000000|  0%| F|  |TAMS 0x00000000b0f00000, 0x00000000b0f00000| Untracked 
| 260|0x00000000b1000000, 0x00000000b1000000, 0x00000000b1100000|  0%| F|  |TAMS 0x00000000b1000000, 0x00000000b1000000| Untracked 
| 261|0x00000000b1100000, 0x00000000b1100000, 0x00000000b1200000|  0%| F|  |TAMS 0x00000000b1100000, 0x00000000b1100000| Untracked 
| 262|0x00000000b1200000, 0x00000000b1200000, 0x00000000b1300000|  0%| F|  |TAMS 0x00000000b1200000, 0x00000000b1200000| Untracked 
| 263|0x00000000b1300000, 0x00000000b1300000, 0x00000000b1400000|  0%| F|  |TAMS 0x00000000b1300000, 0x00000000b1300000| Untracked 
| 264|0x00000000b1400000, 0x00000000b1400000, 0x00000000b1500000|  0%| F|  |TAMS 0x00000000b1400000, 0x00000000b1400000| Untracked 
| 265|0x00000000b1500000, 0x00000000b1500000, 0x00000000b1600000|  0%| F|  |TAMS 0x00000000b1500000, 0x00000000b1500000| Untracked 
| 266|0x00000000b1600000, 0x00000000b1600000, 0x00000000b1700000|  0%| F|  |TAMS 0x00000000b1600000, 0x00000000b1600000| Untracked 
| 267|0x00000000b1700000, 0x00000000b1700000, 0x00000000b1800000|  0%| F|  |TAMS 0x00000000b1700000, 0x00000000b1700000| Untracked 
| 268|0x00000000b1800000, 0x00000000b1800000, 0x00000000b1900000|  0%| F|  |TAMS 0x00000000b1800000, 0x00000000b1800000| Untracked 
| 269|0x00000000b1900000, 0x00000000b1900000, 0x00000000b1a00000|  0%| F|  |TAMS 0x00000000b1900000, 0x00000000b1900000| Untracked 
| 270|0x00000000b1a00000, 0x00000000b1a00000, 0x00000000b1b00000|  0%| F|  |TAMS 0x00000000b1a00000, 0x00000000b1a00000| Untracked 
| 271|0x00000000b1b00000, 0x00000000b1b00000, 0x00000000b1c00000|  0%| F|  |TAMS 0x00000000b1b00000, 0x00000000b1b00000| Untracked 
| 272|0x00000000b1c00000, 0x00000000b1c00000, 0x00000000b1d00000|  0%| F|  |TAMS 0x00000000b1c00000, 0x00000000b1c00000| Untracked 
| 273|0x00000000b1d00000, 0x00000000b1d00000, 0x00000000b1e00000|  0%| F|  |TAMS 0x00000000b1d00000, 0x00000000b1d00000| Untracked 
| 274|0x00000000b1e00000, 0x00000000b1e00000, 0x00000000b1f00000|  0%| F|  |TAMS 0x00000000b1e00000, 0x00000000b1e00000| Untracked 
| 275|0x00000000b1f00000, 0x00000000b1f00000, 0x00000000b2000000|  0%| F|  |TAMS 0x00000000b1f00000, 0x00000000b1f00000| Untracked 
| 276|0x00000000b2000000, 0x00000000b2000000, 0x00000000b2100000|  0%| F|  |TAMS 0x00000000b2000000, 0x00000000b2000000| Untracked 
| 277|0x00000000b2100000, 0x00000000b2100000, 0x00000000b2200000|  0%| F|  |TAMS 0x00000000b2100000, 0x00000000b2100000| Untracked 
| 278|0x00000000b2200000, 0x00000000b2200000, 0x00000000b2300000|  0%| F|  |TAMS 0x00000000b2200000, 0x00000000b2200000| Untracked 
| 279|0x00000000b2300000, 0x00000000b2300000, 0x00000000b2400000|  0%| F|  |TAMS 0x00000000b2300000, 0x00000000b2300000| Untracked 
| 280|0x00000000b2400000, 0x00000000b2400000, 0x00000000b2500000|  0%| F|  |TAMS 0x00000000b2400000, 0x00000000b2400000| Untracked 
| 281|0x00000000b2500000, 0x00000000b2500000, 0x00000000b2600000|  0%| F|  |TAMS 0x00000000b2500000, 0x00000000b2500000| Untracked 
| 282|0x00000000b2600000, 0x00000000b2600000, 0x00000000b2700000|  0%| F|  |TAMS 0x00000000b2600000, 0x00000000b2600000| Untracked 
| 283|0x00000000b2700000, 0x00000000b2700000, 0x00000000b2800000|  0%| F|  |TAMS 0x00000000b2700000, 0x00000000b2700000| Untracked 
| 284|0x00000000b2800000, 0x00000000b2800000, 0x00000000b2900000|  0%| F|  |TAMS 0x00000000b2800000, 0x00000000b2800000| Untracked 
| 285|0x00000000b2900000, 0x00000000b2900000, 0x00000000b2a00000|  0%| F|  |TAMS 0x00000000b2900000, 0x00000000b2900000| Untracked 
| 286|0x00000000b2a00000, 0x00000000b2a00000, 0x00000000b2b00000|  0%| F|  |TAMS 0x00000000b2a00000, 0x00000000b2a00000| Untracked 
| 287|0x00000000b2b00000, 0x00000000b2ba7a18, 0x00000000b2c00000| 65%| S|CS|TAMS 0x00000000b2b00000, 0x00000000b2b00000| Complete 
| 288|0x00000000b2c00000, 0x00000000b2d00000, 0x00000000b2d00000|100%| S|CS|TAMS 0x00000000b2c00000, 0x00000000b2c00000| Complete 
| 289|0x00000000b2d00000, 0x00000000b2e00000, 0x00000000b2e00000|100%| S|CS|TAMS 0x00000000b2d00000, 0x00000000b2d00000| Complete 
| 290|0x00000000b2e00000, 0x00000000b2f00000, 0x00000000b2f00000|100%| S|CS|TAMS 0x00000000b2e00000, 0x00000000b2e00000| Complete 
| 291|0x00000000b2f00000, 0x00000000b3000000, 0x00000000b3000000|100%| S|CS|TAMS 0x00000000b2f00000, 0x00000000b2f00000| Complete 
| 292|0x00000000b3000000, 0x00000000b3000000, 0x00000000b3100000|  0%| F|  |TAMS 0x00000000b3000000, 0x00000000b3000000| Untracked 
| 293|0x00000000b3100000, 0x00000000b3100000, 0x00000000b3200000|  0%| F|  |TAMS 0x00000000b3100000, 0x00000000b3100000| Untracked 
| 294|0x00000000b3200000, 0x00000000b3200000, 0x00000000b3300000|  0%| F|  |TAMS 0x00000000b3200000, 0x00000000b3200000| Untracked 
| 295|0x00000000b3300000, 0x00000000b3300000, 0x00000000b3400000|  0%| F|  |TAMS 0x00000000b3300000, 0x00000000b3300000| Untracked 
| 296|0x00000000b3400000, 0x00000000b3400000, 0x00000000b3500000|  0%| F|  |TAMS 0x00000000b3400000, 0x00000000b3400000| Untracked 
| 297|0x00000000b3500000, 0x00000000b3500000, 0x00000000b3600000|  0%| F|  |TAMS 0x00000000b3500000, 0x00000000b3500000| Untracked 
| 298|0x00000000b3600000, 0x00000000b3600000, 0x00000000b3700000|  0%| F|  |TAMS 0x00000000b3600000, 0x00000000b3600000| Untracked 
| 299|0x00000000b3700000, 0x00000000b3700000, 0x00000000b3800000|  0%| F|  |TAMS 0x00000000b3700000, 0x00000000b3700000| Untracked 
| 300|0x00000000b3800000, 0x00000000b3800000, 0x00000000b3900000|  0%| F|  |TAMS 0x00000000b3800000, 0x00000000b3800000| Untracked 
| 301|0x00000000b3900000, 0x00000000b3900000, 0x00000000b3a00000|  0%| F|  |TAMS 0x00000000b3900000, 0x00000000b3900000| Untracked 
| 302|0x00000000b3a00000, 0x00000000b3ac69c8, 0x00000000b3b00000| 77%| E|  |TAMS 0x00000000b3a00000, 0x00000000b3a00000| Complete 
| 303|0x00000000b3b00000, 0x00000000b3c00000, 0x00000000b3c00000|100%| E|CS|TAMS 0x00000000b3b00000, 0x00000000b3b00000| Complete 
| 304|0x00000000b3c00000, 0x00000000b3d00000, 0x00000000b3d00000|100%| S|CS|TAMS 0x00000000b3c00000, 0x00000000b3c00000| Complete 
| 305|0x00000000b3d00000, 0x00000000b3e00000, 0x00000000b3e00000|100%| S|CS|TAMS 0x00000000b3d00000, 0x00000000b3d00000| Complete 
| 306|0x00000000b3e00000, 0x00000000b3f00000, 0x00000000b3f00000|100%| E|CS|TAMS 0x00000000b3e00000, 0x00000000b3e00000| Complete 
| 307|0x00000000b3f00000, 0x00000000b4000000, 0x00000000b4000000|100%| E|CS|TAMS 0x00000000b3f00000, 0x00000000b3f00000| Complete 
| 308|0x00000000b4000000, 0x00000000b4100000, 0x00000000b4100000|100%| E|CS|TAMS 0x00000000b4000000, 0x00000000b4000000| Complete 
| 309|0x00000000b4100000, 0x00000000b4200000, 0x00000000b4200000|100%| E|CS|TAMS 0x00000000b4100000, 0x00000000b4100000| Complete 

Card table byte_map: [0x0000023259860000,0x0000023259b60000] _byte_map_base: 0x000002325935a000

Marking Bits (Prev, Next): (CMBitMap*) 0x0000023246ad3e70, (CMBitMap*) 0x0000023246ad3e30
 Prev Bits: [0x000002325b630000, 0x000002325ce00000)
 Next Bits: [0x0000023259e60000, 0x000002325b630000)

Polling page: 0x00000232449e0000

Metaspace:

Usage:
  Non-class:     38.21 MB used.
      Class:      5.41 MB used.
       Both:     43.62 MB used.

Virtual space:
  Non-class space:       64.00 MB reserved,      38.38 MB ( 60%) committed,  1 nodes.
      Class space:        1.00 GB reserved,       5.62 MB ( <1%) committed,  1 nodes.
             Both:        1.06 GB reserved,      44.00 MB (  4%) committed. 

Chunk freelists:
   Non-Class:  9.44 MB
       Class:  10.41 MB
        Both:  19.86 MB

MaxMetaspaceSize: unlimited
CompressedClassSpaceSize: 1.00 GB
Initial GC threshold: 21.00 MB
Current GC threshold: 73.38 MB
CDS: off
MetaspaceReclaimPolicy: balanced
 - commit_granule_bytes: 65536.
 - commit_granule_words: 8192.
 - virtual_space_node_default_size: 8388608.
 - enlarge_chunks_in_place: 1.
 - new_chunks_are_fully_committed: 0.
 - uncommit_free_chunks: 1.
 - use_allocation_guard: 0.
 - handle_deallocations: 1.


Internal statistics:

num_allocs_failed_limit: 3.
num_arena_births: 546.
num_arena_deaths: 0.
num_vsnodes_births: 2.
num_vsnodes_deaths: 0.
num_space_committed: 704.
num_space_uncommitted: 0.
num_chunks_returned_to_freelist: 3.
num_chunks_taken_from_freelist: 1704.
num_chunk_merges: 3.
num_chunk_splits: 1099.
num_chunks_enlarged: 743.
num_inconsistent_stats: 0.

CodeHeap 'non-profiled nmethods': size=120000Kb used=3503Kb max_used=3503Kb free=116496Kb
 bounds [0x0000023251d00000, 0x0000023252070000, 0x0000023259230000]
CodeHeap 'profiled nmethods': size=120000Kb used=15547Kb max_used=15547Kb free=104452Kb
 bounds [0x000002324a230000, 0x000002324b160000, 0x0000023251760000]
CodeHeap 'non-nmethods': size=5760Kb used=1591Kb max_used=1631Kb free=4169Kb
 bounds [0x0000023251760000, 0x00000232519d0000, 0x0000023251d00000]
 total_blobs=8232 nmethods=7239 adapters=904
 compilation: enabled
              stopped_count=0, restarted_count=0
 full_count=0

Compilation events (20 events):
Event: 109.147 Thread 0x000002325f9f8500 nmethod 8139 0x0000023252066e90 code [0x0000023252067020, 0x0000023252067238]
Event: 109.147 Thread 0x000002325f9f8500 8135       4       java.util.logging.Logger::log (33 bytes)
Event: 109.148 Thread 0x000002325f9f8500 nmethod 8135 0x0000023252067510 code [0x0000023252067680, 0x0000023252067758]
Event: 109.148 Thread 0x000002325f9f8500 8140       4       com.sun.marlin.RendererNoAA::copyAARow (100 bytes)
Event: 109.162 Thread 0x000002325f9f8500 nmethod 8140 0x0000023252067890 code [0x0000023252067a40, 0x0000023252068168]
Event: 109.172 Thread 0x000002325f9f8500 8142       4       jdk.internal.net.http.common.Utils::isValidName (52 bytes)
Event: 109.175 Thread 0x000002325f9f8500 nmethod 8142 0x0000023252068690 code [0x0000023252068820, 0x0000023252068a08]
Event: 109.176 Thread 0x000002325f9f8500 8143       4       java.util.TreeMap::fixAfterInsertion (267 bytes)
Event: 109.219 Thread 0x000002325f9f8500 nmethod 8143 0x0000023252068c10 code [0x0000023252068dc0, 0x000002325206aad8]
Event: 109.219 Thread 0x000002325f9f8500 8144       4       com.sun.crypto.provider.GaloisCounterMode$GCMDecrypt::doFinal (512 bytes)
Event: 109.234 Thread 0x000002325f9f8b10 8145       3       java.util.concurrent.ThreadLocalRandom::getProbe (13 bytes)
Event: 109.235 Thread 0x000002325f9f8b10 nmethod 8145 0x000002324a93dc10 code [0x000002324a93dda0, 0x000002324a93deb8]
Event: 109.279 Thread 0x000002325f9f8b10 8150       3       java.util.ArrayList$ArrayListSpliterator::forEachRemaining (127 bytes)
Event: 109.279 Thread 0x000002325f9f8b10 nmethod 8150 0x000002324b12cf10 code [0x000002324b12d100, 0x000002324b12d708]
Event: 109.288 Thread 0x000002325f9f8b10 8151       3       java.nio.DirectByteBuffer$Deallocator::run (38 bytes)
Event: 109.289 Thread 0x000002325f9f8b10 nmethod 8151 0x000002324b12d990 code [0x000002324b12db80, 0x000002324b12dfa8]
Event: 109.289 Thread 0x000002325f9f8b10 8152  s    3       jdk.internal.ref.Cleaner::remove (89 bytes)
Event: 109.289 Thread 0x000002325f9f8b10 nmethod 8152 0x000002324b12e110 code [0x000002324b12e2e0, 0x000002324b12e898]
Event: 109.311 Thread 0x000002325f9f8b10 8157       3       com.sun.javafx.webkit.prism.WCImageDecoderImpl$Frame::getSize (32 bytes)
Event: 109.311 Thread 0x000002325f9f8b10 nmethod 8157 0x000002324b12ea10 code [0x000002324b12ebe0, 0x000002324b12f068]

GC Heap History (20 events):
Event: 82.074 GC heap before
{Heap before GC invocations=47 (full 0):
 garbage-first heap   total 317440K, used 153235K [0x00000000a0c00000, 0x0000000100000000)
  region size 1024K, 2 young (2048K), 1 survivors (1024K)
 Metaspace       used 32672K, committed 32960K, reserved 1114112K
  class space    used 4130K, committed 4288K, reserved 1048576K
}
Event: 82.075 GC heap after
{Heap after GC invocations=48 (full 0):
 garbage-first heap   total 317440K, used 145057K [0x00000000a0c00000, 0x0000000100000000)
  region size 1024K, 1 young (1024K), 1 survivors (1024K)
 Metaspace       used 32672K, committed 32960K, reserved 1114112K
  class space    used 4130K, committed 4288K, reserved 1048576K
}
Event: 84.694 GC heap before
{Heap before GC invocations=49 (full 0):
 garbage-first heap   total 317440K, used 150177K [0x00000000a0c00000, 0x0000000100000000)
  region size 1024K, 5 young (5120K), 1 survivors (1024K)
 Metaspace       used 32713K, committed 32960K, reserved 1114112K
  class space    used 4130K, committed 4288K, reserved 1048576K
}
Event: 84.695 GC heap after
{Heap after GC invocations=50 (full 0):
 garbage-first heap   total 317440K, used 90731K [0x00000000a0c00000, 0x0000000100000000)
  region size 1024K, 1 young (1024K), 1 survivors (1024K)
 Metaspace       used 32713K, committed 32960K, reserved 1114112K
  class space    used 4130K, committed 4288K, reserved 1048576K
}
Event: 84.799 GC heap before
{Heap before GC invocations=51 (full 0):
 garbage-first heap   total 317440K, used 109163K [0x00000000a0c00000, 0x0000000100000000)
  region size 1024K, 3 young (3072K), 1 survivors (1024K)
 Metaspace       used 32724K, committed 33024K, reserved 1114112K
  class space    used 4130K, committed 4288K, reserved 1048576K
}
Event: 84.801 GC heap after
{Heap after GC invocations=52 (full 0):
 garbage-first heap   total 317440K, used 108163K [0x00000000a0c00000, 0x0000000100000000)
  region size 1024K, 1 young (1024K), 1 survivors (1024K)
 Metaspace       used 32724K, committed 33024K, reserved 1114112K
  class space    used 4130K, committed 4288K, reserved 1048576K
}
Event: 84.826 GC heap before
{Heap before GC invocations=53 (full 0):
 garbage-first heap   total 317440K, used 110211K [0x00000000a0c00000, 0x0000000100000000)
  region size 1024K, 2 young (2048K), 1 survivors (1024K)
 Metaspace       used 32747K, committed 33088K, reserved 1114112K
  class space    used 4131K, committed 4288K, reserved 1048576K
}
Event: 84.827 GC heap after
{Heap after GC invocations=54 (full 0):
 garbage-first heap   total 317440K, used 110254K [0x00000000a0c00000, 0x0000000100000000)
  region size 1024K, 1 young (1024K), 1 survivors (1024K)
 Metaspace       used 32747K, committed 33088K, reserved 1114112K
  class space    used 4131K, committed 4288K, reserved 1048576K
}
Event: 84.869 GC heap before
{Heap before GC invocations=55 (full 0):
 garbage-first heap   total 317440K, used 120494K [0x00000000a0c00000, 0x0000000100000000)
  region size 1024K, 2 young (2048K), 1 survivors (1024K)
 Metaspace       used 32747K, committed 33088K, reserved 1114112K
  class space    used 4131K, committed 4288K, reserved 1048576K
}
Event: 84.870 GC heap after
{Heap after GC invocations=56 (full 0):
 garbage-first heap   total 317440K, used 120536K [0x00000000a0c00000, 0x0000000100000000)
  region size 1024K, 1 young (1024K), 1 survivors (1024K)
 Metaspace       used 32747K, committed 33088K, reserved 1114112K
  class space    used 4131K, committed 4288K, reserved 1048576K
}
Event: 84.958 GC heap before
{Heap before GC invocations=57 (full 0):
 garbage-first heap   total 317440K, used 153304K [0x00000000a0c00000, 0x0000000100000000)
  region size 1024K, 2 young (2048K), 1 survivors (1024K)
 Metaspace       used 32747K, committed 33088K, reserved 1114112K
  class space    used 4131K, committed 4288K, reserved 1048576K
}
Event: 84.959 GC heap after
{Heap after GC invocations=58 (full 0):
 garbage-first heap   total 317440K, used 145123K [0x00000000a0c00000, 0x0000000100000000)
  region size 1024K, 1 young (1024K), 1 survivors (1024K)
 Metaspace       used 32747K, committed 33088K, reserved 1114112K
  class space    used 4131K, committed 4288K, reserved 1048576K
}
Event: 104.496 GC heap before
{Heap before GC invocations=59 (full 0):
 garbage-first heap   total 317440K, used 206563K [0x00000000a0c00000, 0x0000000100000000)
  region size 1024K, 58 young (59392K), 1 survivors (1024K)
 Metaspace       used 43226K, committed 43584K, reserved 1114112K
  class space    used 5428K, committed 5632K, reserved 1048576K
}
Event: 104.502 GC heap after
{Heap after GC invocations=60 (full 0):
 garbage-first heap   total 317440K, used 94966K [0x00000000a0c00000, 0x0000000100000000)
  region size 1024K, 5 young (5120K), 5 survivors (5120K)
 Metaspace       used 43226K, committed 43584K, reserved 1114112K
  class space    used 5428K, committed 5632K, reserved 1048576K
}
Event: 107.528 GC heap before
{Heap before GC invocations=61 (full 0):
 garbage-first heap   total 317440K, used 143094K [0x00000000a0c00000, 0x0000000100000000)
  region size 1024K, 51 young (52224K), 5 survivors (5120K)
 Metaspace       used 44116K, committed 44480K, reserved 1114112K
  class space    used 5500K, committed 5696K, reserved 1048576K
}
Event: 107.534 GC heap after
{Heap after GC invocations=62 (full 0):
 garbage-first heap   total 317440K, used 102381K [0x00000000a0c00000, 0x0000000100000000)
  region size 1024K, 9 young (9216K), 9 survivors (9216K)
 Metaspace       used 44116K, committed 44480K, reserved 1114112K
  class space    used 5500K, committed 5696K, reserved 1048576K
}
Event: 108.084 GC heap before
{Heap before GC invocations=63 (full 0):
 garbage-first heap   total 317440K, used 132077K [0x00000000a0c00000, 0x0000000100000000)
  region size 1024K, 41 young (41984K), 9 survivors (9216K)
 Metaspace       used 44452K, committed 44864K, reserved 1114112K
  class space    used 5538K, committed 5760K, reserved 1048576K
}
Event: 108.090 GC heap after
{Heap after GC invocations=64 (full 0):
 garbage-first heap   total 317440K, used 100880K [0x00000000a0c00000, 0x0000000100000000)
  region size 1024K, 11 young (11264K), 11 survivors (11264K)
 Metaspace       used 44452K, committed 44864K, reserved 1114112K
  class space    used 5538K, committed 5760K, reserved 1048576K
}
Event: 109.282 GC heap before
{Heap before GC invocations=65 (full 0):
 garbage-first heap   total 317440K, used 132624K [0x00000000a0c00000, 0x0000000100000000)
  region size 1024K, 42 young (43008K), 11 survivors (11264K)
 Metaspace       used 44616K, committed 45056K, reserved 1114112K
  class space    used 5543K, committed 5760K, reserved 1048576K
}
Event: 109.288 GC heap after
{Heap after GC invocations=66 (full 0):
 garbage-first heap   total 317440K, used 101987K [0x00000000a0c00000, 0x0000000100000000)
  region size 1024K, 11 young (11264K), 11 survivors (11264K)
 Metaspace       used 44616K, committed 45056K, reserved 1114112K
  class space    used 5543K, committed 5760K, reserved 1048576K
}

Dll operation events (2 events):
Event: 0.027 Loaded shared library C:\Users\ameni\.jdks\jbr-17.0.8.1\bin\java.dll
Event: 0.057 Loaded shared library C:\Users\ameni\.jdks\jbr-17.0.8.1\bin\jsvml.dll

Deoptimization events (20 events):
Event: 108.707 Thread 0x0000023264602680 DEOPT PACKING pc=0x000002324af2d800 sp=0x000000f1895fd9c0
Event: 108.707 Thread 0x0000023264602680 DEOPT UNPACKING pc=0x00000232517b7143 sp=0x000000f1895fce50 mode 0
Event: 108.707 Thread 0x0000023264602680 DEOPT PACKING pc=0x000002324af2d800 sp=0x000000f1895fd9c0
Event: 108.707 Thread 0x0000023264602680 DEOPT UNPACKING pc=0x00000232517b7143 sp=0x000000f1895fce50 mode 0
Event: 108.707 Thread 0x0000023264602680 DEOPT PACKING pc=0x000002324af2d800 sp=0x000000f1895fd9c0
Event: 108.707 Thread 0x0000023264602680 DEOPT UNPACKING pc=0x00000232517b7143 sp=0x000000f1895fce50 mode 0
Event: 108.708 Thread 0x0000023264602680 DEOPT PACKING pc=0x000002324af2d800 sp=0x000000f1895fd9c0
Event: 108.708 Thread 0x0000023264602680 DEOPT UNPACKING pc=0x00000232517b7143 sp=0x000000f1895fce50 mode 0
Event: 108.708 Thread 0x0000023264602680 DEOPT PACKING pc=0x000002324af2d800 sp=0x000000f1895fd9c0
Event: 108.708 Thread 0x0000023264602680 DEOPT UNPACKING pc=0x00000232517b7143 sp=0x000000f1895fce50 mode 0
Event: 108.708 Thread 0x0000023264602680 DEOPT PACKING pc=0x000002324af2d800 sp=0x000000f1895fd9c0
Event: 108.708 Thread 0x0000023264602680 DEOPT UNPACKING pc=0x00000232517b7143 sp=0x000000f1895fce50 mode 0
Event: 108.708 Thread 0x0000023264602680 DEOPT PACKING pc=0x000002324af2d800 sp=0x000000f1895fd9c0
Event: 108.708 Thread 0x0000023264602680 DEOPT UNPACKING pc=0x00000232517b7143 sp=0x000000f1895fce50 mode 0
Event: 108.708 Thread 0x0000023264602680 DEOPT PACKING pc=0x000002324af2d800 sp=0x000000f1895fd9c0
Event: 108.708 Thread 0x0000023264602680 DEOPT UNPACKING pc=0x00000232517b7143 sp=0x000000f1895fce50 mode 0
Event: 108.708 Thread 0x0000023264602680 DEOPT PACKING pc=0x000002324af2d800 sp=0x000000f1895fd9c0
Event: 108.708 Thread 0x0000023264602680 DEOPT UNPACKING pc=0x00000232517b7143 sp=0x000000f1895fce50 mode 0
Event: 108.711 Thread 0x00000232644e0470 DEOPT PACKING pc=0x000002324b067e48 sp=0x000000f1890fe460
Event: 108.711 Thread 0x00000232644e0470 DEOPT UNPACKING pc=0x00000232517b7143 sp=0x000000f1890fd890 mode 0

Classes unloaded (0 events):
No events

Classes redefined (0 events):
No events

Internal exceptions (20 events):
Event: 94.680 Thread 0x0000023264602680 Exception <a 'java/lang/NoSuchMethodError'{0x00000000b2c65038}: 'java.lang.Object java.lang.invoke.DirectMethodHandle$Holder.invokeSpecial(java.lang.Object, java.lang.Object, int, int, int, int)'> (0x00000000b2c65038) 
thrown [s\src\hotspot\share\interpreter\linkResolver.cpp, line 771]
Event: 95.313 Thread 0x0000023277e05840 Exception <a 'java/lang/NoSuchMethodError'{0x00000000b2fa7690}: 'void java.lang.invoke.DirectMethodHandle$Holder.invokeStatic(java.lang.Object, java.lang.Object, int)'> (0x00000000b2fa7690) 
thrown [s\src\hotspot\share\interpreter\linkResolver.cpp, line 771]
Event: 95.317 Thread 0x0000023277e04e20 Exception <a 'java/lang/NoSuchMethodError'{0x00000000b296c6e8}: 'void java.lang.invoke.DirectMethodHandle$Holder.invokeInterface(java.lang.Object, java.lang.Object, java.lang.Object)'> (0x00000000b296c6e8) 
thrown [s\src\hotspot\share\interpreter\linkResolver.cpp, line 771]
Event: 95.321 Thread 0x0000023277e04e20 Exception <a 'java/lang/NoSuchMethodError'{0x00000000b299c070}: 'int java.lang.invoke.DirectMethodHandle$Holder.invokeStaticInit(java.lang.Object, int, int)'> (0x00000000b299c070) 
thrown [s\src\hotspot\share\interpreter\linkResolver.cpp, line 771]
Event: 95.326 Thread 0x0000023277e04e20 Exception <a 'java/lang/NoSuchMethodError'{0x00000000b29dcfd0}: 'void java.lang.invoke.DirectMethodHandle$Holder.invokeVirtual(java.lang.Object, java.lang.Object)'> (0x00000000b29dcfd0) 
thrown [s\src\hotspot\share\interpreter\linkResolver.cpp, line 771]
Event: 96.574 Thread 0x0000023277e04e20 Exception <a 'java/lang/NoSuchMethodError'{0x00000000b272b848}: 'void java.lang.invoke.DirectMethodHandle$Holder.invokeInterface(java.lang.Object, java.lang.Object)'> (0x00000000b272b848) 
thrown [s\src\hotspot\share\interpreter\linkResolver.cpp, line 771]
Event: 97.956 Thread 0x0000023264602680 Exception <a 'java/lang/NoSuchMethodError'{0x00000000b2ce1788}: 'java.lang.Object java.lang.invoke.Invokers$Holder.invokeExact_MT(java.lang.Object, java.lang.Object, java.lang.Object, java.lang.Object, java.lang.Object, java.lang.Object)'> (0x00000000b2ce1788) 
thrown [s\src\hotspot\share\interpreter\linkResolver.cpp, line 771]
Event: 98.106 Thread 0x0000023277e034d0 Exception <a 'sun/nio/fs/WindowsException'{0x00000000b2080f48}> (0x00000000b2080f48) 
thrown [s\src\hotspot\share\prims\jni.cpp, line 517]
Event: 98.117 Thread 0x0000023264602680 Exception <a 'java/lang/NoSuchMethodError'{0x00000000b2047cf0}: 'java.lang.Object java.lang.invoke.DirectMethodHandle$Holder.invokeSpecial(java.lang.Object, java.lang.Object, long, long, int, int, java.lang.Object, java.lang.Object, int)'> (0x00000000b2047cf0) 
thrown [s\src\hotspot\share\interpreter\linkResolver.cpp, line 771]
Event: 98.118 Thread 0x0000023264602680 Exception <a 'java/lang/NoSuchMethodError'{0x00000000b204b9b8}: 'java.lang.Object java.lang.invoke.DelegatingMethodHandle$Holder.reinvoke_L(java.lang.Object, long, long, int, int, java.lang.Object, java.lang.Object, int)'> (0x00000000b204b9b8) 
thrown [s\src\hotspot\share\interpreter\linkResolver.cpp, line 771]
Event: 104.035 Thread 0x0000023264602680 Exception <a 'java/io/FileNotFoundException'{0x00000000b0d10d30}> (0x00000000b0d10d30) 
thrown [s\src\hotspot\share\prims\jni.cpp, line 517]
Event: 104.035 Thread 0x0000023264602680 Exception <a 'java/io/FileNotFoundException'{0x00000000b0d11b18}> (0x00000000b0d11b18) 
thrown [s\src\hotspot\share\prims\jni.cpp, line 517]
Event: 104.036 Thread 0x0000023264602680 Exception <a 'java/io/FileNotFoundException'{0x00000000b0d12918}> (0x00000000b0d12918) 
thrown [s\src\hotspot\share\prims\jni.cpp, line 517]
Event: 104.036 Thread 0x0000023264602680 Exception <a 'java/io/FileNotFoundException'{0x00000000b0d136f8}> (0x00000000b0d136f8) 
thrown [s\src\hotspot\share\prims\jni.cpp, line 517]
Event: 104.036 Thread 0x0000023264602680 Implicit null exception at 0x0000023251f537c6 to 0x0000023251f53818
Event: 104.468 Thread 0x00000232644e0470 Implicit null exception at 0x0000023251f73908 to 0x0000023251f739dc
Event: 107.745 Thread 0x0000023264602680 Implicit null exception at 0x0000023251f63cfe to 0x0000023251f63e70
Event: 108.072 Thread 0x000002320cb747e0 Exception <a 'java/lang/NoSuchMethodError'{0x00000000b220de20}: 'java.lang.Object java.lang.invoke.DirectMethodHandle$Holder.newInvokeSpecial(java.lang.Object, java.lang.Object, long, java.lang.Object, java.lang.Object, java.lang.Object)'> (0x00000000b220de20) 
thrown [s\src\hotspot\share\interpreter\linkResolver.cpp, line 771]
Event: 108.073 Thread 0x000002320cb747e0 Exception <a 'java/lang/NoSuchMethodError'{0x00000000b2215a28}: 'java.lang.Object java.lang.invoke.Invokers$Holder.linkToTargetMethod(java.lang.Object, long, java.lang.Object, java.lang.Object, java.lang.Object, java.lang.Object)'> (0x00000000b2215a28) 
thrown [s\src\hotspot\share\interpreter\linkResolver.cpp, line 771]
Event: 108.077 Thread 0x000002320cb747e0 Exception <a 'java/lang/NoSuchMethodError'{0x00000000b2232a90}: 'void java.lang.invoke.DirectMethodHandle$Holder.invokeSpecial(java.lang.Object, java.lang.Object, java.lang.Object, java.lang.Object, java.lang.Object, java.lang.Object, java.lang.Object)'> (0x00000000b2232a90) 
thrown [s\src\hotspot\share\interpreter\linkResolver.cpp, line 771]

VM Operations (20 events):
Event: 107.558 Executing VM operation: G1PauseRemark
Event: 107.561 Executing VM operation: G1PauseRemark done
Event: 107.568 Executing VM operation: G1PauseCleanup
Event: 107.568 Executing VM operation: G1PauseCleanup done
Event: 108.084 Executing VM operation: G1TryInitiateConcMark
Event: 108.084 Executing VM operation: G1TryInitiateConcMark done
Event: 108.084 Executing VM operation: G1TryInitiateConcMark
Event: 108.090 Executing VM operation: G1TryInitiateConcMark done
Event: 108.109 Executing VM operation: G1PauseRemark
Event: 108.113 Executing VM operation: G1PauseRemark done
Event: 108.122 Executing VM operation: G1PauseCleanup
Event: 108.122 Executing VM operation: G1PauseCleanup done
Event: 109.281 Executing VM operation: G1TryInitiateConcMark
Event: 109.282 Executing VM operation: G1TryInitiateConcMark done
Event: 109.282 Executing VM operation: G1TryInitiateConcMark
Event: 109.288 Executing VM operation: G1TryInitiateConcMark done
Event: 109.306 Executing VM operation: G1PauseRemark
Event: 109.310 Executing VM operation: G1PauseRemark done
Event: 109.317 Executing VM operation: G1PauseCleanup
Event: 109.318 Executing VM operation: G1PauseCleanup done

Events (20 events):
Event: 107.329 Thread 0x000002320cb6e7b0 Thread exited: 0x000002320cb6e7b0
Event: 107.329 Thread 0x000002320cb72470 Thread exited: 0x000002320cb72470
Event: 107.329 Thread 0x000002320cb70b20 Thread exited: 0x000002320cb70b20
Event: 107.331 Thread 0x000002320cb71540 Thread added: 0x000002320cb71540
Event: 107.336 Thread 0x000002320cb70b20 Thread added: 0x000002320cb70b20
Event: 107.340 Thread 0x000002320cb70b20 Thread exited: 0x000002320cb70b20
Event: 107.451 Thread 0x000002320cb71540 Thread exited: 0x000002320cb71540
Event: 107.513 Thread 0x000002320ad9ec10 Thread added: 0x000002320ad9ec10
Event: 107.513 Thread 0x000002320ad9cdb0 Thread added: 0x000002320ad9cdb0
Event: 107.513 Thread 0x000002320cb6fbf0 Thread added: 0x000002320cb6fbf0
Event: 107.513 Thread 0x000002320cb71540 Thread added: 0x000002320cb71540
Event: 107.514 Thread 0x0000023209f40680 Thread added: 0x0000023209f40680
Event: 108.099 Thread 0x00000232076b8e30 Thread added: 0x00000232076b8e30
Event: 108.100 Thread 0x00000232076b8e30 Thread exited: 0x00000232076b8e30
Event: 108.571 Thread 0x000002320cb6ecc0 Thread added: 0x000002320cb6ecc0
Event: 108.571 Thread 0x000002320cb6ecc0 Thread exited: 0x000002320cb6ecc0
Event: 109.037 Thread 0x000002320c1a73a0 Thread added: 0x000002320c1a73a0
Event: 109.037 Thread 0x000002320c1a73a0 Thread exited: 0x000002320c1a73a0
Event: 109.103 Thread 0x000002320dddc360 Thread added: 0x000002320dddc360
Event: 109.138 Thread 0x000002320dddc360 Thread exited: 0x000002320dddc360


Dynamic libraries:
0x00007ff6b15b0000 - 0x00007ff6b15ba000 	C:\Users\ameni\.jdks\jbr-17.0.8.1\bin\java.exe
0x00007fff616d0000 - 0x00007fff618c8000 	C:\WINDOWS\SYSTEM32\ntdll.dll
0x00007fff611c0000 - 0x00007fff6127d000 	C:\WINDOWS\System32\KERNEL32.DLL
0x00007fff5ee00000 - 0x00007fff5f0f6000 	C:\WINDOWS\System32\KERNELBASE.dll
0x00007fff5f390000 - 0x00007fff5f490000 	C:\WINDOWS\System32\ucrtbase.dll
0x00007fff34a20000 - 0x00007fff34a37000 	C:\Users\ameni\.jdks\jbr-17.0.8.1\bin\jli.dll
0x00007fff35070000 - 0x00007fff3508b000 	C:\Users\ameni\.jdks\jbr-17.0.8.1\bin\VCRUNTIME140.dll
0x00007fff5f710000 - 0x00007fff5f8ae000 	C:\WINDOWS\System32\USER32.dll
0x00007fff5f150000 - 0x00007fff5f172000 	C:\WINDOWS\System32\win32u.dll
0x00007fff4c9c0000 - 0x00007fff4cc5a000 	C:\WINDOWS\WinSxS\amd64_microsoft.windows.common-controls_6595b64144ccf1df_6.0.19041.3636_none_60b6a03d71f818d5\COMCTL32.dll
0x00007fff5f8d0000 - 0x00007fff5f8fb000 	C:\WINDOWS\System32\GDI32.dll
0x00007fff615f0000 - 0x00007fff6168e000 	C:\WINDOWS\System32\msvcrt.dll
0x00007fff5f5c0000 - 0x00007fff5f6d7000 	C:\WINDOWS\System32\gdi32full.dll
0x00007fff5f520000 - 0x00007fff5f5bd000 	C:\WINDOWS\System32\msvcp_win.dll
0x00007fff610f0000 - 0x00007fff61122000 	C:\WINDOWS\System32\IMM32.DLL
0x00007fff3a370000 - 0x00007fff3a37c000 	C:\Users\ameni\.jdks\jbr-17.0.8.1\bin\vcruntime140_1.dll
0x00007fff24470000 - 0x00007fff244fd000 	C:\Users\ameni\.jdks\jbr-17.0.8.1\bin\msvcp140.dll
0x00007fff00820000 - 0x00007fff014a3000 	C:\Users\ameni\.jdks\jbr-17.0.8.1\bin\server\jvm.dll
0x00007fff60950000 - 0x00007fff60a03000 	C:\WINDOWS\System32\ADVAPI32.dll
0x00007fff60eb0000 - 0x00007fff60f4f000 	C:\WINDOWS\System32\sechost.dll
0x00007fff613a0000 - 0x00007fff614c6000 	C:\WINDOWS\System32\RPCRT4.dll
0x00007fff5f6e0000 - 0x00007fff5f707000 	C:\WINDOWS\System32\bcrypt.dll
0x00007fff46670000 - 0x00007fff46679000 	C:\WINDOWS\SYSTEM32\WSOCK32.dll
0x00007fff5e5a0000 - 0x00007fff5e5eb000 	C:\WINDOWS\SYSTEM32\POWRPROF.dll
0x00007fff55c30000 - 0x00007fff55c57000 	C:\WINDOWS\SYSTEM32\WINMM.dll
0x00007fff56f70000 - 0x00007fff56f7a000 	C:\WINDOWS\SYSTEM32\VERSION.dll
0x00007fff61080000 - 0x00007fff610eb000 	C:\WINDOWS\System32\WS2_32.dll
0x00007fff5e580000 - 0x00007fff5e592000 	C:\WINDOWS\SYSTEM32\UMPDC.dll
0x00007fff5cc40000 - 0x00007fff5cc52000 	C:\WINDOWS\SYSTEM32\kernel.appcore.dll
0x00007fff3a0d0000 - 0x00007fff3a0da000 	C:\Users\ameni\.jdks\jbr-17.0.8.1\bin\jimage.dll
0x00007fff52690000 - 0x00007fff52874000 	C:\WINDOWS\SYSTEM32\DBGHELP.DLL
0x00007fff3cab0000 - 0x00007fff3cae4000 	C:\WINDOWS\SYSTEM32\dbgcore.DLL
0x00007fff5f490000 - 0x00007fff5f512000 	C:\WINDOWS\System32\bcryptPrimitives.dll
0x00007fff32d10000 - 0x00007fff32d35000 	C:\Users\ameni\.jdks\jbr-17.0.8.1\bin\java.dll
0x00007fff34730000 - 0x00007fff34748000 	C:\Users\ameni\.jdks\jbr-17.0.8.1\bin\zip.dll
0x00007fff21b20000 - 0x00007fff21bf7000 	C:\Users\ameni\.jdks\jbr-17.0.8.1\bin\jsvml.dll
0x00007fff60200000 - 0x00007fff60945000 	C:\WINDOWS\System32\SHELL32.dll
0x00007fff5ce40000 - 0x00007fff5d5dc000 	C:\WINDOWS\SYSTEM32\windows.storage.dll
0x00007fff60b50000 - 0x00007fff60ea4000 	C:\WINDOWS\System32\combase.dll
0x00007fff5e7c0000 - 0x00007fff5e7ee000 	C:\WINDOWS\SYSTEM32\Wldp.dll
0x00007fff60a10000 - 0x00007fff60add000 	C:\WINDOWS\System32\OLEAUT32.dll
0x00007fff5f900000 - 0x00007fff5f9ad000 	C:\WINDOWS\System32\SHCORE.dll
0x00007fff61590000 - 0x00007fff615e5000 	C:\WINDOWS\System32\shlwapi.dll
0x00007fff5ecc0000 - 0x00007fff5ece5000 	C:\WINDOWS\SYSTEM32\profapi.dll
0x00007fff33580000 - 0x00007fff33599000 	C:\Users\ameni\.jdks\jbr-17.0.8.1\bin\net.dll
0x00007fff55e20000 - 0x00007fff55f2a000 	C:\WINDOWS\SYSTEM32\WINHTTP.dll
0x00007fff5e4b0000 - 0x00007fff5e51a000 	C:\WINDOWS\system32\mswsock.dll
0x00007fff32bc0000 - 0x00007fff32bd6000 	C:\Users\ameni\.jdks\jbr-17.0.8.1\bin\nio.dll
0x0000023244a20000 - 0x0000023244a23000 	C:\Users\ameni\.openjfx\cache\21.0.2+5\amd64\api-ms-win-core-console-l1-1-0.dll
0x0000023244a30000 - 0x0000023244a33000 	C:\Users\ameni\.openjfx\cache\21.0.2+5\amd64\api-ms-win-core-console-l1-2-0.dll
0x0000023244a40000 - 0x0000023244a43000 	C:\Users\ameni\.openjfx\cache\21.0.2+5\amd64\api-ms-win-core-datetime-l1-1-0.dll
0x0000023244a50000 - 0x0000023244a53000 	C:\Users\ameni\.openjfx\cache\21.0.2+5\amd64\api-ms-win-core-debug-l1-1-0.dll
0x0000023244a60000 - 0x0000023244a63000 	C:\Users\ameni\.openjfx\cache\21.0.2+5\amd64\api-ms-win-core-errorhandling-l1-1-0.dll
0x00000232469c0000 - 0x00000232469c4000 	C:\Users\ameni\.openjfx\cache\21.0.2+5\amd64\api-ms-win-core-file-l1-1-0.dll
0x00000232469d0000 - 0x00000232469d3000 	C:\Users\ameni\.openjfx\cache\21.0.2+5\amd64\api-ms-win-core-file-l1-2-0.dll
0x00000232469e0000 - 0x00000232469e3000 	C:\Users\ameni\.openjfx\cache\21.0.2+5\amd64\api-ms-win-core-file-l2-1-0.dll
0x00000232469f0000 - 0x00000232469f3000 	C:\Users\ameni\.openjfx\cache\21.0.2+5\amd64\api-ms-win-core-handle-l1-1-0.dll
0x0000023246a00000 - 0x0000023246a03000 	C:\Users\ameni\.openjfx\cache\21.0.2+5\amd64\api-ms-win-core-heap-l1-1-0.dll
0x0000023246a10000 - 0x0000023246a13000 	C:\Users\ameni\.openjfx\cache\21.0.2+5\amd64\api-ms-win-core-interlocked-l1-1-0.dll
0x000002325fee0000 - 0x000002325fee3000 	C:\Users\ameni\.openjfx\cache\21.0.2+5\amd64\api-ms-win-core-libraryloader-l1-1-0.dll
0x000002325fef0000 - 0x000002325fef3000 	C:\Users\ameni\.openjfx\cache\21.0.2+5\amd64\api-ms-win-core-localization-l1-2-0.dll
0x000002325ff00000 - 0x000002325ff03000 	C:\Users\ameni\.openjfx\cache\21.0.2+5\amd64\api-ms-win-core-memory-l1-1-0.dll
0x000002325ff10000 - 0x000002325ff13000 	C:\Users\ameni\.openjfx\cache\21.0.2+5\amd64\api-ms-win-core-namedpipe-l1-1-0.dll
0x000002325ff20000 - 0x000002325ff23000 	C:\Users\ameni\.openjfx\cache\21.0.2+5\amd64\api-ms-win-core-processenvironment-l1-1-0.dll
0x000002325ff30000 - 0x000002325ff33000 	C:\Users\ameni\.openjfx\cache\21.0.2+5\amd64\api-ms-win-core-processthreads-l1-1-0.dll
0x000002325ff40000 - 0x000002325ff43000 	C:\Users\ameni\.openjfx\cache\21.0.2+5\amd64\api-ms-win-core-processthreads-l1-1-1.dll
0x000002325ff50000 - 0x000002325ff53000 	C:\Users\ameni\.openjfx\cache\21.0.2+5\amd64\api-ms-win-core-profile-l1-1-0.dll
0x000002325ff60000 - 0x000002325ff63000 	C:\Users\ameni\.openjfx\cache\21.0.2+5\amd64\api-ms-win-core-rtlsupport-l1-1-0.dll
0x000002325ff70000 - 0x000002325ff73000 	C:\Users\ameni\.openjfx\cache\21.0.2+5\amd64\api-ms-win-core-string-l1-1-0.dll
0x000002325ff80000 - 0x000002325ff83000 	C:\Users\ameni\.openjfx\cache\21.0.2+5\amd64\api-ms-win-core-synch-l1-1-0.dll
0x000002325ff90000 - 0x000002325ff93000 	C:\Users\ameni\.openjfx\cache\21.0.2+5\amd64\api-ms-win-core-synch-l1-2-0.dll
0x000002325ffa0000 - 0x000002325ffa3000 	C:\Users\ameni\.openjfx\cache\21.0.2+5\amd64\api-ms-win-core-sysinfo-l1-1-0.dll
0x000002325ffb0000 - 0x000002325ffb3000 	C:\Users\ameni\.openjfx\cache\21.0.2+5\amd64\api-ms-win-core-timezone-l1-1-0.dll
0x000002325ffc0000 - 0x000002325ffc3000 	C:\Users\ameni\.openjfx\cache\21.0.2+5\amd64\api-ms-win-core-util-l1-1-0.dll
0x000002325ffd0000 - 0x000002325ffd3000 	C:\Users\ameni\.openjfx\cache\21.0.2+5\amd64\api-ms-win-crt-conio-l1-1-0.dll
0x000002325ffe0000 - 0x000002325ffe4000 	C:\Users\ameni\.openjfx\cache\21.0.2+5\amd64\api-ms-win-crt-convert-l1-1-0.dll
0x000002325fff0000 - 0x000002325fff3000 	C:\Users\ameni\.openjfx\cache\21.0.2+5\amd64\api-ms-win-crt-environment-l1-1-0.dll
0x0000023264800000 - 0x0000023264803000 	C:\Users\ameni\.openjfx\cache\21.0.2+5\amd64\api-ms-win-crt-filesystem-l1-1-0.dll
0x0000023264810000 - 0x0000023264813000 	C:\Users\ameni\.openjfx\cache\21.0.2+5\amd64\api-ms-win-crt-heap-l1-1-0.dll
0x0000023264820000 - 0x0000023264823000 	C:\Users\ameni\.openjfx\cache\21.0.2+5\amd64\api-ms-win-crt-locale-l1-1-0.dll
0x0000023264830000 - 0x0000023264835000 	C:\Users\ameni\.openjfx\cache\21.0.2+5\amd64\api-ms-win-crt-math-l1-1-0.dll
0x0000023264840000 - 0x0000023264845000 	C:\Users\ameni\.openjfx\cache\21.0.2+5\amd64\api-ms-win-crt-multibyte-l1-1-0.dll
0x0000023264850000 - 0x0000023264860000 	C:\Users\ameni\.openjfx\cache\21.0.2+5\amd64\api-ms-win-crt-private-l1-1-0.dll
0x0000023264860000 - 0x0000023264863000 	C:\Users\ameni\.openjfx\cache\21.0.2+5\amd64\api-ms-win-crt-process-l1-1-0.dll
0x0000023264870000 - 0x0000023264874000 	C:\Users\ameni\.openjfx\cache\21.0.2+5\amd64\api-ms-win-crt-runtime-l1-1-0.dll
0x0000023264880000 - 0x0000023264884000 	C:\Users\ameni\.openjfx\cache\21.0.2+5\amd64\api-ms-win-crt-stdio-l1-1-0.dll
0x0000023264890000 - 0x0000023264894000 	C:\Users\ameni\.openjfx\cache\21.0.2+5\amd64\api-ms-win-crt-string-l1-1-0.dll
0x00000232648a0000 - 0x00000232648a3000 	C:\Users\ameni\.openjfx\cache\21.0.2+5\amd64\api-ms-win-crt-time-l1-1-0.dll
0x00000232648b0000 - 0x00000232648b3000 	C:\Users\ameni\.openjfx\cache\21.0.2+5\amd64\api-ms-win-crt-utility-l1-1-0.dll
0x00007fff1ffa0000 - 0x00007fff2009c000 	C:\Users\ameni\.openjfx\cache\21.0.2+5\amd64\ucrtbase.dll
0x00007fff321c0000 - 0x00007fff321db000 	C:\Users\ameni\.openjfx\cache\21.0.2+5\amd64\vcruntime140.dll
0x00007fff38a30000 - 0x00007fff38a3c000 	C:\Users\ameni\.openjfx\cache\21.0.2+5\amd64\vcruntime140_1.dll
0x00007fff243e0000 - 0x00007fff2446e000 	C:\Users\ameni\.openjfx\cache\21.0.2+5\amd64\msvcp140.dll
0x00007fff388e0000 - 0x00007fff388e9000 	C:\Users\ameni\.openjfx\cache\21.0.2+5\amd64\msvcp140_1.dll
0x00007fff30800000 - 0x00007fff30841000 	C:\Users\ameni\.openjfx\cache\21.0.2+5\amd64\msvcp140_2.dll
0x00007fff32190000 - 0x00007fff321c0000 	C:\Users\ameni\.openjfx\cache\21.0.2+5\amd64\prism_d3d.dll
0x00007fff50870000 - 0x00007fff50a3d000 	C:\WINDOWS\system32\d3d9.dll
0x00007fff5c950000 - 0x00007fff5c97f000 	C:\WINDOWS\SYSTEM32\dwmapi.dll
0x00007fff5c770000 - 0x00007fff5c80e000 	C:\WINDOWS\system32\uxtheme.dll
0x00007fff55c60000 - 0x00007fff55e18000 	C:\WINDOWS\System32\DriverStore\FileRepository\u0377487.inf_amd64_99415ae859206efa\B377170\aticfx64.dll
0x00007fff30f50000 - 0x00007fff30f84000 	C:\WINDOWS\System32\DriverStore\FileRepository\u0377487.inf_amd64_99415ae859206efa\B377170\atiu9p64.dll
0x00007ffef1f00000 - 0x00007ffef2c54000 	C:\WINDOWS\System32\DriverStore\FileRepository\u0377487.inf_amd64_99415ae859206efa\B377170\atiumd64.dll
0x00007fff60f50000 - 0x00007fff6107b000 	C:\WINDOWS\System32\ole32.dll
0x0000000068de0000 - 0x0000000069c53000 	C:\WINDOWS\System32\DriverStore\FileRepository\u0377487.inf_amd64_99415ae859206efa\B377170\atiumd6a.dll
0x00007fff5faa0000 - 0x00007fff5ff0e000 	C:\WINDOWS\System32\SETUPAPI.dll
0x00007fff5f100000 - 0x00007fff5f14e000 	C:\WINDOWS\System32\cfgmgr32.dll
0x00007fff53b50000 - 0x00007fff53b80000 	C:\WINDOWS\SYSTEM32\amdihk64.dll
0x00007fff2c920000 - 0x00007fff2c962000 	C:\Users\ameni\.openjfx\cache\21.0.2+5\amd64\glass.dll
0x00007fff60120000 - 0x00007fff601fa000 	C:\WINDOWS\System32\COMDLG32.dll
0x00007fff61280000 - 0x00007fff61394000 	C:\WINDOWS\System32\MSCTF.dll
0x00007fff560b0000 - 0x00007fff560eb000 	C:\WINDOWS\SYSTEM32\dxcore.dll
0x00007fff5e1e0000 - 0x00007fff5e2ab000 	C:\WINDOWS\SYSTEM32\DNSAPI.dll
0x00007fff5e1a0000 - 0x00007fff5e1db000 	C:\WINDOWS\SYSTEM32\IPHLPAPI.DLL
0x00007fff61580000 - 0x00007fff61588000 	C:\WINDOWS\System32\NSI.dll
0x00007fff53c40000 - 0x00007fff53c4a000 	C:\Windows\System32\rasadhlp.dll
0x00007fff52540000 - 0x00007fff525c0000 	C:\WINDOWS\System32\fwpuclnt.dll
0x00007fff31dc0000 - 0x00007fff31dd4000 	C:\Users\ameni\.openjfx\cache\21.0.2+5\amd64\javafx_font.dll
0x00007fff33300000 - 0x00007fff3357f000 	C:\WINDOWS\SYSTEM32\dwrite.dll
0x00007fff614d0000 - 0x00007fff61579000 	C:\WINDOWS\System32\clbcatq.dll
0x00007fff58c30000 - 0x00007fff58de4000 	C:\WINDOWS\SYSTEM32\WindowsCodecs.dll
0x00007fff475a0000 - 0x00007fff475de000 	C:\WINDOWS\system32\dataexchange.dll
0x00007fff5ad10000 - 0x00007fff5af73000 	C:\WINDOWS\system32\d3d11.dll
0x00007fff5b9a0000 - 0x00007fff5bb83000 	C:\WINDOWS\system32\dcomp.dll
0x00007fff5d640000 - 0x00007fff5d733000 	C:\WINDOWS\system32\dxgi.dll
0x00007fff58f20000 - 0x00007fff59123000 	C:\WINDOWS\system32\twinapi.appcore.dll
0x00007fff303b0000 - 0x00007fff303e4000 	C:\Program Files\Common Files\Microsoft Shared\Ink\rtscom.dll
0x00007fff51c40000 - 0x00007fff51d39000 	C:\WINDOWS\SYSTEM32\textinputframework.dll
0x00007fff5bb90000 - 0x00007fff5beeb000 	C:\WINDOWS\System32\CoreUIComponents.dll

dbghelp: loaded successfully - version: 4.0.5 - missing functions: none
symbol engine: initialized successfully - sym options: 0x614 - pdb path: .;C:\Users\ameni\.jdks\jbr-17.0.8.1\bin;C:\WINDOWS\SYSTEM32;C:\WINDOWS\WinSxS\amd64_microsoft.windows.common-controls_6595b64144ccf1df_6.0.19041.3636_none_60b6a03d71f818d5;C:\Users\ameni\.jdks\jbr-17.0.8.1\bin\server;C:\Users\ameni\.openjfx\cache\21.0.2+5\amd64;C:\WINDOWS\System32\DriverStore\FileRepository\u0377487.inf_amd64_99415ae859206efa\B377170;C:\WINDOWS\System32\DriverStore\FileRepository\nvam.inf_amd64_61df758291bf519e;C:\Program Files\Common Files\Microsoft Shared\Ink

VM Arguments:
jvm_args: --module-path=C:\Users\ameni\.m2\repository\org\openjfx\javafx-base\21.0.2\javafx-base-21.0.2-win.jar;C:\Users\ameni\.m2\repository\org\openjfx\javafx-base\21.0.2\javafx-base-21.0.2.jar;C:\Users\ameni\.m2\repository\org\openjfx\javafx-controls\21.0.2\javafx-controls-21.0.2-win.jar;C:\Users\ameni\.m2\repository\org\openjfx\javafx-controls\21.0.2\javafx-controls-21.0.2.jar;C:\Users\ameni\.m2\repository\org\openjfx\javafx-fxml\21.0.2\javafx-fxml-21.0.2-win.jar;C:\Users\ameni\.m2\repository\org\openjfx\javafx-fxml\21.0.2\javafx-fxml-21.0.2.jar;C:\Users\ameni\.m2\repository\org\openjfx\javafx-graphics\21.0.2\javafx-graphics-21.0.2-win.jar;C:\Users\ameni\.m2\repository\org\openjfx\javafx-graphics\21.0.2\javafx-graphics-21.0.2.jar;C:\Users\ameni\.m2\repository\org\openjfx\javafx-media\21.0.2\javafx-media-21.0.2-win.jar;C:\Users\ameni\.m2\repository\org\openjfx\javafx-media\21.0.2\javafx-media-21.0.2.jar;C:\Users\ameni\.m2\repository\org\openjfx\javafx-web\20.0.2\javafx-web-20.0.2-win.jar;C:\Users\ameni\.m2\repository\org\openjfx\javafx-web\20.0.2\javafx-web-20.0.2.jar --add-modules=javafx.base,javafx.controls,javafx.fxml,javafx.graphics,javafx.media,javafx.web 
java_command: edu.esprit.tests.MainFx
java_class_path (initial): C:\Users\ameni\Downloads\Gestion_Evenement2\target\classes;C:\Users\ameni\.m2\repository\com\fasterxml\jackson\core\jackson-core\2.11.1\jackson-core-2.11.1.jar;C:\Users\ameni\.m2\repository\com\google\api-client\google-api-client\2.2.0\google-api-client-2.2.0.jar;C:\Users\ameni\.m2\repository\com\google\apis\google-api-services-drive\v3-rev20240123-2.0.0\google-api-services-drive-v3-rev20240123-2.0.0.jar;C:\Users\ameni\.m2\repository\com\google\auth\google-auth-library-credentials\1.3.0\google-auth-library-credentials-1.3.0.jar;C:\Users\ameni\.m2\repository\com\google\auth\google-auth-library-oauth2-http\1.3.0\google-auth-library-oauth2-http-1.3.0.jar;C:\Users\ameni\.m2\repository\com\google\auto\value\auto-value-annotations\1.8.2\auto-value-annotations-1.8.2.jar;C:\Users\ameni\.m2\repository\com\google\code\findbugs\jsr305\3.0.2\jsr305-3.0.2.jar;C:\Users\ameni\.m2\repository\com\google\code\gson\gson\2.8.9\gson-2.8.9.jar;C:\Users\ameni\.m2\repository\com\google\errorprone\error_prone_annotations\2.18.0\error_prone_annotations-2.18.0.jar;C:\Users\ameni\.m2\repository\com\google\guava\failureaccess\1.0.1\failureaccess-1.0.1.jar;C:\Users\ameni\.m2\repository\com\google\guava\guava\32.0.1-android\guava-32.0.1-android.jar;C:\Users\ameni\.m2\repository\com\google\guava\listenablefuture\9999.0-empty-to-avoid-conflict-with-guava\listenablefuture-9999.0-empty-to-avoid-conflict-with-guava.jar;C:\Users\ameni\.m2\repository\com\google\http-client\google-http-client\1.40.1\google-http-client-1.40.1.jar;C:\Users\ameni\.m2\repository\com\google\http-client\google-http-client-apache-v2\1.42.3\google-http-client-apache-v2-1.42.3.jar;C:\Users\ameni\.m2\repository\com\google\http-client\google-http-client-gson\1.40.1\google-http-client-gson-1.40.1.jar;C:\Users\ameni\.m2\repository\com\google\http-client\google-http-client-jackson2\1.36.0\google-http-client-jackson2-1.36.0.jar;C:\Users\ameni\.m2\repository\com\google\j2objc\j2objc-annotations\2.8\j2objc-an
Launcher Type: SUN_STANDARD

[Global flags]
     intx CICompilerCount                          = 4                                         {product} {ergonomic}
     uint ConcGCThreads                            = 2                                         {product} {ergonomic}
     uint G1ConcRefinementThreads                  = 8                                         {product} {ergonomic}
   size_t G1HeapRegionSize                         = 1048576                                   {product} {ergonomic}
    uintx GCDrainStackTargetSize                   = 64                                        {product} {ergonomic}
   size_t InitialHeapSize                          = 100663296                                 {product} {ergonomic}
   size_t MarkStackSize                            = 4194304                                   {product} {ergonomic}
   size_t MaxHeapSize                              = 1598029824                                {product} {ergonomic}
   size_t MaxNewSize                               = 958398464                                 {product} {ergonomic}
   size_t MinHeapDeltaBytes                        = 1048576                                   {product} {ergonomic}
   size_t MinHeapSize                              = 8388608                                   {product} {ergonomic}
    uintx NonNMethodCodeHeapSize                   = 5839372                                {pd product} {ergonomic}
    uintx NonProfiledCodeHeapSize                  = 122909434                              {pd product} {ergonomic}
    uintx ProfiledCodeHeapSize                     = 122909434                              {pd product} {ergonomic}
    uintx ReservedCodeCacheSize                    = 251658240                              {pd product} {ergonomic}
     bool SegmentedCodeCache                       = true                                      {product} {ergonomic}
   size_t SoftMaxHeapSize                          = 1598029824                             {manageable} {ergonomic}
     bool UseCompressedClassPointers               = true                           {product lp64_product} {ergonomic}
     bool UseCompressedOops                        = true                           {product lp64_product} {ergonomic}
     bool UseG1GC                                  = true                                      {product} {ergonomic}
     bool UseLargePagesIndividualAllocation        = false                                  {pd product} {ergonomic}

Logging:
Log output configuration:
 #0: stdout all=warning uptime,level,tags
 #1: stderr all=off uptime,level,tags

Environment Variables:
PATH=C:\oraclexe\app\oracle\product\11.2.0\server\bin;;C:\Program Files (x86)\VMware\VMware Workstation\bin\;C:\Users\ameni\.jdks\jbr-17.0.8.1\bin;C:\oraclexe\app\oracle\product\11.2.0\server\bin;C:\Program Files (x86)\Common Files\Intel\Shared Libraries\redist\intel64\compiler;C:\Windows\system32;C:\Windows;C:\Windows\System32\Wbem;C:\Windows\System32\WindowsPowerShell\v1.0\;C:\Windows\System32\OpenSSH\;C:\Program Files (x86)\NVIDIA Corporation\PhysX\Common;C:\Program Files\NVIDIA Corporation\NVIDIA NvDLISR;C:\WINDOWS\system32;C:\WINDOWS;C:\WINDOWS\System32\Wbem;C:\WINDOWS\System32\WindowsPowerShell\v1.0\;C:\WINDOWS\System32\OpenSSH\;C:\Strawberry\c\bin;C:\Strawberry\perl\site\bin;C:\Strawberry\perl\bin;C:\instantclient12_2;C:\oraclexe\app\oracle\admin\XE;C:\oraclexe;C:\Program Files\Git\cmd;C:\Users\ameni\.jdks\jbr-17.0.8.1;C:\xampp\php;C:\ProgramData\ComposerSetup\bin;C:\Users\ameni\scoop\shims;C:\Users\ameni\AppData\Local\Programs\Python\Python39\Scripts\;C:\Users\ameni\AppData\Local\Programs\Python\Python39\;C:\Users\ameni\AppData\Local\Microsoft\WindowsApps;;C:\Users\ameni\AppData\Local\Programs\Microsoft VS Code\bin;C:\Users\ameni\AppData\Roaming\Composer\vendor\bin
USERNAME=ameni
OS=Windows_NT
PROCESSOR_IDENTIFIER=AMD64 Family 23 Model 24 Stepping 1, AuthenticAMD
TMP=C:\Users\ameni\AppData\Local\Temp
TEMP=C:\Users\ameni\AppData\Local\Temp


JNI global refs:
JNI global refs: 265, weak refs: 9

JNI global refs memory usage: 3371, weak refs: 841

OOME stack traces (most recent first):
Classloader memory used:
Loader bootstrap                                                                       : 2876K
Loader jdk.internal.loader.ClassLoaders$AppClassLoader                                 : 2320K
Loader jdk.internal.loader.ClassLoaders$PlatformClassLoader                            : 365K
Loader jdk.internal.reflect.DelegatingClassLoader                                      : 21599B
Loader com.sun.javafx.reflect.MethodUtil                                               : 510B


---------------  S Y S T E M  ---------------

OS:
 Windows 10 , 64 bit Build 19041 (10.0.19041.3636)
OS uptime: 5 days 21:10 hours

CPU: total 8 (initial active 8) (8 cores per cpu, 2 threads per core) family 23 model 24 stepping 1 microcode 0x0, cx8, cmov, fxsr, ht, mmx, 3dnowpref, sse, sse2, sse3, ssse3, sse4a, sse4.1, sse4.2, popcnt, lzcnt, tsc, tscinvbit, avx, avx2, aes, clmul, bmi1, bmi2, adx, sha, fma, vzeroupper, clflush, clflushopt
Processor Information for all 8 processors :
  Max Mhz: 2100, Current Mhz: 2100, Mhz Limit: 2100

Memory: 4k page, system-wide physical 6091M (309M free)
TotalPageFile size 24523M (AvailPageFile size 4M)
current process WorkingSet (physical memory assigned to process): 530M, peak: 580M
current process commit charge ("private bytes"): 1014M, peak: 1061M

vm_info: OpenJDK 64-Bit Server VM (17.0.8.1+7-b1059.3) for windows-amd64 JRE (17.0.8.1+7-b1059.3), built on 2023-09-11 by "builduser" with MS VC++ 16.10 / 16.11 (VS2019)

END.
