#
# There is insufficient memory for the Java Runtime Environment to continue.
# Native memory allocation (mmap) failed to map 2097152 bytes for G1 virtual space
# Possible reasons:
#   The system is out of physical RAM or swap space
#   The process is running with CompressedOops enabled, and the Java Heap may be blocking the growth of the native heap
# Possible solutions:
#   Reduce memory load on the system
#   Increase physical memory or swap space
#   Check if swap backing store is full
#   Decrease Java heap size (-Xmx/-Xms)
#   Decrease number of Java threads
#   Decrease Java thread stack sizes (-Xss)
#   Set larger code cache with -XX:ReservedCodeCacheSize=
#   JVM is running with Unscaled Compressed Oops mode in which the Java heap is
#     placed in the first 4GB address space. The Java Heap base address is the
#     maximum limit for the native heap growth. Please use -XX:HeapBaseMinAddress
#     to set the Java Heap base and to place the Java Heap above 4GB virtual address.
# This output file may be truncated or incomplete.
#
#  Out of Memory Error (os_windows.cpp:3825), pid=108816, tid=114280
#
# JRE version: OpenJDK Runtime Environment JBR-17.0.8.1+7-1059.3-nomod (17.0.8.1+7) (build 17.0.8.1+7-b1059.3)
# Java VM: OpenJDK 64-Bit Server VM JBR-17.0.8.1+7-1059.3-nomod (17.0.8.1+7-b1059.3, mixed mode, tiered, compressed oops, compressed class ptrs, g1 gc, windows-amd64)
# No core dump will be written. Minidumps are not enabled by default on client versions of Windows
#

---------------  S U M M A R Y ------------

Command Line: --module-path=C:\Users\ameni\.m2\repository\org\openjfx\javafx-base\21.0.2\javafx-base-21.0.2-win.jar;C:\Users\ameni\.m2\repository\org\openjfx\javafx-base\21.0.2\javafx-base-21.0.2.jar;C:\Users\ameni\.m2\repository\org\openjfx\javafx-controls\21.0.2\javafx-controls-21.0.2-win.jar;C:\Users\ameni\.m2\repository\org\openjfx\javafx-controls\21.0.2\javafx-controls-21.0.2.jar;C:\Users\ameni\.m2\repository\org\openjfx\javafx-fxml\21.0.2\javafx-fxml-21.0.2-win.jar;C:\Users\ameni\.m2\repository\org\openjfx\javafx-fxml\21.0.2\javafx-fxml-21.0.2.jar;C:\Users\ameni\.m2\repository\org\openjfx\javafx-graphics\21.0.2\javafx-graphics-21.0.2-win.jar;C:\Users\ameni\.m2\repository\org\openjfx\javafx-graphics\21.0.2\javafx-graphics-21.0.2.jar;C:\Users\ameni\.m2\repository\org\openjfx\javafx-media\21.0.2\javafx-media-21.0.2-win.jar;C:\Users\ameni\.m2\repository\org\openjfx\javafx-media\21.0.2\javafx-media-21.0.2.jar;C:\Users\ameni\.m2\repository\org\openjfx\javafx-web\20.0.2\javafx-web-20.0.2-win.jar;C:\Users\ameni\.m2\repository\org\openjfx\javafx-web\20.0.2\javafx-web-20.0.2.jar --add-modules=javafx.base,javafx.controls,javafx.fxml,javafx.graphics,javafx.media,javafx.web edu.esprit.tests.MainFx

Host: AMD Ryzen 5 3500U with Radeon Vega Mobile Gfx  , 8 cores, 5G,  Windows 10 , 64 bit Build 19041 (10.0.19041.3636)
Time: Sun Mar  3 16:07:00 2024 Afr. centrale Ouest elapsed time: 147.904066 seconds (0d 0h 2m 27s)

---------------  T H R E A D  ---------------

Current thread (0x0000025177013c20):  VMThread "VM Thread" [stack: 0x0000008d34b00000,0x0000008d34c00000] [id=114280]

Stack: [0x0000008d34b00000,0x0000008d34c00000]
Native frames: (J=compiled Java code, j=interpreted, Vv=VM code, C=native code)
V  [jvm.dll+0x6852da]

VM_Operation (0x0000008d347ff8e0): G1PauseRemark, mode: safepoint, requested by thread 0x000002515a142c70


---------------  P R O C E S S  ---------------

Threads class SMR info:
_java_thread_list=0x000002518d572e40, length=45, elements={
0x000002515a0e86a0, 0x0000025172ea7520, 0x0000025172ea8dc0, 0x0000025177021a70,
0x0000025177044280, 0x00000251770457e0, 0x000002517703d1d0, 0x000002517704aa70,
0x000002517704b380, 0x000002517704e440, 0x000002517712c900, 0x00000251773f1bc0,
0x0000025177a9e190, 0x0000025177b63660, 0x0000025177b63b40, 0x0000025177d14c30,
0x0000025177d15110, 0x000002517d2e7840, 0x000002517d2e7d50, 0x000002517d2eaae0,
0x000002517d2eaff0, 0x000002517d2e8770, 0x000002517d2e8c80, 0x000002517d2e9190,
0x000002517d2e96a0, 0x000002517d2ea0c0, 0x000002517d2ea5d0, 0x000002517dfe0090,
0x000002517dfdaf90, 0x000002517dfe19e0, 0x000002517dfdf670, 0x000002517dfdd810,
0x000002517dfdcdf0, 0x0000025152cd7f50, 0x0000025152cd98a0, 0x0000025152cd9390,
0x000002517d7e3010, 0x000002517d7e2b00, 0x000002517d7e5380, 0x000002517d7e1bd0,
0x000002517d7e3520, 0x000002517d56e4c0, 0x000002517dc8a420, 0x000002518acb05a0,
0x0000025152b195c0
}

Java Threads: ( => current thread )
  0x000002515a0e86a0 JavaThread "main" [_thread_blocked, id=107692, stack(0x0000008d34500000,0x0000008d34600000)]
  0x0000025172ea7520 JavaThread "Reference Handler" daemon [_thread_blocked, id=106164, stack(0x0000008d34c00000,0x0000008d34d00000)]
  0x0000025172ea8dc0 JavaThread "Finalizer" daemon [_thread_blocked, id=106696, stack(0x0000008d34d00000,0x0000008d34e00000)]
  0x0000025177021a70 JavaThread "Signal Dispatcher" daemon [_thread_blocked, id=93844, stack(0x0000008d34e00000,0x0000008d34f00000)]
  0x0000025177044280 JavaThread "Attach Listener" daemon [_thread_blocked, id=106628, stack(0x0000008d34f00000,0x0000008d35000000)]
  0x00000251770457e0 JavaThread "Service Thread" daemon [_thread_blocked, id=103636, stack(0x0000008d35000000,0x0000008d35100000)]
  0x000002517703d1d0 JavaThread "Monitor Deflation Thread" daemon [_thread_blocked, id=103680, stack(0x0000008d35100000,0x0000008d35200000)]
  0x000002517704aa70 JavaThread "C2 CompilerThread0" daemon [_thread_blocked, id=108812, stack(0x0000008d35200000,0x0000008d35300000)]
  0x000002517704b380 JavaThread "C1 CompilerThread0" daemon [_thread_blocked, id=95760, stack(0x0000008d35300000,0x0000008d35400000)]
  0x000002517704e440 JavaThread "Sweeper thread" daemon [_thread_blocked, id=96488, stack(0x0000008d35400000,0x0000008d35500000)]
  0x000002517712c900 JavaThread "Common-Cleaner" daemon [_thread_blocked, id=110368, stack(0x0000008d35500000,0x0000008d35600000)]
  0x00000251773f1bc0 JavaThread "Notification Thread" daemon [_thread_blocked, id=87664, stack(0x0000008d35600000,0x0000008d35700000)]
  0x0000025177a9e190 JavaThread "QuantumRenderer-0" daemon [_thread_blocked, id=92812, stack(0x0000008d35800000,0x0000008d35900000)]
  0x0000025177b63660 JavaThread "InvokeLaterDispatcher" daemon [_thread_blocked, id=115292, stack(0x0000008d35d00000,0x0000008d35e00000)]
  0x0000025177b63b40 JavaThread "JavaFX Application Thread" [_thread_blocked, id=113948, stack(0x0000008d35e00000,0x0000008d35f00000)]
  0x0000025177d14c30 JavaThread "JavaFX-Launcher" [_thread_blocked, id=112080, stack(0x0000008d36500000,0x0000008d36600000)]
  0x0000025177d15110 JavaThread "Thread-2" daemon [_thread_blocked, id=113324, stack(0x0000008d36400000,0x0000008d36500000)]
  0x000002517d2e7840 JavaThread "mysql-cj-abandoned-connection-cleanup" daemon [_thread_blocked, id=111428, stack(0x0000008d36b00000,0x0000008d36c00000)]
  0x000002517d2e7d50 JavaThread "Prism Font Disposer" daemon [_thread_blocked, id=89188, stack(0x0000008d37300000,0x0000008d37400000)]
  0x000002517d2eaae0 JavaThread "Cleaner-0" daemon [_thread_blocked, id=115620, stack(0x0000008d37600000,0x0000008d37700000)]
  0x000002517d2eaff0 JavaThread "Disposer" daemon [_thread_blocked, id=103752, stack(0x0000008d34400000,0x0000008d34500000)]
  0x000002517d2e8770 JavaThread "HttpClient-1-SelectorManager" daemon [_thread_in_native, id=108312, stack(0x0000008d35b00000,0x0000008d35c00000)]
  0x000002517d2e8c80 JavaThread "HttpClient-1-Worker-0" daemon [_thread_blocked, id=93556, stack(0x0000008d37200000,0x0000008d37300000)]
  0x000002517d2e9190 JavaThread "HttpClient-1-Worker-1" daemon [_thread_blocked, id=114652, stack(0x0000008d38000000,0x0000008d38100000)]
  0x000002517d2e96a0 JavaThread "ForkJoinPool.commonPool-worker-1" daemon [_thread_blocked, id=113620, stack(0x0000008d38100000,0x0000008d38200000)]
  0x000002517d2ea0c0 JavaThread "ForkJoinPool.commonPool-worker-2" daemon [_thread_blocked, id=112180, stack(0x0000008d38200000,0x0000008d38300000)]
  0x000002517d2ea5d0 JavaThread "ForkJoinPool.commonPool-worker-3" daemon [_thread_blocked, id=115032, stack(0x0000008d38300000,0x0000008d38400000)]
  0x000002517dfe0090 JavaThread "Thread-4" daemon [_thread_in_native, id=98536, stack(0x0000008d38400000,0x0000008d38500000)]
  0x000002517dfdaf90 JavaThread "ForkJoinPool.commonPool-worker-4" daemon [_thread_blocked, id=108256, stack(0x0000008d38500000,0x0000008d38600000)]
  0x000002517dfe19e0 JavaThread "ForkJoinPool.commonPool-worker-5" daemon [_thread_blocked, id=101432, stack(0x0000008d38600000,0x0000008d38700000)]
  0x000002517dfdf670 JavaThread "ForkJoinPool.commonPool-worker-6" daemon [_thread_blocked, id=107868, stack(0x0000008d38700000,0x0000008d38800000)]
  0x000002517dfdd810 JavaThread "ForkJoinPool.commonPool-worker-7" daemon [_thread_blocked, id=106632, stack(0x0000008d38800000,0x0000008d38900000)]
  0x000002517dfdcdf0 JavaThread "HttpClient-1-Worker-2" daemon [_thread_blocked, id=77952, stack(0x0000008d38900000,0x0000008d38a00000)]
  0x0000025152cd7f50 JavaThread "HttpClient-1-Worker-3" daemon [_thread_blocked, id=99868, stack(0x0000008d38c00000,0x0000008d38d00000)]
  0x0000025152cd98a0 JavaThread "HttpClient-1-Worker-4" daemon [_thread_blocked, id=22060, stack(0x0000008d38d00000,0x0000008d38e00000)]
  0x0000025152cd9390 JavaThread "HttpClient-1-Worker-5" daemon [_thread_blocked, id=93632, stack(0x0000008d38f00000,0x0000008d39000000)]
  0x000002517d7e3010 JavaThread "HttpClient-1-Worker-6" daemon [_thread_blocked, id=101696, stack(0x0000008d39300000,0x0000008d39400000)]
  0x000002517d7e2b00 JavaThread "HttpClient-1-Worker-7" daemon [_thread_blocked, id=113964, stack(0x0000008d39400000,0x0000008d39500000)]
  0x000002517d7e5380 JavaThread "HttpClient-1-Worker-8" daemon [_thread_blocked, id=112388, stack(0x0000008d39500000,0x0000008d39600000)]
  0x000002517d7e1bd0 JavaThread "HttpClient-1-Worker-9" daemon [_thread_blocked, id=53300, stack(0x0000008d39600000,0x0000008d39700000)]
  0x000002517d7e3520 JavaThread "HttpClient-1-Worker-10" daemon [_thread_blocked, id=110564, stack(0x0000008d39800000,0x0000008d39900000)]
  0x000002517d56e4c0 JavaThread "HttpClient-1-Worker-11" daemon [_thread_blocked, id=104736, stack(0x0000008d39900000,0x0000008d39a00000)]
  0x000002517dc8a420 JavaThread "HttpClient-1-Worker-12" daemon [_thread_blocked, id=10832, stack(0x0000008d39a00000,0x0000008d39b00000)]
  0x000002518acb05a0 JavaThread "Thread-73" daemon [_thread_in_native, id=97620, stack(0x0000008d39200000,0x0000008d39300000)]
  0x0000025152b195c0 JavaThread "Thread-75" daemon [_thread_in_native, id=90740, stack(0x0000008d39b00000,0x0000008d39c00000)]

Other Threads:
=>0x0000025177013c20 VMThread "VM Thread" [stack: 0x0000008d34b00000,0x0000008d34c00000] [id=114280]
  0x000002515a149680 WatcherThread [stack: 0x0000008d35700000,0x0000008d35800000] [id=112564]
  0x000002515a135700 GCTaskThread "GC Thread#0" [stack: 0x0000008d34600000,0x0000008d34700000] [id=100644]
  0x000002517ca8c3a0 GCTaskThread "GC Thread#1" [stack: 0x0000008d36600000,0x0000008d36700000] [id=115556]
  0x000002517c95e170 GCTaskThread "GC Thread#2" [stack: 0x0000008d36700000,0x0000008d36800000] [id=113248]
  0x000002517c95e430 GCTaskThread "GC Thread#3" [stack: 0x0000008d36800000,0x0000008d36900000] [id=55320]
  0x0000025177baee80 GCTaskThread "GC Thread#4" [stack: 0x0000008d36900000,0x0000008d36a00000] [id=105644]
  0x0000025177baf140 GCTaskThread "GC Thread#5" [stack: 0x0000008d36a00000,0x0000008d36b00000] [id=112808]
  0x000002517d947810 GCTaskThread "GC Thread#6" [stack: 0x0000008d36c00000,0x0000008d36d00000] [id=95496]
  0x000002517da014b0 GCTaskThread "GC Thread#7" [stack: 0x0000008d36d00000,0x0000008d36e00000] [id=112648]
  0x000002515a142c70 ConcurrentGCThread "G1 Main Marker" [stack: 0x0000008d34700000,0x0000008d34800000] [id=102752]
  0x000002515a143680 ConcurrentGCThread "G1 Conc#0" [stack: 0x0000008d34800000,0x0000008d34900000] [id=98056]
  0x000002517d937d30 ConcurrentGCThread "G1 Conc#1" [stack: 0x0000008d37100000,0x0000008d37200000] [id=113220]
  0x000002515a17df90 ConcurrentGCThread "G1 Refine#0" [stack: 0x0000008d34900000,0x0000008d34a00000] [id=107804]
  0x000002517d6f8420 ConcurrentGCThread "G1 Refine#1" [stack: 0x0000008d36e00000,0x0000008d36f00000] [id=107452]
  0x000002517e8a9c90 ConcurrentGCThread "G1 Refine#2" [stack: 0x0000008d36f00000,0x0000008d37000000] [id=108828]
  0x000002517d6f92d0 ConcurrentGCThread "G1 Refine#3" [stack: 0x0000008d37000000,0x0000008d37100000] [id=82468]
  0x000002515a17e9c0 ConcurrentGCThread "G1 Service" [stack: 0x0000008d34a00000,0x0000008d34b00000] [id=110364]

Threads with active compile tasks:

VM state: at safepoint (normal execution)

VM Mutex/Monitor currently owned by a thread:  ([mutex/lock_event])
[0x000002515a0e4610] Threads_lock - owner thread: 0x0000025177013c20
[0x000002515a0e56f0] Heap_lock - owner thread: 0x000002515a142c70

Heap address: 0x00000000a0c00000, size: 1524 MB, Compressed Oops mode: 32-bit

CDS archive(s) not mapped
Compressed class space mapped at: 0x0000000100000000-0x0000000140000000, reserved size: 1073741824
Narrow klass base: 0x0000000000000000, Narrow klass shift: 3, Narrow klass range: 0x140000000

GC Precious Log:
 CPUs: 8 total, 8 available
 Memory: 6091M
 Large Page Support: Disabled
 NUMA Support: Disabled
 Compressed Oops: Enabled (32-bit)
 Heap Region Size: 1M
 Heap Min Capacity: 8M
 Heap Initial Capacity: 96M
 Heap Max Capacity: 1524M
 Pre-touch: Disabled
 Parallel Workers: 8
 Concurrent Workers: 2
 Concurrent Refinement Workers: 8
 Periodic GC: Disabled

Heap:
 garbage-first heap   total 196608K, used 115918K [0x00000000a0c00000, 0x0000000100000000)
  region size 1024K, 5 young (5120K), 3 survivors (3072K)
 Metaspace       used 43508K, committed 43968K, reserved 1114112K
  class space    used 5456K, committed 5696K, reserved 1048576K

Heap Regions: E=young(eden), S=young(survivor), O=old, HS=humongous(starts), HC=humongous(continues), CS=collection set, F=free, OA=open archive, CA=closed archive, TAMS=top-at-mark-start (previous, next)
|   0|0x00000000a0c00000, 0x00000000a0d00000, 0x00000000a0d00000|100%| O|  |TAMS 0x00000000a0d00000, 0x00000000a0c00000| Untracked 
|   1|0x00000000a0d00000, 0x00000000a0e00000, 0x00000000a0e00000|100%|HS|  |TAMS 0x00000000a0e00000, 0x00000000a0d00000| Complete 
|   2|0x00000000a0e00000, 0x00000000a0f00000, 0x00000000a0f00000|100%|HS|  |TAMS 0x00000000a0f00000, 0x00000000a0e00000| Complete 
|   3|0x00000000a0f00000, 0x00000000a1000000, 0x00000000a1000000|100%| O|  |TAMS 0x00000000a1000000, 0x00000000a0f00000| Untracked 
|   4|0x00000000a1000000, 0x00000000a1100000, 0x00000000a1100000|100%|HS|  |TAMS 0x00000000a1100000, 0x00000000a1000000| Complete 
|   5|0x00000000a1100000, 0x00000000a1200000, 0x00000000a1200000|100%|HC|  |TAMS 0x00000000a1200000, 0x00000000a1100000| Complete 
|   6|0x00000000a1200000, 0x00000000a1300000, 0x00000000a1300000|100%|HS|  |TAMS 0x00000000a1300000, 0x00000000a1200000| Complete 
|   7|0x00000000a1300000, 0x00000000a1400000, 0x00000000a1400000|100%|HC|  |TAMS 0x00000000a1400000, 0x00000000a1300000| Complete 
|   8|0x00000000a1400000, 0x00000000a1500000, 0x00000000a1500000|100%|HC|  |TAMS 0x00000000a1500000, 0x00000000a1400000| Complete 
|   9|0x00000000a1500000, 0x00000000a1600000, 0x00000000a1600000|100%|HC|  |TAMS 0x00000000a1600000, 0x00000000a1500000| Complete 
|  10|0x00000000a1600000, 0x00000000a1700000, 0x00000000a1700000|100%|HC|  |TAMS 0x00000000a1700000, 0x00000000a1600000| Complete 
|  11|0x00000000a1700000, 0x00000000a1800000, 0x00000000a1800000|100%|HC|  |TAMS 0x00000000a1800000, 0x00000000a1700000| Complete 
|  12|0x00000000a1800000, 0x00000000a1900000, 0x00000000a1900000|100%|HC|  |TAMS 0x00000000a1900000, 0x00000000a1800000| Complete 
|  13|0x00000000a1900000, 0x00000000a1a00000, 0x00000000a1a00000|100%|HC|  |TAMS 0x00000000a1a00000, 0x00000000a1900000| Complete 
|  14|0x00000000a1a00000, 0x00000000a1b00000, 0x00000000a1b00000|100%|HC|  |TAMS 0x00000000a1b00000, 0x00000000a1a00000| Complete 
|  15|0x00000000a1b00000, 0x00000000a1c00000, 0x00000000a1c00000|100%|HC|  |TAMS 0x00000000a1c00000, 0x00000000a1b00000| Complete 
|  16|0x00000000a1c00000, 0x00000000a1d00000, 0x00000000a1d00000|100%|HC|  |TAMS 0x00000000a1d00000, 0x00000000a1c00000| Complete 
|  17|0x00000000a1d00000, 0x00000000a1e00000, 0x00000000a1e00000|100%|HC|  |TAMS 0x00000000a1e00000, 0x00000000a1d00000| Complete 
|  18|0x00000000a1e00000, 0x00000000a1f00000, 0x00000000a1f00000|100%|HC|  |TAMS 0x00000000a1f00000, 0x00000000a1e00000| Complete 
|  19|0x00000000a1f00000, 0x00000000a2000000, 0x00000000a2000000|100%|HC|  |TAMS 0x00000000a2000000, 0x00000000a1f00000| Complete 
|  20|0x00000000a2000000, 0x00000000a2100000, 0x00000000a2100000|100%|HC|  |TAMS 0x00000000a2100000, 0x00000000a2000000| Complete 
|  21|0x00000000a2100000, 0x00000000a2200000, 0x00000000a2200000|100%|HC|  |TAMS 0x00000000a2200000, 0x00000000a2100000| Complete 
|  22|0x00000000a2200000, 0x00000000a2300000, 0x00000000a2300000|100%|HS|  |TAMS 0x00000000a2300000, 0x00000000a2200000| Complete 
|  23|0x00000000a2300000, 0x00000000a2400000, 0x00000000a2400000|100%|HC|  |TAMS 0x00000000a2400000, 0x00000000a2300000| Complete 
|  24|0x00000000a2400000, 0x00000000a2500000, 0x00000000a2500000|100%|HS|  |TAMS 0x00000000a2500000, 0x00000000a2400000| Complete 
|  25|0x00000000a2500000, 0x00000000a2600000, 0x00000000a2600000|100%|HC|  |TAMS 0x00000000a2600000, 0x00000000a2500000| Complete 
|  26|0x00000000a2600000, 0x00000000a2700000, 0x00000000a2700000|100%| O|  |TAMS 0x00000000a2700000, 0x00000000a2600000| Untracked 
|  27|0x00000000a2700000, 0x00000000a2800000, 0x00000000a2800000|100%| O|  |TAMS 0x00000000a2800000, 0x00000000a2700000| Untracked 
|  28|0x00000000a2800000, 0x00000000a2900000, 0x00000000a2900000|100%| O|  |TAMS 0x00000000a2900000, 0x00000000a2800000| Untracked 
|  29|0x00000000a2900000, 0x00000000a2a00000, 0x00000000a2a00000|100%| O|  |TAMS 0x00000000a2a00000, 0x00000000a2900000| Untracked 
|  30|0x00000000a2a00000, 0x00000000a2b00000, 0x00000000a2b00000|100%| O|  |TAMS 0x00000000a2b00000, 0x00000000a2a00000| Untracked 
|  31|0x00000000a2b00000, 0x00000000a2c00000, 0x00000000a2c00000|100%| O|  |TAMS 0x00000000a2c00000, 0x00000000a2b00000| Untracked 
|  32|0x00000000a2c00000, 0x00000000a2d00000, 0x00000000a2d00000|100%| O|  |TAMS 0x00000000a2d00000, 0x00000000a2c00000| Untracked 
|  33|0x00000000a2d00000, 0x00000000a2e00000, 0x00000000a2e00000|100%| O|  |TAMS 0x00000000a2e00000, 0x00000000a2d00000| Untracked 
|  34|0x00000000a2e00000, 0x00000000a2f00000, 0x00000000a2f00000|100%| O|  |TAMS 0x00000000a2f00000, 0x00000000a2e00000| Untracked 
|  35|0x00000000a2f00000, 0x00000000a3000000, 0x00000000a3000000|100%|HS|  |TAMS 0x00000000a3000000, 0x00000000a2f00000| Complete 
|  36|0x00000000a3000000, 0x00000000a3100000, 0x00000000a3100000|100%|HC|  |TAMS 0x00000000a3100000, 0x00000000a3000000| Complete 
|  37|0x00000000a3100000, 0x00000000a3200000, 0x00000000a3200000|100%| O|  |TAMS 0x00000000a3200000, 0x00000000a3100000| Untracked 
|  38|0x00000000a3200000, 0x00000000a3300000, 0x00000000a3300000|100%| O|  |TAMS 0x00000000a3300000, 0x00000000a3200000| Updating 
|  39|0x00000000a3300000, 0x00000000a3400000, 0x00000000a3400000|100%| O|  |TAMS 0x00000000a3400000, 0x00000000a3300000| Untracked 
|  40|0x00000000a3400000, 0x00000000a3500000, 0x00000000a3500000|100%| O|  |TAMS 0x00000000a3500000, 0x00000000a3400000| Untracked 
|  41|0x00000000a3500000, 0x00000000a3600000, 0x00000000a3600000|100%| O|  |TAMS 0x00000000a3600000, 0x00000000a3500000| Untracked 
|  42|0x00000000a3600000, 0x00000000a3700000, 0x00000000a3700000|100%| O|  |TAMS 0x00000000a3700000, 0x00000000a3600000| Untracked 
|  43|0x00000000a3700000, 0x00000000a3800000, 0x00000000a3800000|100%|HS|  |TAMS 0x00000000a3800000, 0x00000000a3700000| Complete 
|  44|0x00000000a3800000, 0x00000000a3900000, 0x00000000a3900000|100%|HS|  |TAMS 0x00000000a3900000, 0x00000000a3800000| Complete 
|  45|0x00000000a3900000, 0x00000000a3a00000, 0x00000000a3a00000|100%|HC|  |TAMS 0x00000000a3a00000, 0x00000000a3900000| Complete 
|  46|0x00000000a3a00000, 0x00000000a3b00000, 0x00000000a3b00000|100%| O|  |TAMS 0x00000000a3b00000, 0x00000000a3a00000| Untracked 
|  47|0x00000000a3b00000, 0x00000000a3c00000, 0x00000000a3c00000|100%| O|  |TAMS 0x00000000a3c00000, 0x00000000a3b00000| Untracked 
|  48|0x00000000a3c00000, 0x00000000a3d00000, 0x00000000a3d00000|100%|HS|  |TAMS 0x00000000a3d00000, 0x00000000a3c00000| Complete 
|  49|0x00000000a3d00000, 0x00000000a3e00000, 0x00000000a3e00000|100%|HC|  |TAMS 0x00000000a3e00000, 0x00000000a3d00000| Complete 
|  50|0x00000000a3e00000, 0x00000000a3f00000, 0x00000000a3f00000|100%|HS|  |TAMS 0x00000000a3f00000, 0x00000000a3e00000| Complete 
|  51|0x00000000a3f00000, 0x00000000a4000000, 0x00000000a4000000|100%|HS|  |TAMS 0x00000000a4000000, 0x00000000a3f00000| Complete 
|  52|0x00000000a4000000, 0x00000000a4100000, 0x00000000a4100000|100%|HS|  |TAMS 0x00000000a4100000, 0x00000000a4000000| Complete 
|  53|0x00000000a4100000, 0x00000000a4200000, 0x00000000a4200000|100%|HS|  |TAMS 0x00000000a4200000, 0x00000000a4100000| Complete 
|  54|0x00000000a4200000, 0x00000000a4300000, 0x00000000a4300000|100%|HS|  |TAMS 0x00000000a4300000, 0x00000000a4200000| Complete 
|  55|0x00000000a4300000, 0x00000000a4400000, 0x00000000a4400000|100%|HS|  |TAMS 0x00000000a4400000, 0x00000000a4300000| Complete 
|  56|0x00000000a4400000, 0x00000000a4500000, 0x00000000a4500000|100%| O|  |TAMS 0x00000000a4500000, 0x00000000a4400000| Updating 
|  57|0x00000000a4500000, 0x00000000a4600000, 0x00000000a4600000|100%| O|  |TAMS 0x00000000a4600000, 0x00000000a4500000| Updating 
|  58|0x00000000a4600000, 0x00000000a4700000, 0x00000000a4700000|100%| O|  |TAMS 0x00000000a4700000, 0x00000000a4600000| Untracked 
|  59|0x00000000a4700000, 0x00000000a4800000, 0x00000000a4800000|100%| O|  |TAMS 0x00000000a4800000, 0x00000000a4700000| Untracked 
|  60|0x00000000a4800000, 0x00000000a4900000, 0x00000000a4900000|100%|HS|  |TAMS 0x00000000a4900000, 0x00000000a4800000| Complete 
|  61|0x00000000a4900000, 0x00000000a4a00000, 0x00000000a4a00000|100%|HS|  |TAMS 0x00000000a4a00000, 0x00000000a4900000| Complete 
|  62|0x00000000a4a00000, 0x00000000a4b00000, 0x00000000a4b00000|100%|HS|  |TAMS 0x00000000a4b00000, 0x00000000a4a00000| Complete 
|  63|0x00000000a4b00000, 0x00000000a4b27000, 0x00000000a4c00000| 15%| O|  |TAMS 0x00000000a4b22200, 0x00000000a4b00000| Updating 
|  64|0x00000000a4c00000, 0x00000000a4d00000, 0x00000000a4d00000|100%|HS|  |TAMS 0x00000000a4c00000, 0x00000000a4c00000| Complete 
|  65|0x00000000a4d00000, 0x00000000a4e00000, 0x00000000a4e00000|100%|HS|  |TAMS 0x00000000a4d00000, 0x00000000a4d00000| Complete 
|  66|0x00000000a4e00000, 0x00000000a4e00000, 0x00000000a4f00000|  0%| F|  |TAMS 0x00000000a4e00000, 0x00000000a4e00000| Untracked 
|  67|0x00000000a4f00000, 0x00000000a4f00000, 0x00000000a5000000|  0%| F|  |TAMS 0x00000000a4f00000, 0x00000000a4f00000| Untracked 
|  68|0x00000000a5000000, 0x00000000a5000000, 0x00000000a5100000|  0%| F|  |TAMS 0x00000000a5000000, 0x00000000a5000000| Untracked 
|  69|0x00000000a5100000, 0x00000000a5100000, 0x00000000a5200000|  0%| F|  |TAMS 0x00000000a5100000, 0x00000000a5100000| Untracked 
|  70|0x00000000a5200000, 0x00000000a5200000, 0x00000000a5300000|  0%| F|  |TAMS 0x00000000a5200000, 0x00000000a5200000| Untracked 
|  71|0x00000000a5300000, 0x00000000a5300000, 0x00000000a5400000|  0%| F|  |TAMS 0x00000000a5300000, 0x00000000a5300000| Untracked 
|  72|0x00000000a5400000, 0x00000000a5400000, 0x00000000a5500000|  0%| F|  |TAMS 0x00000000a5400000, 0x00000000a5400000| Untracked 
|  73|0x00000000a5500000, 0x00000000a5500000, 0x00000000a5600000|  0%| F|  |TAMS 0x00000000a5500000, 0x00000000a5500000| Untracked 
|  74|0x00000000a5600000, 0x00000000a5600000, 0x00000000a5700000|  0%| F|  |TAMS 0x00000000a5600000, 0x00000000a5600000| Untracked 
|  75|0x00000000a5700000, 0x00000000a5700000, 0x00000000a5800000|  0%| F|  |TAMS 0x00000000a5700000, 0x00000000a5700000| Untracked 
|  76|0x00000000a5800000, 0x00000000a5800000, 0x00000000a5900000|  0%| F|  |TAMS 0x00000000a5800000, 0x00000000a5800000| Untracked 
|  77|0x00000000a5900000, 0x00000000a5a00000, 0x00000000a5a00000|100%|HS|  |TAMS 0x00000000a5a00000, 0x00000000a5900000| Complete 
|  78|0x00000000a5a00000, 0x00000000a5b00000, 0x00000000a5b00000|100%|HC|  |TAMS 0x00000000a5b00000, 0x00000000a5a00000| Complete 
|  79|0x00000000a5b00000, 0x00000000a5c00000, 0x00000000a5c00000|100%|HC|  |TAMS 0x00000000a5c00000, 0x00000000a5b00000| Complete 
|  80|0x00000000a5c00000, 0x00000000a5d00000, 0x00000000a5d00000|100%|HS|  |TAMS 0x00000000a5d00000, 0x00000000a5c00000| Complete 
|  81|0x00000000a5d00000, 0x00000000a5e00000, 0x00000000a5e00000|100%|HC|  |TAMS 0x00000000a5e00000, 0x00000000a5d00000| Complete 
|  82|0x00000000a5e00000, 0x00000000a5f00000, 0x00000000a5f00000|100%|HS|  |TAMS 0x00000000a5f00000, 0x00000000a5e00000| Complete 
|  83|0x00000000a5f00000, 0x00000000a6000000, 0x00000000a6000000|100%|HC|  |TAMS 0x00000000a6000000, 0x00000000a5f00000| Complete 
|  84|0x00000000a6000000, 0x00000000a6100000, 0x00000000a6100000|100%| O|  |TAMS 0x00000000a6100000, 0x00000000a6000000| Updating 
|  85|0x00000000a6100000, 0x00000000a6200000, 0x00000000a6200000|100%| O|  |TAMS 0x00000000a6200000, 0x00000000a6100000| Untracked 
|  86|0x00000000a6200000, 0x00000000a6200000, 0x00000000a6300000|  0%| F|  |TAMS 0x00000000a6200000, 0x00000000a6200000| Untracked 
|  87|0x00000000a6300000, 0x00000000a6400000, 0x00000000a6400000|100%|HS|  |TAMS 0x00000000a6400000, 0x00000000a6300000| Complete 
|  88|0x00000000a6400000, 0x00000000a6500000, 0x00000000a6500000|100%|HC|  |TAMS 0x00000000a6500000, 0x00000000a6400000| Complete 
|  89|0x00000000a6500000, 0x00000000a6500000, 0x00000000a6600000|  0%| F|  |TAMS 0x00000000a6500000, 0x00000000a6500000| Untracked 
|  90|0x00000000a6600000, 0x00000000a6600000, 0x00000000a6700000|  0%| F|  |TAMS 0x00000000a6600000, 0x00000000a6600000| Untracked 
|  91|0x00000000a6700000, 0x00000000a6800000, 0x00000000a6800000|100%|HS|  |TAMS 0x00000000a6800000, 0x00000000a6700000| Complete 
|  92|0x00000000a6800000, 0x00000000a6900000, 0x00000000a6900000|100%|HC|  |TAMS 0x00000000a6900000, 0x00000000a6800000| Complete 
|  93|0x00000000a6900000, 0x00000000a6a00000, 0x00000000a6a00000|100%|HC|  |TAMS 0x00000000a6a00000, 0x00000000a6900000| Complete 
|  94|0x00000000a6a00000, 0x00000000a6b00000, 0x00000000a6b00000|100%|HC|  |TAMS 0x00000000a6b00000, 0x00000000a6a00000| Complete 
|  95|0x00000000a6b00000, 0x00000000a6c00000, 0x00000000a6c00000|100%|HC|  |TAMS 0x00000000a6c00000, 0x00000000a6b00000| Complete 
|  96|0x00000000a6c00000, 0x00000000a6d00000, 0x00000000a6d00000|100%|HC|  |TAMS 0x00000000a6d00000, 0x00000000a6c00000| Complete 
|  97|0x00000000a6d00000, 0x00000000a6e00000, 0x00000000a6e00000|100%|HC|  |TAMS 0x00000000a6e00000, 0x00000000a6d00000| Complete 
|  98|0x00000000a6e00000, 0x00000000a6f00000, 0x00000000a6f00000|100%|HC|  |TAMS 0x00000000a6f00000, 0x00000000a6e00000| Complete 
|  99|0x00000000a6f00000, 0x00000000a7000000, 0x00000000a7000000|100%|HC|  |TAMS 0x00000000a7000000, 0x00000000a6f00000| Complete 
| 100|0x00000000a7000000, 0x00000000a7100000, 0x00000000a7100000|100%|HC|  |TAMS 0x00000000a7100000, 0x00000000a7000000| Complete 
| 101|0x00000000a7100000, 0x00000000a7200000, 0x00000000a7200000|100%|HC|  |TAMS 0x00000000a7200000, 0x00000000a7100000| Complete 
| 102|0x00000000a7200000, 0x00000000a7300000, 0x00000000a7300000|100%|HC|  |TAMS 0x00000000a7300000, 0x00000000a7200000| Complete 
| 103|0x00000000a7300000, 0x00000000a7400000, 0x00000000a7400000|100%|HC|  |TAMS 0x00000000a7400000, 0x00000000a7300000| Complete 
| 104|0x00000000a7400000, 0x00000000a7500000, 0x00000000a7500000|100%|HC|  |TAMS 0x00000000a7500000, 0x00000000a7400000| Complete 
| 105|0x00000000a7500000, 0x00000000a7600000, 0x00000000a7600000|100%|HC|  |TAMS 0x00000000a7600000, 0x00000000a7500000| Complete 
| 106|0x00000000a7600000, 0x00000000a7700000, 0x00000000a7700000|100%|HC|  |TAMS 0x00000000a7700000, 0x00000000a7600000| Complete 
| 107|0x00000000a7700000, 0x00000000a7800000, 0x00000000a7800000|100%|HC|  |TAMS 0x00000000a7800000, 0x00000000a7700000| Complete 
| 108|0x00000000a7800000, 0x00000000a7900000, 0x00000000a7900000|100%|HS|  |TAMS 0x00000000a7900000, 0x00000000a7800000| Complete 
| 109|0x00000000a7900000, 0x00000000a7a00000, 0x00000000a7a00000|100%|HC|  |TAMS 0x00000000a7a00000, 0x00000000a7900000| Complete 
| 110|0x00000000a7a00000, 0x00000000a7b00000, 0x00000000a7b00000|100%|HC|  |TAMS 0x00000000a7b00000, 0x00000000a7a00000| Complete 
| 111|0x00000000a7b00000, 0x00000000a7c00000, 0x00000000a7c00000|100%|HC|  |TAMS 0x00000000a7c00000, 0x00000000a7b00000| Complete 
| 112|0x00000000a7c00000, 0x00000000a7d00000, 0x00000000a7d00000|100%|HC|  |TAMS 0x00000000a7d00000, 0x00000000a7c00000| Complete 
| 113|0x00000000a7d00000, 0x00000000a7e00000, 0x00000000a7e00000|100%|HC|  |TAMS 0x00000000a7e00000, 0x00000000a7d00000| Complete 
| 114|0x00000000a7e00000, 0x00000000a7f00000, 0x00000000a7f00000|100%|HC|  |TAMS 0x00000000a7f00000, 0x00000000a7e00000| Complete 
| 115|0x00000000a7f00000, 0x00000000a8000000, 0x00000000a8000000|100%|HC|  |TAMS 0x00000000a8000000, 0x00000000a7f00000| Complete 
| 116|0x00000000a8000000, 0x00000000a8100000, 0x00000000a8100000|100%|HC|  |TAMS 0x00000000a8100000, 0x00000000a8000000| Complete 
| 117|0x00000000a8100000, 0x00000000a8200000, 0x00000000a8200000|100%|HC|  |TAMS 0x00000000a8200000, 0x00000000a8100000| Complete 
| 118|0x00000000a8200000, 0x00000000a8300000, 0x00000000a8300000|100%|HC|  |TAMS 0x00000000a8300000, 0x00000000a8200000| Complete 
| 119|0x00000000a8300000, 0x00000000a8400000, 0x00000000a8400000|100%|HC|  |TAMS 0x00000000a8400000, 0x00000000a8300000| Complete 
| 120|0x00000000a8400000, 0x00000000a8500000, 0x00000000a8500000|100%|HC|  |TAMS 0x00000000a8500000, 0x00000000a8400000| Complete 
| 121|0x00000000a8500000, 0x00000000a8600000, 0x00000000a8600000|100%|HC|  |TAMS 0x00000000a8600000, 0x00000000a8500000| Complete 
| 122|0x00000000a8600000, 0x00000000a8700000, 0x00000000a8700000|100%|HS|  |TAMS 0x00000000a8700000, 0x00000000a8600000| Complete 
| 123|0x00000000a8700000, 0x00000000a8800000, 0x00000000a8800000|100%|HC|  |TAMS 0x00000000a8800000, 0x00000000a8700000| Complete 
| 124|0x00000000a8800000, 0x00000000a8800000, 0x00000000a8900000|  0%| F|  |TAMS 0x00000000a8800000, 0x00000000a8800000| Untracked 
| 125|0x00000000a8900000, 0x00000000a8900000, 0x00000000a8a00000|  0%| F|  |TAMS 0x00000000a8900000, 0x00000000a8900000| Untracked 
| 126|0x00000000a8a00000, 0x00000000a8a00000, 0x00000000a8b00000|  0%| F|  |TAMS 0x00000000a8a00000, 0x00000000a8a00000| Untracked 
| 127|0x00000000a8b00000, 0x00000000a8b00000, 0x00000000a8c00000|  0%| F|  |TAMS 0x00000000a8b00000, 0x00000000a8b00000| Untracked 
| 128|0x00000000a8c00000, 0x00000000a8c00000, 0x00000000a8d00000|  0%| F|  |TAMS 0x00000000a8c00000, 0x00000000a8c00000| Untracked 
| 129|0x00000000a8d00000, 0x00000000a8d00000, 0x00000000a8e00000|  0%| F|  |TAMS 0x00000000a8d00000, 0x00000000a8d00000| Untracked 
| 130|0x00000000a8e00000, 0x00000000a8e00000, 0x00000000a8f00000|  0%| F|  |TAMS 0x00000000a8e00000, 0x00000000a8e00000| Untracked 
| 131|0x00000000a8f00000, 0x00000000a8f00000, 0x00000000a9000000|  0%| F|  |TAMS 0x00000000a8f00000, 0x00000000a8f00000| Untracked 
| 132|0x00000000a9000000, 0x00000000a9000000, 0x00000000a9100000|  0%| F|  |TAMS 0x00000000a9000000, 0x00000000a9000000| Untracked 
| 133|0x00000000a9100000, 0x00000000a9100000, 0x00000000a9200000|  0%| F|  |TAMS 0x00000000a9100000, 0x00000000a9100000| Untracked 
| 134|0x00000000a9200000, 0x00000000a9200000, 0x00000000a9300000|  0%| F|  |TAMS 0x00000000a9200000, 0x00000000a9200000| Untracked 
| 135|0x00000000a9300000, 0x00000000a9300000, 0x00000000a9400000|  0%| F|  |TAMS 0x00000000a9300000, 0x00000000a9300000| Untracked 
| 136|0x00000000a9400000, 0x00000000a9400000, 0x00000000a9500000|  0%| F|  |TAMS 0x00000000a9400000, 0x00000000a9400000| Untracked 
| 137|0x00000000a9500000, 0x00000000a9500000, 0x00000000a9600000|  0%| F|  |TAMS 0x00000000a9500000, 0x00000000a9500000| Untracked 
| 138|0x00000000a9600000, 0x00000000a9600000, 0x00000000a9700000|  0%| F|  |TAMS 0x00000000a9600000, 0x00000000a9600000| Untracked 
| 139|0x00000000a9700000, 0x00000000a9700000, 0x00000000a9800000|  0%| F|  |TAMS 0x00000000a9700000, 0x00000000a9700000| Untracked 
| 140|0x00000000a9800000, 0x00000000a9800000, 0x00000000a9900000|  0%| F|  |TAMS 0x00000000a9800000, 0x00000000a9800000| Untracked 
| 141|0x00000000a9900000, 0x00000000a9900000, 0x00000000a9a00000|  0%| F|  |TAMS 0x00000000a9900000, 0x00000000a9900000| Untracked 
| 142|0x00000000a9a00000, 0x00000000a9a00000, 0x00000000a9b00000|  0%| F|  |TAMS 0x00000000a9a00000, 0x00000000a9a00000| Untracked 
| 143|0x00000000a9b00000, 0x00000000a9b00000, 0x00000000a9c00000|  0%| F|  |TAMS 0x00000000a9b00000, 0x00000000a9b00000| Untracked 
| 144|0x00000000a9c00000, 0x00000000a9c00000, 0x00000000a9d00000|  0%| F|  |TAMS 0x00000000a9c00000, 0x00000000a9c00000| Untracked 
| 145|0x00000000a9d00000, 0x00000000a9d00000, 0x00000000a9e00000|  0%| F|  |TAMS 0x00000000a9d00000, 0x00000000a9d00000| Untracked 
| 146|0x00000000a9e00000, 0x00000000a9e00000, 0x00000000a9f00000|  0%| F|  |TAMS 0x00000000a9e00000, 0x00000000a9e00000| Untracked 
| 147|0x00000000a9f00000, 0x00000000a9f00000, 0x00000000aa000000|  0%| F|  |TAMS 0x00000000a9f00000, 0x00000000a9f00000| Untracked 
| 148|0x00000000aa000000, 0x00000000aa000000, 0x00000000aa100000|  0%| F|  |TAMS 0x00000000aa000000, 0x00000000aa000000| Untracked 
| 149|0x00000000aa100000, 0x00000000aa100000, 0x00000000aa200000|  0%| F|  |TAMS 0x00000000aa100000, 0x00000000aa100000| Untracked 
| 150|0x00000000aa200000, 0x00000000aa200000, 0x00000000aa300000|  0%| F|  |TAMS 0x00000000aa200000, 0x00000000aa200000| Untracked 
| 151|0x00000000aa300000, 0x00000000aa300000, 0x00000000aa400000|  0%| F|  |TAMS 0x00000000aa300000, 0x00000000aa300000| Untracked 
| 152|0x00000000aa400000, 0x00000000aa400000, 0x00000000aa500000|  0%| F|  |TAMS 0x00000000aa400000, 0x00000000aa400000| Untracked 
| 153|0x00000000aa500000, 0x00000000aa500000, 0x00000000aa600000|  0%| F|  |TAMS 0x00000000aa500000, 0x00000000aa500000| Untracked 
| 154|0x00000000aa600000, 0x00000000aa600000, 0x00000000aa700000|  0%| F|  |TAMS 0x00000000aa600000, 0x00000000aa600000| Untracked 
| 155|0x00000000aa700000, 0x00000000aa700000, 0x00000000aa800000|  0%| F|  |TAMS 0x00000000aa700000, 0x00000000aa700000| Untracked 
| 156|0x00000000aa800000, 0x00000000aa800000, 0x00000000aa900000|  0%| F|  |TAMS 0x00000000aa800000, 0x00000000aa800000| Untracked 
| 157|0x00000000aa900000, 0x00000000aa900000, 0x00000000aaa00000|  0%| F|  |TAMS 0x00000000aa900000, 0x00000000aa900000| Untracked 
| 158|0x00000000aaa00000, 0x00000000aaa00000, 0x00000000aab00000|  0%| F|  |TAMS 0x00000000aaa00000, 0x00000000aaa00000| Untracked 
| 159|0x00000000aab00000, 0x00000000aab00000, 0x00000000aac00000|  0%| F|  |TAMS 0x00000000aab00000, 0x00000000aab00000| Untracked 
| 160|0x00000000aac00000, 0x00000000aac00000, 0x00000000aad00000|  0%| F|  |TAMS 0x00000000aac00000, 0x00000000aac00000| Untracked 
| 161|0x00000000aad00000, 0x00000000aad00000, 0x00000000aae00000|  0%| F|  |TAMS 0x00000000aad00000, 0x00000000aad00000| Untracked 
| 162|0x00000000aae00000, 0x00000000aae00000, 0x00000000aaf00000|  0%| F|  |TAMS 0x00000000aae00000, 0x00000000aae00000| Untracked 
| 163|0x00000000aaf00000, 0x00000000aaf00000, 0x00000000ab000000|  0%| F|  |TAMS 0x00000000aaf00000, 0x00000000aaf00000| Untracked 
| 164|0x00000000ab000000, 0x00000000ab000000, 0x00000000ab100000|  0%| F|  |TAMS 0x00000000ab000000, 0x00000000ab000000| Untracked 
| 165|0x00000000ab100000, 0x00000000ab100000, 0x00000000ab200000|  0%| F|  |TAMS 0x00000000ab100000, 0x00000000ab100000| Untracked 
| 166|0x00000000ab200000, 0x00000000ab200000, 0x00000000ab300000|  0%| F|  |TAMS 0x00000000ab200000, 0x00000000ab200000| Untracked 
| 167|0x00000000ab300000, 0x00000000ab300000, 0x00000000ab400000|  0%| F|  |TAMS 0x00000000ab300000, 0x00000000ab300000| Untracked 
| 168|0x00000000ab400000, 0x00000000ab400000, 0x00000000ab500000|  0%| F|  |TAMS 0x00000000ab400000, 0x00000000ab400000| Untracked 
| 169|0x00000000ab500000, 0x00000000ab500000, 0x00000000ab600000|  0%| F|  |TAMS 0x00000000ab500000, 0x00000000ab500000| Untracked 
| 170|0x00000000ab600000, 0x00000000ab600000, 0x00000000ab700000|  0%| F|  |TAMS 0x00000000ab600000, 0x00000000ab600000| Untracked 
| 171|0x00000000ab700000, 0x00000000ab700000, 0x00000000ab800000|  0%| F|  |TAMS 0x00000000ab700000, 0x00000000ab700000| Untracked 
| 172|0x00000000ab800000, 0x00000000ab800000, 0x00000000ab900000|  0%| F|  |TAMS 0x00000000ab800000, 0x00000000ab800000| Untracked 
| 173|0x00000000ab900000, 0x00000000ab900000, 0x00000000aba00000|  0%| F|  |TAMS 0x00000000ab900000, 0x00000000ab900000| Untracked 
| 174|0x00000000aba00000, 0x00000000aba00000, 0x00000000abb00000|  0%| F|  |TAMS 0x00000000aba00000, 0x00000000aba00000| Untracked 
| 175|0x00000000abb00000, 0x00000000abb00000, 0x00000000abc00000|  0%| F|  |TAMS 0x00000000abb00000, 0x00000000abb00000| Untracked 
| 176|0x00000000abc00000, 0x00000000abc00000, 0x00000000abd00000|  0%| F|  |TAMS 0x00000000abc00000, 0x00000000abc00000| Untracked 
| 177|0x00000000abd00000, 0x00000000abd00000, 0x00000000abe00000|  0%| F|  |TAMS 0x00000000abd00000, 0x00000000abd00000| Untracked 
| 178|0x00000000abe00000, 0x00000000abe00000, 0x00000000abf00000|  0%| F|  |TAMS 0x00000000abe00000, 0x00000000abe00000| Untracked 
| 179|0x00000000abf00000, 0x00000000abf00000, 0x00000000ac000000|  0%| F|  |TAMS 0x00000000abf00000, 0x00000000abf00000| Untracked 
| 180|0x00000000ac000000, 0x00000000ac000000, 0x00000000ac100000|  0%| F|  |TAMS 0x00000000ac000000, 0x00000000ac000000| Untracked 
| 181|0x00000000ac100000, 0x00000000ac100000, 0x00000000ac200000|  0%| F|  |TAMS 0x00000000ac100000, 0x00000000ac100000| Untracked 
| 182|0x00000000ac200000, 0x00000000ac200000, 0x00000000ac300000|  0%| F|  |TAMS 0x00000000ac200000, 0x00000000ac200000| Untracked 
| 183|0x00000000ac300000, 0x00000000ac300000, 0x00000000ac400000|  0%| F|  |TAMS 0x00000000ac300000, 0x00000000ac300000| Untracked 
| 184|0x00000000ac400000, 0x00000000ac400000, 0x00000000ac500000|  0%| F|  |TAMS 0x00000000ac400000, 0x00000000ac400000| Untracked 
| 185|0x00000000ac500000, 0x00000000ac500000, 0x00000000ac600000|  0%| F|  |TAMS 0x00000000ac500000, 0x00000000ac500000| Untracked 
| 186|0x00000000ac600000, 0x00000000ac600800, 0x00000000ac700000|  0%| E|  |TAMS 0x00000000ac600000, 0x00000000ac600000| Complete 
| 187|0x00000000ac700000, 0x00000000ac800000, 0x00000000ac800000|100%| E|CS|TAMS 0x00000000ac700000, 0x00000000ac700000| Complete 
| 188|0x00000000ac800000, 0x00000000ac80caf8, 0x00000000ac900000|  4%| S|CS|TAMS 0x00000000ac800000, 0x00000000ac800000| Complete 
| 189|0x00000000ac900000, 0x00000000aca00000, 0x00000000aca00000|100%| S|CS|TAMS 0x00000000ac900000, 0x00000000ac900000| Complete 
| 190|0x00000000aca00000, 0x00000000acb00000, 0x00000000acb00000|100%| S|CS|TAMS 0x00000000aca00000, 0x00000000aca00000| Complete 
|1523|0x00000000fff00000, 0x0000000100000000, 0x0000000100000000|100%| O|  |TAMS 0x0000000100000000, 0x00000000fff00000| Updating 

Card table byte_map: [0x000002516cec0000,0x000002516d1c0000] _byte_map_base: 0x000002516c9ba000

Marking Bits (Prev, Next): (CMBitMap*) 0x000002515a135d20, (CMBitMap*) 0x000002515a135d60
 Prev Bits: [0x000002516d4c0000, 0x000002516ec90000)
 Next Bits: [0x000002516ec90000, 0x0000025170460000)

Polling page: 0x0000025158000000

Metaspace:

Usage:
  Non-class:     37.16 MB used.
      Class:      5.33 MB used.
       Both:     42.49 MB used.

Virtual space:
  Non-class space:       64.00 MB reserved,      37.38 MB ( 58%) committed,  1 nodes.
      Class space:        1.00 GB reserved,       5.56 MB ( <1%) committed,  1 nodes.
             Both:        1.06 GB reserved,      42.94 MB (  4%) committed. 

Chunk freelists:
   Non-Class:  10.17 MB
       Class:  10.48 MB
        Both:  20.65 MB

MaxMetaspaceSize: unlimited
CompressedClassSpaceSize: 1.00 GB
Initial GC threshold: 21.00 MB
Current GC threshold: 71.50 MB
CDS: off
MetaspaceReclaimPolicy: balanced
 - commit_granule_bytes: 65536.
 - commit_granule_words: 8192.
 - virtual_space_node_default_size: 8388608.
 - enlarge_chunks_in_place: 1.
 - new_chunks_are_fully_committed: 0.
 - uncommit_free_chunks: 1.
 - use_allocation_guard: 0.
 - handle_deallocations: 1.


Internal statistics:

num_allocs_failed_limit: 3.
num_arena_births: 526.
num_arena_deaths: 0.
num_vsnodes_births: 2.
num_vsnodes_deaths: 0.
num_space_committed: 687.
num_space_uncommitted: 0.
num_chunks_returned_to_freelist: 3.
num_chunks_taken_from_freelist: 1601.
num_chunk_merges: 3.
num_chunk_splits: 1055.
num_chunks_enlarged: 730.
num_inconsistent_stats: 0.

CodeHeap 'non-profiled nmethods': size=120000Kb used=3236Kb max_used=3236Kb free=116763Kb
 bounds [0x0000025165360000, 0x0000025165690000, 0x000002516c890000]
CodeHeap 'profiled nmethods': size=120000Kb used=13274Kb max_used=13274Kb free=106725Kb
 bounds [0x000002515d890000, 0x000002515e590000, 0x0000025164dc0000]
CodeHeap 'non-nmethods': size=5760Kb used=1592Kb max_used=1667Kb free=4167Kb
 bounds [0x0000025164dc0000, 0x0000025165030000, 0x0000025165360000]
 total_blobs=7302 nmethods=6307 adapters=906
 compilation: enabled
              stopped_count=0, restarted_count=0
 full_count=0

Compilation events (20 events):
Event: 147.645 Thread 0x000002517704b380 7125       3       java.net.URI$Parser::scan (23 bytes)
Event: 147.645 Thread 0x000002517704b380 nmethod 7125 0x000002515e589490 code [0x000002515e5896a0, 0x000002515e589d38]
Event: 147.646 Thread 0x000002517704b380 7126       1       com.sun.webkit.network.Cookie::getPath (5 bytes)
Event: 147.646 Thread 0x000002517704b380 nmethod 7126 0x0000025165685310 code [0x00000251656854a0, 0x0000025165685578]
Event: 147.646 Thread 0x000002517704b380 7127       3       jdk.internal.net.http.hpack.IndexNameValueWriter::reset (36 bytes)
Event: 147.646 Thread 0x000002517704b380 nmethod 7127 0x000002515e58a010 code [0x000002515e58a1c0, 0x000002515e58a3f8]
Event: 147.676 Thread 0x000002517704aa70 7128       4       com.sun.javafx.geom.Path2D::needRoom (94 bytes)
Event: 147.680 Thread 0x000002517704b380 7129       3       com.sun.javafx.geom.RoundRectangle2D::<init> (5 bytes)
Event: 147.680 Thread 0x000002517704b380 nmethod 7129 0x000002515e58a590 code [0x000002515e58a740, 0x000002515e58a978]
Event: 147.686 Thread 0x000002517704aa70 nmethod 7128 0x0000025165685610 code [0x00000251656857a0, 0x0000025165685e08]
Event: 147.754 Thread 0x000002517704b380 7130       1       com.sun.javafx.iio.ImageFrame::getWidth (5 bytes)
Event: 147.754 Thread 0x000002517704aa70 7132       4       java.security.AccessController::getContext (23 bytes)
Event: 147.754 Thread 0x000002517704b380 nmethod 7130 0x0000025165686090 code [0x0000025165686220, 0x00000251656862f8]
Event: 147.754 Thread 0x000002517704b380 7131       1       com.sun.javafx.iio.ImageFrame::getHeight (5 bytes)
Event: 147.754 Thread 0x000002517704b380 nmethod 7131 0x0000025165686390 code [0x0000025165686520, 0x00000251656865f8]
Event: 147.807 Thread 0x000002517704aa70 nmethod 7132 0x0000025165686690 code [0x00000251656868a0, 0x0000025165688240]
Event: 147.825 Thread 0x000002517704b380 7133       1       com.sun.javafx.iio.common.ImageLoaderImpl::getFormatDescription (5 bytes)
Event: 147.826 Thread 0x000002517704b380 nmethod 7133 0x0000025165688d90 code [0x0000025165688f20, 0x0000025165688ff8]
Event: 147.826 Thread 0x000002517704b380 7134       1       com.sun.javafx.iio.common.ImageDescriptor::getExtensions (5 bytes)
Event: 147.826 Thread 0x000002517704b380 nmethod 7134 0x0000025165689090 code [0x0000025165689220, 0x00000251656892f8]

GC Heap History (20 events):
Event: 147.221 GC heap before
{Heap before GC invocations=35 (full 0):
 garbage-first heap   total 184320K, used 107048K [0x00000000a0c00000, 0x0000000100000000)
  region size 1024K, 4 young (4096K), 3 survivors (3072K)
 Metaspace       used 43495K, committed 43968K, reserved 1114112K
  class space    used 5456K, committed 5696K, reserved 1048576K
}
Event: 147.223 GC heap after
{Heap after GC invocations=36 (full 0):
 garbage-first heap   total 184320K, used 105107K [0x00000000a0c00000, 0x0000000100000000)
  region size 1024K, 3 young (3072K), 3 survivors (3072K)
 Metaspace       used 43495K, committed 43968K, reserved 1114112K
  class space    used 5456K, committed 5696K, reserved 1048576K
}
Event: 147.298 GC heap before
{Heap before GC invocations=37 (full 0):
 garbage-first heap   total 184320K, used 108179K [0x00000000a0c00000, 0x0000000100000000)
  region size 1024K, 5 young (5120K), 3 survivors (3072K)
 Metaspace       used 43500K, committed 43968K, reserved 1114112K
  class space    used 5456K, committed 5696K, reserved 1048576K
}
Event: 147.300 GC heap after
{Heap after GC invocations=38 (full 0):
 garbage-first heap   total 184320K, used 107479K [0x00000000a0c00000, 0x0000000100000000)
  region size 1024K, 3 young (3072K), 3 survivors (3072K)
 Metaspace       used 43500K, committed 43968K, reserved 1114112K
  class space    used 5456K, committed 5696K, reserved 1048576K
}
Event: 147.357 GC heap before
{Heap before GC invocations=39 (full 0):
 garbage-first heap   total 186368K, used 109527K [0x00000000a0c00000, 0x0000000100000000)
  region size 1024K, 4 young (4096K), 3 survivors (3072K)
 Metaspace       used 43500K, committed 43968K, reserved 1114112K
  class space    used 5456K, committed 5696K, reserved 1048576K
}
Event: 147.359 GC heap after
{Heap after GC invocations=40 (full 0):
 garbage-first heap   total 186368K, used 107133K [0x00000000a0c00000, 0x0000000100000000)
  region size 1024K, 3 young (3072K), 3 survivors (3072K)
 Metaspace       used 43500K, committed 43968K, reserved 1114112K
  class space    used 5456K, committed 5696K, reserved 1048576K
}
Event: 147.427 GC heap before
{Heap before GC invocations=41 (full 0):
 garbage-first heap   total 188416K, used 110205K [0x00000000a0c00000, 0x0000000100000000)
  region size 1024K, 6 young (6144K), 3 survivors (3072K)
 Metaspace       used 43500K, committed 43968K, reserved 1114112K
  class space    used 5456K, committed 5696K, reserved 1048576K
}
Event: 147.429 GC heap after
{Heap after GC invocations=42 (full 0):
 garbage-first heap   total 188416K, used 109116K [0x00000000a0c00000, 0x0000000100000000)
  region size 1024K, 3 young (3072K), 3 survivors (3072K)
 Metaspace       used 43500K, committed 43968K, reserved 1114112K
  class space    used 5456K, committed 5696K, reserved 1048576K
}
Event: 147.474 GC heap before
{Heap before GC invocations=43 (full 0):
 garbage-first heap   total 188416K, used 110140K [0x00000000a0c00000, 0x0000000100000000)
  region size 1024K, 4 young (4096K), 3 survivors (3072K)
 Metaspace       used 43504K, committed 43968K, reserved 1114112K
  class space    used 5456K, committed 5696K, reserved 1048576K
}
Event: 147.476 GC heap after
{Heap after GC invocations=44 (full 0):
 garbage-first heap   total 188416K, used 109067K [0x00000000a0c00000, 0x0000000100000000)
  region size 1024K, 3 young (3072K), 3 survivors (3072K)
 Metaspace       used 43504K, committed 43968K, reserved 1114112K
  class space    used 5456K, committed 5696K, reserved 1048576K
}
Event: 147.526 GC heap before
{Heap before GC invocations=45 (full 0):
 garbage-first heap   total 188416K, used 111115K [0x00000000a0c00000, 0x0000000100000000)
  region size 1024K, 5 young (5120K), 3 survivors (3072K)
 Metaspace       used 43505K, committed 43968K, reserved 1114112K
  class space    used 5456K, committed 5696K, reserved 1048576K
}
Event: 147.528 GC heap after
{Heap after GC invocations=46 (full 0):
 garbage-first heap   total 188416K, used 110385K [0x00000000a0c00000, 0x0000000100000000)
  region size 1024K, 3 young (3072K), 3 survivors (3072K)
 Metaspace       used 43505K, committed 43968K, reserved 1114112K
  class space    used 5456K, committed 5696K, reserved 1048576K
}
Event: 147.693 GC heap before
{Heap before GC invocations=47 (full 0):
 garbage-first heap   total 193536K, used 113457K [0x00000000a0c00000, 0x0000000100000000)
  region size 1024K, 6 young (6144K), 3 survivors (3072K)
 Metaspace       used 43508K, committed 43968K, reserved 1114112K
  class space    used 5456K, committed 5696K, reserved 1048576K
}
Event: 147.695 GC heap after
{Heap after GC invocations=48 (full 0):
 garbage-first heap   total 193536K, used 111408K [0x00000000a0c00000, 0x0000000100000000)
  region size 1024K, 3 young (3072K), 3 survivors (3072K)
 Metaspace       used 43508K, committed 43968K, reserved 1114112K
  class space    used 5456K, committed 5696K, reserved 1048576K
}
Event: 147.747 GC heap before
{Heap before GC invocations=49 (full 0):
 garbage-first heap   total 193536K, used 112432K [0x00000000a0c00000, 0x0000000100000000)
  region size 1024K, 5 young (5120K), 3 survivors (3072K)
 Metaspace       used 43508K, committed 43968K, reserved 1114112K
  class space    used 5456K, committed 5696K, reserved 1048576K
}
Event: 147.749 GC heap after
{Heap after GC invocations=50 (full 0):
 garbage-first heap   total 193536K, used 111666K [0x00000000a0c00000, 0x0000000100000000)
  region size 1024K, 3 young (3072K), 3 survivors (3072K)
 Metaspace       used 43508K, committed 43968K, reserved 1114112K
  class space    used 5456K, committed 5696K, reserved 1048576K
}
Event: 147.822 GC heap before
{Heap before GC invocations=51 (full 0):
 garbage-first heap   total 193536K, used 113714K [0x00000000a0c00000, 0x0000000100000000)
  region size 1024K, 6 young (6144K), 3 survivors (3072K)
 Metaspace       used 43508K, committed 43968K, reserved 1114112K
  class space    used 5456K, committed 5696K, reserved 1048576K
}
Event: 147.823 GC heap after
{Heap after GC invocations=52 (full 0):
 garbage-first heap   total 193536K, used 113157K [0x00000000a0c00000, 0x0000000100000000)
  region size 1024K, 3 young (3072K), 3 survivors (3072K)
 Metaspace       used 43508K, committed 43968K, reserved 1114112K
  class space    used 5456K, committed 5696K, reserved 1048576K
}
Event: 147.867 GC heap before
{Heap before GC invocations=53 (full 0):
 garbage-first heap   total 196608K, used 115205K [0x00000000a0c00000, 0x0000000100000000)
  region size 1024K, 4 young (4096K), 3 survivors (3072K)
 Metaspace       used 43508K, committed 43968K, reserved 1114112K
  class space    used 5456K, committed 5696K, reserved 1048576K
}
Event: 147.869 GC heap after
{Heap after GC invocations=54 (full 0):
 garbage-first heap   total 196608K, used 112846K [0x00000000a0c00000, 0x0000000100000000)
  region size 1024K, 3 young (3072K), 3 survivors (3072K)
 Metaspace       used 43508K, committed 43968K, reserved 1114112K
  class space    used 5456K, committed 5696K, reserved 1048576K
}

Dll operation events (2 events):
Event: 0.043 Loaded shared library C:\Users\ameni\.jdks\jbr-17.0.8.1\bin\java.dll
Event: 0.118 Loaded shared library C:\Users\ameni\.jdks\jbr-17.0.8.1\bin\jsvml.dll

Deoptimization events (20 events):
Event: 145.223 Thread 0x0000025177a9e190 DEOPT PACKING pc=0x000002515e4cfaf8 sp=0x0000008d358fd770
Event: 145.223 Thread 0x0000025177a9e190 DEOPT UNPACKING pc=0x0000025164e17143 sp=0x0000008d358fd010 mode 0
Event: 145.223 Thread 0x0000025177a9e190 Uncommon trap: trap_request=0xffffff45 fr.pc=0x0000025165590664 relative=0x0000000000002c24
Event: 145.223 Thread 0x0000025177a9e190 Uncommon trap: reason=unstable_if action=reinterpret pc=0x0000025165590664 method=com.sun.marlin.Renderer._endRendering(IILcom/sun/marlin/MarlinAlphaConsumer;)V @ 2092 c2
Event: 145.223 Thread 0x0000025177a9e190 DEOPT PACKING pc=0x0000025165590664 sp=0x0000008d358fdbe0
Event: 145.223 Thread 0x0000025177a9e190 DEOPT UNPACKING pc=0x0000025164e169a3 sp=0x0000008d358fdb10 mode 2
Event: 145.251 Thread 0x0000025177a9e190 Uncommon trap: trap_request=0xffffff45 fr.pc=0x000002516555ac40 relative=0x0000000000000180
Event: 145.251 Thread 0x0000025177a9e190 Uncommon trap: reason=unstable_if action=reinterpret pc=0x000002516555ac40 method=com.sun.prism.impl.BaseContext.flushMask()V @ 4 c2
Event: 145.251 Thread 0x0000025177a9e190 DEOPT PACKING pc=0x000002516555ac40 sp=0x0000008d358fdea0
Event: 145.251 Thread 0x0000025177a9e190 DEOPT UNPACKING pc=0x0000025164e169a3 sp=0x0000008d358fdda0 mode 2
Event: 145.509 Thread 0x0000025177a9e190 DEOPT PACKING pc=0x000002515e156242 sp=0x0000008d358fde70
Event: 145.509 Thread 0x0000025177a9e190 DEOPT UNPACKING pc=0x0000025164e17143 sp=0x0000008d358fd430 mode 0
Event: 145.693 Thread 0x0000025177b63b40 DEOPT PACKING pc=0x000002515d9f6280 sp=0x0000008d35efd650
Event: 145.693 Thread 0x0000025177b63b40 DEOPT UNPACKING pc=0x0000025164e17143 sp=0x0000008d35efcae0 mode 0
Event: 145.693 Thread 0x0000025177b63b40 DEOPT PACKING pc=0x000002515d9f6280 sp=0x0000008d35efd650
Event: 145.693 Thread 0x0000025177b63b40 DEOPT UNPACKING pc=0x0000025164e17143 sp=0x0000008d35efcae0 mode 0
Event: 145.694 Thread 0x0000025177b63b40 DEOPT PACKING pc=0x000002515d9f6280 sp=0x0000008d35efd650
Event: 145.694 Thread 0x0000025177b63b40 DEOPT UNPACKING pc=0x0000025164e17143 sp=0x0000008d35efcae0 mode 0
Event: 147.524 Thread 0x000002517d7e3010 DEOPT PACKING pc=0x000002515dbeab2d sp=0x0000008d393fe580
Event: 147.524 Thread 0x000002517d7e3010 DEOPT UNPACKING pc=0x0000025164e17143 sp=0x0000008d393fda30 mode 0

Classes unloaded (0 events):
No events

Classes redefined (0 events):
No events

Internal exceptions (20 events):
Event: 140.333 Thread 0x0000025177b63b40 Exception <a 'java/lang/NoSuchMethodError'{0x00000000aa614318}: 'java.lang.Object java.lang.invoke.DirectMethodHandle$Holder.invokeStaticInit(java.lang.Object, java.lang.Object, int, int, int, int)'> (0x00000000aa614318) 
thrown [s\src\hotspot\share\interpreter\linkResolver.cpp, line 771]
Event: 140.450 Thread 0x000002517d2e8c80 Exception <a 'java/lang/NoSuchMethodError'{0x00000000aa3da8c8}: 'java.lang.Object java.lang.invoke.DirectMethodHandle$Holder.invokeSpecial(java.lang.Object, java.lang.Object, java.lang.Object, java.lang.Object, int)'> (0x00000000aa3da8c8) 
thrown [s\src\hotspot\share\interpreter\linkResolver.cpp, line 771]
Event: 140.450 Thread 0x000002517d2e8c80 Exception <a 'java/lang/NoSuchMethodError'{0x00000000aa3de490}: 'java.lang.Object java.lang.invoke.Invokers$Holder.linkToTargetMethod(java.lang.Object, java.lang.Object, int, java.lang.Object)'> (0x00000000aa3de490) 
thrown [s\src\hotspot\share\interpreter\linkResolver.cpp, line 771]
Event: 140.477 Thread 0x0000025177b63b40 Exception <a 'java/lang/NoSuchMethodError'{0x00000000aa20c8e0}: 'java.lang.Object java.lang.invoke.DirectMethodHandle$Holder.invokeSpecial(java.lang.Object, java.lang.Object, int, int, int, int)'> (0x00000000aa20c8e0) 
thrown [s\src\hotspot\share\interpreter\linkResolver.cpp, line 771]
Event: 140.622 Thread 0x000002517d2e8770 Exception <a 'java/lang/NoSuchMethodError'{0x00000000aa5a2188}: 'void java.lang.invoke.DirectMethodHandle$Holder.invokeStatic(java.lang.Object, java.lang.Object, int)'> (0x00000000aa5a2188) 
thrown [s\src\hotspot\share\interpreter\linkResolver.cpp, line 771]
Event: 140.625 Thread 0x000002517d2e8c80 Exception <a 'java/lang/NoSuchMethodError'{0x00000000a9f1fc58}: 'void java.lang.invoke.DirectMethodHandle$Holder.invokeInterface(java.lang.Object, java.lang.Object, java.lang.Object)'> (0x00000000a9f1fc58) 
thrown [s\src\hotspot\share\interpreter\linkResolver.cpp, line 771]
Event: 140.628 Thread 0x000002517d2e8c80 Exception <a 'java/lang/NoSuchMethodError'{0x00000000a9f361c8}: 'int java.lang.invoke.DirectMethodHandle$Holder.invokeStaticInit(java.lang.Object, int, int)'> (0x00000000a9f361c8) 
thrown [s\src\hotspot\share\interpreter\linkResolver.cpp, line 771]
Event: 140.634 Thread 0x000002517d2e8c80 Exception <a 'java/lang/NoSuchMethodError'{0x00000000a9f74380}: 'void java.lang.invoke.DirectMethodHandle$Holder.invokeVirtual(java.lang.Object, java.lang.Object)'> (0x00000000a9f74380) 
thrown [s\src\hotspot\share\interpreter\linkResolver.cpp, line 771]
Event: 140.803 Thread 0x000002517d2e8c80 Exception <a 'java/lang/NoSuchMethodError'{0x00000000abd60998}: 'void java.lang.invoke.DirectMethodHandle$Holder.invokeInterface(java.lang.Object, java.lang.Object)'> (0x00000000abd60998) 
thrown [s\src\hotspot\share\interpreter\linkResolver.cpp, line 771]
Event: 141.640 Thread 0x0000025177b63b40 Exception <a 'java/lang/NoSuchMethodError'{0x00000000abedc1a0}: 'java.lang.Object java.lang.invoke.Invokers$Holder.invokeExact_MT(java.lang.Object, java.lang.Object, java.lang.Object, java.lang.Object, java.lang.Object, java.lang.Object)'> (0x00000000abedc1a0) 
thrown [s\src\hotspot\share\interpreter\linkResolver.cpp, line 771]
Event: 141.664 Thread 0x000002517dfe0090 Exception <a 'sun/nio/fs/WindowsException'{0x00000000ab739a48}> (0x00000000ab739a48) 
thrown [s\src\hotspot\share\prims\jni.cpp, line 517]
Event: 141.670 Thread 0x0000025177b63b40 Exception <a 'java/lang/NoSuchMethodError'{0x00000000ab639aa0}: 'java.lang.Object java.lang.invoke.DirectMethodHandle$Holder.invokeSpecial(java.lang.Object, java.lang.Object, long, long, int, int, java.lang.Object, java.lang.Object, int)'> (0x00000000ab639aa0) 
thrown [s\src\hotspot\share\interpreter\linkResolver.cpp, line 771]
Event: 141.670 Thread 0x0000025177b63b40 Exception <a 'java/lang/NoSuchMethodError'{0x00000000ab63d768}: 'java.lang.Object java.lang.invoke.DelegatingMethodHandle$Holder.reinvoke_L(java.lang.Object, long, long, int, int, java.lang.Object, java.lang.Object, int)'> (0x00000000ab63d768) 
thrown [s\src\hotspot\share\interpreter\linkResolver.cpp, line 771]
Event: 143.137 Thread 0x0000025177b63b40 Exception <a 'java/io/FileNotFoundException'{0x00000000ab6a3ba0}> (0x00000000ab6a3ba0) 
thrown [s\src\hotspot\share\prims\jni.cpp, line 517]
Event: 143.137 Thread 0x0000025177b63b40 Exception <a 'java/io/FileNotFoundException'{0x00000000ab6a4988}> (0x00000000ab6a4988) 
thrown [s\src\hotspot\share\prims\jni.cpp, line 517]
Event: 143.137 Thread 0x0000025177b63b40 Exception <a 'java/io/FileNotFoundException'{0x00000000ab6a5788}> (0x00000000ab6a5788) 
thrown [s\src\hotspot\share\prims\jni.cpp, line 517]
Event: 143.137 Thread 0x0000025177b63b40 Exception <a 'java/io/FileNotFoundException'{0x00000000ab6a6568}> (0x00000000ab6a6568) 
thrown [s\src\hotspot\share\prims\jni.cpp, line 517]
Event: 143.463 Thread 0x0000025177a9e190 Implicit null exception at 0x00000251655a6f88 to 0x00000251655a705c
Event: 144.503 Thread 0x0000025152cd98a0 Exception <a 'java/lang/NoSuchMethodError'{0x00000000aac68200}: 'void java.lang.invoke.DirectMethodHandle$Holder.invokeSpecial(java.lang.Object, java.lang.Object, java.lang.Object, java.lang.Object, java.lang.Object, java.lang.Object, java.lang.Object)'> (0x00000000aac68200) 
thrown [s\src\hotspot\share\interpreter\linkResolver.cpp, line 771]
Event: 145.134 Thread 0x0000025177a9e190 Implicit null exception at 0x0000025165543ee3 to 0x0000025165545398

VM Operations (20 events):
Event: 147.695 Executing VM operation: G1TryInitiateConcMark done
Event: 147.724 Executing VM operation: G1PauseRemark
Event: 147.727 Executing VM operation: G1PauseRemark done
Event: 147.735 Executing VM operation: G1PauseCleanup
Event: 147.735 Executing VM operation: G1PauseCleanup done
Event: 147.747 Executing VM operation: G1TryInitiateConcMark
Event: 147.749 Executing VM operation: G1TryInitiateConcMark done
Event: 147.772 Executing VM operation: G1PauseRemark
Event: 147.775 Executing VM operation: G1PauseRemark done
Event: 147.786 Executing VM operation: G1PauseCleanup
Event: 147.786 Executing VM operation: G1PauseCleanup done
Event: 147.822 Executing VM operation: G1TryInitiateConcMark
Event: 147.823 Executing VM operation: G1TryInitiateConcMark done
Event: 147.848 Executing VM operation: G1PauseRemark
Event: 147.852 Executing VM operation: G1PauseRemark done
Event: 147.859 Executing VM operation: G1PauseCleanup
Event: 147.859 Executing VM operation: G1PauseCleanup done
Event: 147.867 Executing VM operation: G1TryInitiateConcMark
Event: 147.869 Executing VM operation: G1TryInitiateConcMark done
Event: 147.894 Executing VM operation: G1PauseRemark

Events (20 events):
Event: 147.634 Thread 0x0000025155043130 Thread added: 0x0000025155043130
Event: 147.635 Thread 0x0000025155043130 Thread exited: 0x0000025155043130
Event: 147.752 Thread 0x0000025155043130 Thread added: 0x0000025155043130
Event: 147.752 Thread 0x000002518acb2e20 Thread added: 0x000002518acb2e20
Event: 147.752 Thread 0x000002518acb2e20 Thread exited: 0x000002518acb2e20
Event: 147.754 Thread 0x0000025187427780 Thread added: 0x0000025187427780
Event: 147.754 Thread 0x000002518acb2400 Thread added: 0x000002518acb2400
Event: 147.754 Thread 0x000002518acb2400 Thread exited: 0x000002518acb2400
Event: 147.756 Thread 0x000002518743bc80 Thread added: 0x000002518743bc80
Event: 147.758 Thread 0x000002518743cbb0 Thread added: 0x000002518743cbb0
Event: 147.806 Thread 0x0000025187427780 Thread exited: 0x0000025187427780
Event: 147.806 Thread 0x0000025155043130 Thread exited: 0x0000025155043130
Event: 147.806 Thread 0x000002518743bc80 Thread exited: 0x000002518743bc80
Event: 147.806 Thread 0x000002518743cbb0 Thread exited: 0x000002518743cbb0
Event: 147.872 Thread 0x000002518acb05a0 Thread added: 0x000002518acb05a0
Event: 147.872 Thread 0x000002518acb0fc0 Thread added: 0x000002518acb0fc0
Event: 147.872 Thread 0x000002518acb0fc0 Thread exited: 0x000002518acb0fc0
Event: 147.875 Thread 0x0000025152b195c0 Thread added: 0x0000025152b195c0
Event: 147.875 Thread 0x000002518acb14d0 Thread added: 0x000002518acb14d0
Event: 147.875 Thread 0x000002518acb14d0 Thread exited: 0x000002518acb14d0


Dynamic libraries:
0x00007ff77d2e0000 - 0x00007ff77d2ea000 	C:\Users\ameni\.jdks\jbr-17.0.8.1\bin\java.exe
0x00007fff616d0000 - 0x00007fff618c8000 	C:\WINDOWS\SYSTEM32\ntdll.dll
0x00007fff611c0000 - 0x00007fff6127d000 	C:\WINDOWS\System32\KERNEL32.DLL
0x00007fff5ee00000 - 0x00007fff5f0f6000 	C:\WINDOWS\System32\KERNELBASE.dll
0x00007fff5f390000 - 0x00007fff5f490000 	C:\WINDOWS\System32\ucrtbase.dll
0x00007fff352a0000 - 0x00007fff352bb000 	C:\Users\ameni\.jdks\jbr-17.0.8.1\bin\VCRUNTIME140.dll
0x00007fff35140000 - 0x00007fff35157000 	C:\Users\ameni\.jdks\jbr-17.0.8.1\bin\jli.dll
0x00007fff5f710000 - 0x00007fff5f8ae000 	C:\WINDOWS\System32\USER32.dll
0x00007fff5f150000 - 0x00007fff5f172000 	C:\WINDOWS\System32\win32u.dll
0x00007fff5f8d0000 - 0x00007fff5f8fb000 	C:\WINDOWS\System32\GDI32.dll
0x00007fff4c9c0000 - 0x00007fff4cc5a000 	C:\WINDOWS\WinSxS\amd64_microsoft.windows.common-controls_6595b64144ccf1df_6.0.19041.3636_none_60b6a03d71f818d5\COMCTL32.dll
0x00007fff5f5c0000 - 0x00007fff5f6d7000 	C:\WINDOWS\System32\gdi32full.dll
0x00007fff5f520000 - 0x00007fff5f5bd000 	C:\WINDOWS\System32\msvcp_win.dll
0x00007fff615f0000 - 0x00007fff6168e000 	C:\WINDOWS\System32\msvcrt.dll
0x00007fff610f0000 - 0x00007fff61122000 	C:\WINDOWS\System32\IMM32.DLL
0x00007fff3bb10000 - 0x00007fff3bb1c000 	C:\Users\ameni\.jdks\jbr-17.0.8.1\bin\vcruntime140_1.dll
0x00007fff24160000 - 0x00007fff241ed000 	C:\Users\ameni\.jdks\jbr-17.0.8.1\bin\msvcp140.dll
0x00007fff00820000 - 0x00007fff014a3000 	C:\Users\ameni\.jdks\jbr-17.0.8.1\bin\server\jvm.dll
0x00007fff60950000 - 0x00007fff60a03000 	C:\WINDOWS\System32\ADVAPI32.dll
0x00007fff60eb0000 - 0x00007fff60f4f000 	C:\WINDOWS\System32\sechost.dll
0x00007fff613a0000 - 0x00007fff614c6000 	C:\WINDOWS\System32\RPCRT4.dll
0x00007fff5f6e0000 - 0x00007fff5f707000 	C:\WINDOWS\System32\bcrypt.dll
0x00007fff5e5a0000 - 0x00007fff5e5eb000 	C:\WINDOWS\SYSTEM32\POWRPROF.dll
0x00007fff56f70000 - 0x00007fff56f7a000 	C:\WINDOWS\SYSTEM32\VERSION.dll
0x00007fff55c30000 - 0x00007fff55c57000 	C:\WINDOWS\SYSTEM32\WINMM.dll
0x00007fff46670000 - 0x00007fff46679000 	C:\WINDOWS\SYSTEM32\WSOCK32.dll
0x00007fff61080000 - 0x00007fff610eb000 	C:\WINDOWS\System32\ws2_32.DLL
0x00007fff5e580000 - 0x00007fff5e592000 	C:\WINDOWS\SYSTEM32\UMPDC.dll
0x00007fff5cc40000 - 0x00007fff5cc52000 	C:\WINDOWS\SYSTEM32\kernel.appcore.dll
0x00007fff3b0c0000 - 0x00007fff3b0ca000 	C:\Users\ameni\.jdks\jbr-17.0.8.1\bin\jimage.dll
0x00007fff52690000 - 0x00007fff52874000 	C:\WINDOWS\SYSTEM32\DBGHELP.DLL
0x00007fff3cab0000 - 0x00007fff3cae4000 	C:\WINDOWS\SYSTEM32\dbgcore.DLL
0x00007fff5f490000 - 0x00007fff5f512000 	C:\WINDOWS\System32\bcryptPrimitives.dll
0x00007fff35080000 - 0x00007fff350a5000 	C:\Users\ameni\.jdks\jbr-17.0.8.1\bin\java.dll
0x00007fff35060000 - 0x00007fff35078000 	C:\Users\ameni\.jdks\jbr-17.0.8.1\bin\zip.dll
0x00007fff23f20000 - 0x00007fff23ff7000 	C:\Users\ameni\.jdks\jbr-17.0.8.1\bin\jsvml.dll
0x00007fff60200000 - 0x00007fff60945000 	C:\WINDOWS\System32\SHELL32.dll
0x00007fff5ce40000 - 0x00007fff5d5dc000 	C:\WINDOWS\SYSTEM32\windows.storage.dll
0x00007fff60b50000 - 0x00007fff60ea4000 	C:\WINDOWS\System32\combase.dll
0x00007fff5e7c0000 - 0x00007fff5e7ee000 	C:\WINDOWS\SYSTEM32\Wldp.dll
0x00007fff60a10000 - 0x00007fff60add000 	C:\WINDOWS\System32\OLEAUT32.dll
0x00007fff5f900000 - 0x00007fff5f9ad000 	C:\WINDOWS\System32\SHCORE.dll
0x00007fff61590000 - 0x00007fff615e5000 	C:\WINDOWS\System32\shlwapi.dll
0x00007fff5ecc0000 - 0x00007fff5ece5000 	C:\WINDOWS\SYSTEM32\profapi.dll
0x00007fff34a20000 - 0x00007fff34a39000 	C:\Users\ameni\.jdks\jbr-17.0.8.1\bin\net.dll
0x00007fff55e20000 - 0x00007fff55f2a000 	C:\WINDOWS\SYSTEM32\WINHTTP.dll
0x00007fff5e4b0000 - 0x00007fff5e51a000 	C:\WINDOWS\system32\mswsock.dll
0x00007fff34730000 - 0x00007fff34746000 	C:\Users\ameni\.jdks\jbr-17.0.8.1\bin\nio.dll
0x00000251580b0000 - 0x00000251580b3000 	C:\Users\ameni\.openjfx\cache\21.0.2+5\amd64\api-ms-win-core-console-l1-1-0.dll
0x00000251580c0000 - 0x00000251580c3000 	C:\Users\ameni\.openjfx\cache\21.0.2+5\amd64\api-ms-win-core-console-l1-2-0.dll
0x0000025159fb0000 - 0x0000025159fb3000 	C:\Users\ameni\.openjfx\cache\21.0.2+5\amd64\api-ms-win-core-datetime-l1-1-0.dll
0x0000025159fc0000 - 0x0000025159fc3000 	C:\Users\ameni\.openjfx\cache\21.0.2+5\amd64\api-ms-win-core-debug-l1-1-0.dll
0x0000025159fd0000 - 0x0000025159fd3000 	C:\Users\ameni\.openjfx\cache\21.0.2+5\amd64\api-ms-win-core-errorhandling-l1-1-0.dll
0x0000025159fe0000 - 0x0000025159fe4000 	C:\Users\ameni\.openjfx\cache\21.0.2+5\amd64\api-ms-win-core-file-l1-1-0.dll
0x0000025159ff0000 - 0x0000025159ff3000 	C:\Users\ameni\.openjfx\cache\21.0.2+5\amd64\api-ms-win-core-file-l1-2-0.dll
0x000002515a000000 - 0x000002515a003000 	C:\Users\ameni\.openjfx\cache\21.0.2+5\amd64\api-ms-win-core-file-l2-1-0.dll
0x000002515a010000 - 0x000002515a013000 	C:\Users\ameni\.openjfx\cache\21.0.2+5\amd64\api-ms-win-core-handle-l1-1-0.dll
0x000002515a020000 - 0x000002515a023000 	C:\Users\ameni\.openjfx\cache\21.0.2+5\amd64\api-ms-win-core-heap-l1-1-0.dll
0x000002515a030000 - 0x000002515a033000 	C:\Users\ameni\.openjfx\cache\21.0.2+5\amd64\api-ms-win-core-interlocked-l1-1-0.dll
0x000002515a040000 - 0x000002515a043000 	C:\Users\ameni\.openjfx\cache\21.0.2+5\amd64\api-ms-win-core-libraryloader-l1-1-0.dll
0x000002515a050000 - 0x000002515a053000 	C:\Users\ameni\.openjfx\cache\21.0.2+5\amd64\api-ms-win-core-localization-l1-2-0.dll
0x000002515a060000 - 0x000002515a063000 	C:\Users\ameni\.openjfx\cache\21.0.2+5\amd64\api-ms-win-core-memory-l1-1-0.dll
0x000002515a070000 - 0x000002515a073000 	C:\Users\ameni\.openjfx\cache\21.0.2+5\amd64\api-ms-win-core-namedpipe-l1-1-0.dll
0x0000025177d30000 - 0x0000025177d33000 	C:\Users\ameni\.openjfx\cache\21.0.2+5\amd64\api-ms-win-core-processenvironment-l1-1-0.dll
0x0000025177d40000 - 0x0000025177d43000 	C:\Users\ameni\.openjfx\cache\21.0.2+5\amd64\api-ms-win-core-processthreads-l1-1-0.dll
0x0000025177d50000 - 0x0000025177d53000 	C:\Users\ameni\.openjfx\cache\21.0.2+5\amd64\api-ms-win-core-processthreads-l1-1-1.dll
0x0000025177d60000 - 0x0000025177d63000 	C:\Users\ameni\.openjfx\cache\21.0.2+5\amd64\api-ms-win-core-profile-l1-1-0.dll
0x0000025177d70000 - 0x0000025177d73000 	C:\Users\ameni\.openjfx\cache\21.0.2+5\amd64\api-ms-win-core-rtlsupport-l1-1-0.dll
0x0000025177d80000 - 0x0000025177d83000 	C:\Users\ameni\.openjfx\cache\21.0.2+5\amd64\api-ms-win-core-string-l1-1-0.dll
0x0000025177d90000 - 0x0000025177d93000 	C:\Users\ameni\.openjfx\cache\21.0.2+5\amd64\api-ms-win-core-synch-l1-1-0.dll
0x0000025177da0000 - 0x0000025177da3000 	C:\Users\ameni\.openjfx\cache\21.0.2+5\amd64\api-ms-win-core-synch-l1-2-0.dll
0x0000025177db0000 - 0x0000025177db3000 	C:\Users\ameni\.openjfx\cache\21.0.2+5\amd64\api-ms-win-core-sysinfo-l1-1-0.dll
0x0000025177dc0000 - 0x0000025177dc3000 	C:\Users\ameni\.openjfx\cache\21.0.2+5\amd64\api-ms-win-core-timezone-l1-1-0.dll
0x0000025177dd0000 - 0x0000025177dd3000 	C:\Users\ameni\.openjfx\cache\21.0.2+5\amd64\api-ms-win-core-util-l1-1-0.dll
0x0000025177de0000 - 0x0000025177de3000 	C:\Users\ameni\.openjfx\cache\21.0.2+5\amd64\api-ms-win-crt-conio-l1-1-0.dll
0x0000025177df0000 - 0x0000025177df4000 	C:\Users\ameni\.openjfx\cache\21.0.2+5\amd64\api-ms-win-crt-convert-l1-1-0.dll
0x0000025177e00000 - 0x0000025177e03000 	C:\Users\ameni\.openjfx\cache\21.0.2+5\amd64\api-ms-win-crt-environment-l1-1-0.dll
0x0000025177e10000 - 0x0000025177e13000 	C:\Users\ameni\.openjfx\cache\21.0.2+5\amd64\api-ms-win-crt-filesystem-l1-1-0.dll
0x0000025177e20000 - 0x0000025177e23000 	C:\Users\ameni\.openjfx\cache\21.0.2+5\amd64\api-ms-win-crt-heap-l1-1-0.dll
0x0000025177e30000 - 0x0000025177e33000 	C:\Users\ameni\.openjfx\cache\21.0.2+5\amd64\api-ms-win-crt-locale-l1-1-0.dll
0x0000025177e40000 - 0x0000025177e45000 	C:\Users\ameni\.openjfx\cache\21.0.2+5\amd64\api-ms-win-crt-math-l1-1-0.dll
0x0000025177e50000 - 0x0000025177e55000 	C:\Users\ameni\.openjfx\cache\21.0.2+5\amd64\api-ms-win-crt-multibyte-l1-1-0.dll
0x0000025177e60000 - 0x0000025177e70000 	C:\Users\ameni\.openjfx\cache\21.0.2+5\amd64\api-ms-win-crt-private-l1-1-0.dll
0x0000025177e70000 - 0x0000025177e73000 	C:\Users\ameni\.openjfx\cache\21.0.2+5\amd64\api-ms-win-crt-process-l1-1-0.dll
0x0000025177e80000 - 0x0000025177e84000 	C:\Users\ameni\.openjfx\cache\21.0.2+5\amd64\api-ms-win-crt-runtime-l1-1-0.dll
0x0000025177e90000 - 0x0000025177e94000 	C:\Users\ameni\.openjfx\cache\21.0.2+5\amd64\api-ms-win-crt-stdio-l1-1-0.dll
0x0000025177ea0000 - 0x0000025177ea4000 	C:\Users\ameni\.openjfx\cache\21.0.2+5\amd64\api-ms-win-crt-string-l1-1-0.dll
0x0000025177eb0000 - 0x0000025177eb3000 	C:\Users\ameni\.openjfx\cache\21.0.2+5\amd64\api-ms-win-crt-time-l1-1-0.dll
0x0000025177ec0000 - 0x0000025177ec3000 	C:\Users\ameni\.openjfx\cache\21.0.2+5\amd64\api-ms-win-crt-utility-l1-1-0.dll
0x00007fff1ffa0000 - 0x00007fff2009c000 	C:\Users\ameni\.openjfx\cache\21.0.2+5\amd64\ucrtbase.dll
0x00007fff33580000 - 0x00007fff3359b000 	C:\Users\ameni\.openjfx\cache\21.0.2+5\amd64\vcruntime140.dll
0x00007fff3a840000 - 0x00007fff3a84c000 	C:\Users\ameni\.openjfx\cache\21.0.2+5\amd64\vcruntime140_1.dll
0x00007fff23df0000 - 0x00007fff23e7e000 	C:\Users\ameni\.openjfx\cache\21.0.2+5\amd64\msvcp140.dll
0x00007fff3a370000 - 0x00007fff3a379000 	C:\Users\ameni\.openjfx\cache\21.0.2+5\amd64\msvcp140_1.dll
0x00007fff32190000 - 0x00007fff321d1000 	C:\Users\ameni\.openjfx\cache\21.0.2+5\amd64\msvcp140_2.dll
0x00007fff32d10000 - 0x00007fff32d40000 	C:\Users\ameni\.openjfx\cache\21.0.2+5\amd64\prism_d3d.dll
0x00007fff50870000 - 0x00007fff50a3d000 	C:\WINDOWS\system32\d3d9.dll
0x00007fff5c950000 - 0x00007fff5c97f000 	C:\WINDOWS\SYSTEM32\dwmapi.dll
0x00007fff5c770000 - 0x00007fff5c80e000 	C:\WINDOWS\system32\uxtheme.dll
0x00007fff55c60000 - 0x00007fff55e18000 	C:\WINDOWS\System32\DriverStore\FileRepository\u0377487.inf_amd64_99415ae859206efa\B377170\aticfx64.dll
0x00007fff30f50000 - 0x00007fff30f84000 	C:\WINDOWS\System32\DriverStore\FileRepository\u0377487.inf_amd64_99415ae859206efa\B377170\atiu9p64.dll
0x00007ffef1f00000 - 0x00007ffef2c54000 	C:\WINDOWS\System32\DriverStore\FileRepository\u0377487.inf_amd64_99415ae859206efa\B377170\atiumd64.dll
0x00007fff60f50000 - 0x00007fff6107b000 	C:\WINDOWS\System32\ole32.dll
0x0000000068de0000 - 0x0000000069c53000 	C:\WINDOWS\System32\DriverStore\FileRepository\u0377487.inf_amd64_99415ae859206efa\B377170\atiumd6a.dll
0x00007fff5faa0000 - 0x00007fff5ff0e000 	C:\WINDOWS\System32\SETUPAPI.dll
0x00007fff5f100000 - 0x00007fff5f14e000 	C:\WINDOWS\System32\cfgmgr32.dll
0x00007fff53b50000 - 0x00007fff53b80000 	C:\WINDOWS\SYSTEM32\amdihk64.dll
0x00007fff303a0000 - 0x00007fff303e2000 	C:\Users\ameni\.openjfx\cache\21.0.2+5\amd64\glass.dll
0x00007fff60120000 - 0x00007fff601fa000 	C:\WINDOWS\System32\COMDLG32.dll
0x00007fff61280000 - 0x00007fff61394000 	C:\WINDOWS\System32\MSCTF.dll
0x00007fff560b0000 - 0x00007fff560eb000 	C:\WINDOWS\SYSTEM32\dxcore.dll
0x00007fff5e1e0000 - 0x00007fff5e2ab000 	C:\WINDOWS\SYSTEM32\DNSAPI.dll
0x00007fff5e1a0000 - 0x00007fff5e1db000 	C:\WINDOWS\SYSTEM32\IPHLPAPI.DLL
0x00007fff61580000 - 0x00007fff61588000 	C:\WINDOWS\System32\NSI.dll
0x00007fff53c40000 - 0x00007fff53c4a000 	C:\Windows\System32\rasadhlp.dll
0x00007fff52540000 - 0x00007fff525c0000 	C:\WINDOWS\System32\fwpuclnt.dll
0x00007fff32bc0000 - 0x00007fff32bd4000 	C:\Users\ameni\.openjfx\cache\21.0.2+5\amd64\javafx_font.dll
0x00007fff33300000 - 0x00007fff3357f000 	C:\WINDOWS\SYSTEM32\dwrite.dll
0x00007fff614d0000 - 0x00007fff61579000 	C:\WINDOWS\System32\clbcatq.dll
0x00007fff58c30000 - 0x00007fff58de4000 	C:\WINDOWS\SYSTEM32\WindowsCodecs.dll
0x00007fff475a0000 - 0x00007fff475de000 	C:\WINDOWS\system32\dataexchange.dll
0x00007fff5b9a0000 - 0x00007fff5bb83000 	C:\WINDOWS\system32\dcomp.dll
0x00007fff5ad10000 - 0x00007fff5af73000 	C:\WINDOWS\system32\d3d11.dll
0x00007fff5d640000 - 0x00007fff5d733000 	C:\WINDOWS\system32\dxgi.dll
0x00007fff58f20000 - 0x00007fff59123000 	C:\WINDOWS\system32\twinapi.appcore.dll
0x00007fff30810000 - 0x00007fff30844000 	C:\Program Files\Common Files\Microsoft Shared\Ink\rtscom.dll
0x00007fff51c40000 - 0x00007fff51d39000 	C:\WINDOWS\SYSTEM32\textinputframework.dll
0x00007fff5bb90000 - 0x00007fff5beeb000 	C:\WINDOWS\System32\CoreUIComponents.dll

dbghelp: loaded successfully - version: 4.0.5 - missing functions: none
symbol engine: initialized successfully - sym options: 0x614 - pdb path: .;C:\Users\ameni\.jdks\jbr-17.0.8.1\bin;C:\WINDOWS\SYSTEM32;C:\WINDOWS\WinSxS\amd64_microsoft.windows.common-controls_6595b64144ccf1df_6.0.19041.3636_none_60b6a03d71f818d5;C:\Users\ameni\.jdks\jbr-17.0.8.1\bin\server;C:\Users\ameni\.openjfx\cache\21.0.2+5\amd64;C:\WINDOWS\System32\DriverStore\FileRepository\u0377487.inf_amd64_99415ae859206efa\B377170;C:\WINDOWS\System32\DriverStore\FileRepository\nvam.inf_amd64_61df758291bf519e;C:\Program Files\Common Files\Microsoft Shared\Ink

VM Arguments:
jvm_args: --module-path=C:\Users\ameni\.m2\repository\org\openjfx\javafx-base\21.0.2\javafx-base-21.0.2-win.jar;C:\Users\ameni\.m2\repository\org\openjfx\javafx-base\21.0.2\javafx-base-21.0.2.jar;C:\Users\ameni\.m2\repository\org\openjfx\javafx-controls\21.0.2\javafx-controls-21.0.2-win.jar;C:\Users\ameni\.m2\repository\org\openjfx\javafx-controls\21.0.2\javafx-controls-21.0.2.jar;C:\Users\ameni\.m2\repository\org\openjfx\javafx-fxml\21.0.2\javafx-fxml-21.0.2-win.jar;C:\Users\ameni\.m2\repository\org\openjfx\javafx-fxml\21.0.2\javafx-fxml-21.0.2.jar;C:\Users\ameni\.m2\repository\org\openjfx\javafx-graphics\21.0.2\javafx-graphics-21.0.2-win.jar;C:\Users\ameni\.m2\repository\org\openjfx\javafx-graphics\21.0.2\javafx-graphics-21.0.2.jar;C:\Users\ameni\.m2\repository\org\openjfx\javafx-media\21.0.2\javafx-media-21.0.2-win.jar;C:\Users\ameni\.m2\repository\org\openjfx\javafx-media\21.0.2\javafx-media-21.0.2.jar;C:\Users\ameni\.m2\repository\org\openjfx\javafx-web\20.0.2\javafx-web-20.0.2-win.jar;C:\Users\ameni\.m2\repository\org\openjfx\javafx-web\20.0.2\javafx-web-20.0.2.jar --add-modules=javafx.base,javafx.controls,javafx.fxml,javafx.graphics,javafx.media,javafx.web 
java_command: edu.esprit.tests.MainFx
java_class_path (initial): C:\Users\ameni\Downloads\Gestion_Evenement2\target\classes;C:\Users\ameni\.m2\repository\com\fasterxml\jackson\core\jackson-core\2.11.1\jackson-core-2.11.1.jar;C:\Users\ameni\.m2\repository\com\google\api-client\google-api-client\2.2.0\google-api-client-2.2.0.jar;C:\Users\ameni\.m2\repository\com\google\apis\google-api-services-drive\v3-rev20240123-2.0.0\google-api-services-drive-v3-rev20240123-2.0.0.jar;C:\Users\ameni\.m2\repository\com\google\auth\google-auth-library-credentials\1.3.0\google-auth-library-credentials-1.3.0.jar;C:\Users\ameni\.m2\repository\com\google\auth\google-auth-library-oauth2-http\1.3.0\google-auth-library-oauth2-http-1.3.0.jar;C:\Users\ameni\.m2\repository\com\google\auto\value\auto-value-annotations\1.8.2\auto-value-annotations-1.8.2.jar;C:\Users\ameni\.m2\repository\com\google\code\findbugs\jsr305\3.0.2\jsr305-3.0.2.jar;C:\Users\ameni\.m2\repository\com\google\code\gson\gson\2.8.9\gson-2.8.9.jar;C:\Users\ameni\.m2\repository\com\google\errorprone\error_prone_annotations\2.18.0\error_prone_annotations-2.18.0.jar;C:\Users\ameni\.m2\repository\com\google\guava\failureaccess\1.0.1\failureaccess-1.0.1.jar;C:\Users\ameni\.m2\repository\com\google\guava\guava\32.0.1-android\guava-32.0.1-android.jar;C:\Users\ameni\.m2\repository\com\google\guava\listenablefuture\9999.0-empty-to-avoid-conflict-with-guava\listenablefuture-9999.0-empty-to-avoid-conflict-with-guava.jar;C:\Users\ameni\.m2\repository\com\google\http-client\google-http-client\1.40.1\google-http-client-1.40.1.jar;C:\Users\ameni\.m2\repository\com\google\http-client\google-http-client-apache-v2\1.42.3\google-http-client-apache-v2-1.42.3.jar;C:\Users\ameni\.m2\repository\com\google\http-client\google-http-client-gson\1.40.1\google-http-client-gson-1.40.1.jar;C:\Users\ameni\.m2\repository\com\google\http-client\google-http-client-jackson2\1.36.0\google-http-client-jackson2-1.36.0.jar;C:\Users\ameni\.m2\repository\com\google\j2objc\j2objc-annotations\2.8\j2objc-an
Launcher Type: SUN_STANDARD

[Global flags]
     intx CICompilerCount                          = 4                                         {product} {ergonomic}
     uint ConcGCThreads                            = 2                                         {product} {ergonomic}
     uint G1ConcRefinementThreads                  = 8                                         {product} {ergonomic}
   size_t G1HeapRegionSize                         = 1048576                                   {product} {ergonomic}
    uintx GCDrainStackTargetSize                   = 64                                        {product} {ergonomic}
   size_t InitialHeapSize                          = 100663296                                 {product} {ergonomic}
   size_t MarkStackSize                            = 4194304                                   {product} {ergonomic}
   size_t MaxHeapSize                              = 1598029824                                {product} {ergonomic}
   size_t MaxNewSize                               = 958398464                                 {product} {ergonomic}
   size_t MinHeapDeltaBytes                        = 1048576                                   {product} {ergonomic}
   size_t MinHeapSize                              = 8388608                                   {product} {ergonomic}
    uintx NonNMethodCodeHeapSize                   = 5839372                                {pd product} {ergonomic}
    uintx NonProfiledCodeHeapSize                  = 122909434                              {pd product} {ergonomic}
    uintx ProfiledCodeHeapSize                     = 122909434                              {pd product} {ergonomic}
    uintx ReservedCodeCacheSize                    = 251658240                              {pd product} {ergonomic}
     bool SegmentedCodeCache                       = true                                      {product} {ergonomic}
   size_t SoftMaxHeapSize                          = 1598029824                             {manageable} {ergonomic}
     bool UseCompressedClassPointers               = true                           {product lp64_product} {ergonomic}
     bool UseCompressedOops                        = true                           {product lp64_product} {ergonomic}
     bool UseG1GC                                  = true                                      {product} {ergonomic}
     bool UseLargePagesIndividualAllocation        = false                                  {pd product} {ergonomic}

Logging:
Log output configuration:
 #0: stdout all=warning uptime,level,tags
 #1: stderr all=off uptime,level,tags

Environment Variables:
PATH=C:\oraclexe\app\oracle\product\11.2.0\server\bin;;C:\Program Files (x86)\VMware\VMware Workstation\bin\;C:\Users\ameni\.jdks\jbr-17.0.8.1\bin;C:\oraclexe\app\oracle\product\11.2.0\server\bin;C:\Program Files (x86)\Common Files\Intel\Shared Libraries\redist\intel64\compiler;C:\Windows\system32;C:\Windows;C:\Windows\System32\Wbem;C:\Windows\System32\WindowsPowerShell\v1.0\;C:\Windows\System32\OpenSSH\;C:\Program Files (x86)\NVIDIA Corporation\PhysX\Common;C:\Program Files\NVIDIA Corporation\NVIDIA NvDLISR;C:\WINDOWS\system32;C:\WINDOWS;C:\WINDOWS\System32\Wbem;C:\WINDOWS\System32\WindowsPowerShell\v1.0\;C:\WINDOWS\System32\OpenSSH\;C:\Strawberry\c\bin;C:\Strawberry\perl\site\bin;C:\Strawberry\perl\bin;C:\instantclient12_2;C:\oraclexe\app\oracle\admin\XE;C:\oraclexe;C:\Program Files\Git\cmd;C:\Users\ameni\.jdks\jbr-17.0.8.1;C:\xampp\php;C:\ProgramData\ComposerSetup\bin;C:\Users\ameni\scoop\shims;C:\Users\ameni\AppData\Local\Programs\Python\Python39\Scripts\;C:\Users\ameni\AppData\Local\Programs\Python\Python39\;C:\Users\ameni\AppData\Local\Microsoft\WindowsApps;;C:\Users\ameni\AppData\Local\Programs\Microsoft VS Code\bin;C:\Users\ameni\AppData\Roaming\Composer\vendor\bin
USERNAME=ameni
OS=Windows_NT
PROCESSOR_IDENTIFIER=AMD64 Family 23 Model 24 Stepping 1, AuthenticAMD
TMP=C:\Users\ameni\AppData\Local\Temp
TEMP=C:\Users\ameni\AppData\Local\Temp


JNI global refs:
JNI global refs: 500, weak refs: 0

JNI global refs memory usage: 5267, weak refs: 209

OOME stack traces (most recent first):
Classloader memory used:
Loader bootstrap                                                                       : 2841K
Loader jdk.internal.loader.ClassLoaders$AppClassLoader                                 : 2258K
Loader jdk.internal.loader.ClassLoaders$PlatformClassLoader                            : 321K
Loader jdk.internal.reflect.DelegatingClassLoader                                      : 17017B
Loader com.sun.javafx.reflect.MethodUtil                                               : 510B


---------------  S Y S T E M  ---------------

OS:
 Windows 10 , 64 bit Build 19041 (10.0.19041.3636)
OS uptime: 5 days 21:20 hours

CPU: total 8 (initial active 8) (8 cores per cpu, 2 threads per core) family 23 model 24 stepping 1 microcode 0x0, cx8, cmov, fxsr, ht, mmx, 3dnowpref, sse, sse2, sse3, ssse3, sse4a, sse4.1, sse4.2, popcnt, lzcnt, tsc, tscinvbit, avx, avx2, aes, clmul, bmi1, bmi2, adx, sha, fma, vzeroupper, clflush, clflushopt
Processor Information for all 8 processors :
  Max Mhz: 2100, Current Mhz: 2100, Mhz Limit: 2100

Memory: 4k page, system-wide physical 6091M (401M free)
TotalPageFile size 24523M (AvailPageFile size 2M)
current process WorkingSet (physical memory assigned to process): 572M, peak: 572M
current process commit charge ("private bytes"): 989M, peak: 992M

vm_info: OpenJDK 64-Bit Server VM (17.0.8.1+7-b1059.3) for windows-amd64 JRE (17.0.8.1+7-b1059.3), built on 2023-09-11 by "builduser" with MS VC++ 16.10 / 16.11 (VS2019)

END.
