#
# There is insufficient memory for the Java Runtime Environment to continue.
# Native memory allocation (malloc) failed to allocate 1123248 bytes for Chunk::new
# Possible reasons:
#   The system is out of physical RAM or swap space
#   The process is running with CompressedOops enabled, and the Java Heap may be blocking the growth of the native heap
# Possible solutions:
#   Reduce memory load on the system
#   Increase physical memory or swap space
#   Check if swap backing store is full
#   Decrease Java heap size (-Xmx/-Xms)
#   Decrease number of Java threads
#   Decrease Java thread stack sizes (-Xss)
#   Set larger code cache with -XX:ReservedCodeCacheSize=
#   JVM is running with Unscaled Compressed Oops mode in which the Java heap is
#     placed in the first 4GB address space. The Java Heap base address is the
#     maximum limit for the native heap growth. Please use -XX:HeapBaseMinAddress
#     to set the Java Heap base and to place the Java Heap above 4GB virtual address.
# This output file may be truncated or incomplete.
#
#  Out of Memory Error (arena.cpp:189), pid=113636, tid=111792
#
# JRE version: OpenJDK Runtime Environment JBR-17.0.8.1+7-1059.3-nomod (17.0.8.1+7) (build 17.0.8.1+7-b1059.3)
# Java VM: OpenJDK 64-Bit Server VM JBR-17.0.8.1+7-1059.3-nomod (17.0.8.1+7-b1059.3, mixed mode, tiered, compressed oops, compressed class ptrs, g1 gc, windows-amd64)
# No core dump will be written. Minidumps are not enabled by default on client versions of Windows
#

---------------  S U M M A R Y ------------

Command Line: --module-path=C:\Users\ameni\.m2\repository\org\openjfx\javafx-base\21.0.2\javafx-base-21.0.2-win.jar;C:\Users\ameni\.m2\repository\org\openjfx\javafx-base\21.0.2\javafx-base-21.0.2.jar;C:\Users\ameni\.m2\repository\org\openjfx\javafx-controls\21.0.2\javafx-controls-21.0.2-win.jar;C:\Users\ameni\.m2\repository\org\openjfx\javafx-controls\21.0.2\javafx-controls-21.0.2.jar;C:\Users\ameni\.m2\repository\org\openjfx\javafx-fxml\21.0.2\javafx-fxml-21.0.2-win.jar;C:\Users\ameni\.m2\repository\org\openjfx\javafx-fxml\21.0.2\javafx-fxml-21.0.2.jar;C:\Users\ameni\.m2\repository\org\openjfx\javafx-graphics\21.0.2\javafx-graphics-21.0.2-win.jar;C:\Users\ameni\.m2\repository\org\openjfx\javafx-graphics\21.0.2\javafx-graphics-21.0.2.jar;C:\Users\ameni\.m2\repository\org\openjfx\javafx-media\21.0.2\javafx-media-21.0.2-win.jar;C:\Users\ameni\.m2\repository\org\openjfx\javafx-media\21.0.2\javafx-media-21.0.2.jar;C:\Users\ameni\.m2\repository\org\openjfx\javafx-web\20.0.2\javafx-web-20.0.2-win.jar;C:\Users\ameni\.m2\repository\org\openjfx\javafx-web\20.0.2\javafx-web-20.0.2.jar --add-modules=javafx.base,javafx.controls,javafx.fxml,javafx.graphics,javafx.media,javafx.web edu.esprit.tests.MainFx

Host: AMD Ryzen 5 3500U with Radeon Vega Mobile Gfx  , 8 cores, 5G,  Windows 10 , 64 bit Build 19041 (10.0.19041.3636)
Time: Sun Mar  3 15:50:04 2024 Afr. centrale Ouest elapsed time: 74.244578 seconds (0d 0h 1m 14s)

---------------  T H R E A D  ---------------

Current thread (0x00000265a3042760):  JavaThread "C2 CompilerThread0" daemon [_thread_in_native, id=111792, stack(0x0000009883900000,0x0000009883a00000)]


Current CompileTask:
C2:  74244 3853   !   4       javafx.css.CssLexer::getToken (1356 bytes)

Stack: [0x0000009883900000,0x0000009883a00000]
Native frames: (J=compiled Java code, j=interpreted, Vv=VM code, C=native code)
V  [jvm.dll+0x6852da]


---------------  P R O C E S S  ---------------

Threads class SMR info:
_java_thread_list=0x00000265a324dae0, length=20, elements={
0x0000026585f09f50, 0x000002659ece0d80, 0x000002659ece1d40, 0x00000265a303a120,
0x00000265a303ace0, 0x00000265a303dbb0, 0x00000265a3041a70, 0x00000265a3042760,
0x00000265a3044170, 0x00000265a3046b80, 0x000002659ec8c690, 0x00000265a33912d0,
0x00000265a348f8d0, 0x00000265a3ab7020, 0x00000265a3ada590, 0x00000265a8708a50,
0x00000265a8710210, 0x00000265a907ee90, 0x00000265a9080cf0, 0x00000265a9081200
}

Java Threads: ( => current thread )
  0x0000026585f09f50 JavaThread "main" [_thread_blocked, id=107192, stack(0x0000009882c00000,0x0000009882d00000)]
  0x000002659ece0d80 JavaThread "Reference Handler" daemon [_thread_blocked, id=106716, stack(0x0000009883300000,0x0000009883400000)]
  0x000002659ece1d40 JavaThread "Finalizer" daemon [_thread_blocked, id=102240, stack(0x0000009883400000,0x0000009883500000)]
  0x00000265a303a120 JavaThread "Signal Dispatcher" daemon [_thread_blocked, id=113868, stack(0x0000009883500000,0x0000009883600000)]
  0x00000265a303ace0 JavaThread "Attach Listener" daemon [_thread_blocked, id=95496, stack(0x0000009883600000,0x0000009883700000)]
  0x00000265a303dbb0 JavaThread "Service Thread" daemon [_thread_blocked, id=87720, stack(0x0000009883700000,0x0000009883800000)]
  0x00000265a3041a70 JavaThread "Monitor Deflation Thread" daemon [_thread_blocked, id=113008, stack(0x0000009883800000,0x0000009883900000)]
=>0x00000265a3042760 JavaThread "C2 CompilerThread0" daemon [_thread_in_native, id=111792, stack(0x0000009883900000,0x0000009883a00000)]
  0x00000265a3044170 JavaThread "C1 CompilerThread0" daemon [_thread_blocked, id=113524, stack(0x0000009883a00000,0x0000009883b00000)]
  0x00000265a3046b80 JavaThread "Sweeper thread" daemon [_thread_blocked, id=110496, stack(0x0000009883b00000,0x0000009883c00000)]
  0x000002659ec8c690 JavaThread "Common-Cleaner" daemon [_thread_blocked, id=100772, stack(0x0000009883c00000,0x0000009883d00000)]
  0x00000265a33912d0 JavaThread "Notification Thread" daemon [_thread_blocked, id=102840, stack(0x0000009883d00000,0x0000009883e00000)]
  0x00000265a348f8d0 JavaThread "QuantumRenderer-0" daemon [_thread_blocked, id=101492, stack(0x0000009883f00000,0x0000009884000000)]
  0x00000265a3ab7020 JavaThread "InvokeLaterDispatcher" daemon [_thread_blocked, id=114048, stack(0x0000009884400000,0x0000009884500000)]
  0x00000265a3ada590 JavaThread "JavaFX Application Thread" [_thread_in_native, id=110128, stack(0x0000009884500000,0x0000009884600000)]
  0x00000265a8708a50 JavaThread "JavaFX-Launcher" [_thread_blocked, id=63104, stack(0x0000009884c00000,0x0000009884d00000)]
  0x00000265a8710210 JavaThread "Thread-2" daemon [_thread_in_native, id=109084, stack(0x0000009884b00000,0x0000009884c00000)]
  0x00000265a907ee90 JavaThread "mysql-cj-abandoned-connection-cleanup" daemon [_thread_blocked, id=84944, stack(0x0000009885200000,0x0000009885300000)]
  0x00000265a9080cf0 JavaThread "Prism Font Disposer" daemon [_thread_blocked, id=109388, stack(0x0000009885a00000,0x0000009885b00000)]
  0x00000265a9081200 JavaThread "Cleaner-0" daemon [_thread_blocked, id=99280, stack(0x0000009885d00000,0x0000009885e00000)]

Other Threads:
  0x000002659ed17620 VMThread "VM Thread" [stack: 0x0000009883200000,0x0000009883300000] [id=93228]
  0x00000265a3197680 WatcherThread [stack: 0x0000009883e00000,0x0000009883f00000] [id=115428]
  0x0000026585f569b0 GCTaskThread "GC Thread#0" [stack: 0x0000009882d00000,0x0000009882e00000] [id=113864]
  0x00000265a8746430 GCTaskThread "GC Thread#1" [stack: 0x0000009884d00000,0x0000009884e00000] [id=84276]
  0x00000265a88dc9c0 GCTaskThread "GC Thread#2" [stack: 0x0000009884e00000,0x0000009884f00000] [id=102904]
  0x00000265a88dcc80 GCTaskThread "GC Thread#3" [stack: 0x0000009884f00000,0x0000009885000000] [id=115032]
  0x00000265a88dcf40 GCTaskThread "GC Thread#4" [stack: 0x0000009885000000,0x0000009885100000] [id=114532]
  0x00000265a88dd200 GCTaskThread "GC Thread#5" [stack: 0x0000009885100000,0x0000009885200000] [id=110940]
  0x00000265a9302900 GCTaskThread "GC Thread#6" [stack: 0x0000009885300000,0x0000009885400000] [id=113832]
  0x00000265a994fe40 GCTaskThread "GC Thread#7" [stack: 0x0000009885400000,0x0000009885500000] [id=114704]
  0x0000026585f63f30 ConcurrentGCThread "G1 Main Marker" [stack: 0x0000009882e00000,0x0000009882f00000] [id=104540]
  0x0000026585f64940 ConcurrentGCThread "G1 Conc#0" [stack: 0x0000009882f00000,0x0000009883000000] [id=111532]
  0x00000265a9613960 ConcurrentGCThread "G1 Conc#1" [stack: 0x0000009885800000,0x0000009885900000] [id=85056]
  0x0000026585f9ecb0 ConcurrentGCThread "G1 Refine#0" [stack: 0x0000009883000000,0x0000009883100000] [id=105688]
  0x00000265a9765170 ConcurrentGCThread "G1 Refine#1" [stack: 0x0000009885500000,0x0000009885600000] [id=105028]
  0x00000265a96dba80 ConcurrentGCThread "G1 Refine#2" [stack: 0x0000009885600000,0x0000009885700000] [id=97568]
  0x00000265a9646730 ConcurrentGCThread "G1 Refine#3" [stack: 0x0000009885700000,0x0000009885800000] [id=114312]
  0x000002659eb58c30 ConcurrentGCThread "G1 Service" [stack: 0x0000009883100000,0x0000009883200000] [id=100860]

Threads with active compile tasks:
C2 CompilerThread0    74415 3853   !   4       javafx.css.CssLexer::getToken (1356 bytes)

VM state: not at safepoint (normal execution)

VM Mutex/Monitor currently owned by a thread: None

Heap address: 0x00000000a0c00000, size: 1524 MB, Compressed Oops mode: 32-bit

CDS archive(s) not mapped
Compressed class space mapped at: 0x0000000100000000-0x0000000140000000, reserved size: 1073741824
Narrow klass base: 0x0000000000000000, Narrow klass shift: 3, Narrow klass range: 0x140000000

GC Precious Log:
 CPUs: 8 total, 8 available
 Memory: 6091M
 Large Page Support: Disabled
 NUMA Support: Disabled
 Compressed Oops: Enabled (32-bit)
 Heap Region Size: 1M
 Heap Min Capacity: 8M
 Heap Initial Capacity: 96M
 Heap Max Capacity: 1524M
 Pre-touch: Disabled
 Parallel Workers: 8
 Concurrent Workers: 2
 Concurrent Refinement Workers: 8
 Periodic GC: Disabled

Heap:
 garbage-first heap   total 179200K, used 111300K [0x00000000a0c00000, 0x0000000100000000)
  region size 1024K, 4 young (4096K), 1 survivors (1024K)
 Metaspace       used 31862K, committed 32128K, reserved 1114112K
  class space    used 4105K, committed 4224K, reserved 1048576K

Heap Regions: E=young(eden), S=young(survivor), O=old, HS=humongous(starts), HC=humongous(continues), CS=collection set, F=free, OA=open archive, CA=closed archive, TAMS=top-at-mark-start (previous, next)
|   0|0x00000000a0c00000, 0x00000000a0d00000, 0x00000000a0d00000|100%| O|  |TAMS 0x00000000a0d00000, 0x00000000a0c00000| Untracked 
|   1|0x00000000a0d00000, 0x00000000a0e00000, 0x00000000a0e00000|100%|HS|  |TAMS 0x00000000a0e00000, 0x00000000a0d00000| Complete 
|   2|0x00000000a0e00000, 0x00000000a0f00000, 0x00000000a0f00000|100%|HS|  |TAMS 0x00000000a0e00000, 0x00000000a0e00000| Complete 
|   3|0x00000000a0f00000, 0x00000000a1000000, 0x00000000a1000000|100%|HC|  |TAMS 0x00000000a0f00000, 0x00000000a0f00000| Complete 
|   4|0x00000000a1000000, 0x00000000a10b1000, 0x00000000a1100000| 69%| O|  |TAMS 0x00000000a1000000, 0x00000000a1000000| Untracked 
|   5|0x00000000a1100000, 0x00000000a1100000, 0x00000000a1200000|  0%| F|  |TAMS 0x00000000a1100000, 0x00000000a1100000| Untracked 
|   6|0x00000000a1200000, 0x00000000a1200000, 0x00000000a1300000|  0%| F|  |TAMS 0x00000000a1200000, 0x00000000a1200000| Untracked 
|   7|0x00000000a1300000, 0x00000000a1300000, 0x00000000a1400000|  0%| F|  |TAMS 0x00000000a1300000, 0x00000000a1300000| Untracked 
|   8|0x00000000a1400000, 0x00000000a1400000, 0x00000000a1500000|  0%| F|  |TAMS 0x00000000a1400000, 0x00000000a1400000| Untracked 
|   9|0x00000000a1500000, 0x00000000a1500000, 0x00000000a1600000|  0%| F|  |TAMS 0x00000000a1500000, 0x00000000a1500000| Untracked 
|  10|0x00000000a1600000, 0x00000000a1600000, 0x00000000a1700000|  0%| F|  |TAMS 0x00000000a1600000, 0x00000000a1600000| Untracked 
|  11|0x00000000a1700000, 0x00000000a1700000, 0x00000000a1800000|  0%| F|  |TAMS 0x00000000a1700000, 0x00000000a1700000| Untracked 
|  12|0x00000000a1800000, 0x00000000a1800000, 0x00000000a1900000|  0%| F|  |TAMS 0x00000000a1800000, 0x00000000a1800000| Untracked 
|  13|0x00000000a1900000, 0x00000000a1900000, 0x00000000a1a00000|  0%| F|  |TAMS 0x00000000a1900000, 0x00000000a1900000| Untracked 
|  14|0x00000000a1a00000, 0x00000000a1a00000, 0x00000000a1b00000|  0%| F|  |TAMS 0x00000000a1a00000, 0x00000000a1a00000| Untracked 
|  15|0x00000000a1b00000, 0x00000000a1b00000, 0x00000000a1c00000|  0%| F|  |TAMS 0x00000000a1b00000, 0x00000000a1b00000| Untracked 
|  16|0x00000000a1c00000, 0x00000000a1c00000, 0x00000000a1d00000|  0%| F|  |TAMS 0x00000000a1c00000, 0x00000000a1c00000| Untracked 
|  17|0x00000000a1d00000, 0x00000000a1d00000, 0x00000000a1e00000|  0%| F|  |TAMS 0x00000000a1d00000, 0x00000000a1d00000| Untracked 
|  18|0x00000000a1e00000, 0x00000000a1e00000, 0x00000000a1f00000|  0%| F|  |TAMS 0x00000000a1e00000, 0x00000000a1e00000| Untracked 
|  19|0x00000000a1f00000, 0x00000000a1f00000, 0x00000000a2000000|  0%| F|  |TAMS 0x00000000a1f00000, 0x00000000a1f00000| Untracked 
|  20|0x00000000a2000000, 0x00000000a2000000, 0x00000000a2100000|  0%| F|  |TAMS 0x00000000a2000000, 0x00000000a2000000| Untracked 
|  21|0x00000000a2100000, 0x00000000a2100000, 0x00000000a2200000|  0%| F|  |TAMS 0x00000000a2100000, 0x00000000a2100000| Untracked 
|  22|0x00000000a2200000, 0x00000000a2200000, 0x00000000a2300000|  0%| F|  |TAMS 0x00000000a2200000, 0x00000000a2200000| Untracked 
|  23|0x00000000a2300000, 0x00000000a2300000, 0x00000000a2400000|  0%| F|  |TAMS 0x00000000a2300000, 0x00000000a2300000| Untracked 
|  24|0x00000000a2400000, 0x00000000a2400000, 0x00000000a2500000|  0%| F|  |TAMS 0x00000000a2400000, 0x00000000a2400000| Untracked 
|  25|0x00000000a2500000, 0x00000000a2600000, 0x00000000a2600000|100%| O|  |TAMS 0x00000000a2600000, 0x00000000a2500000| Untracked 
|  26|0x00000000a2600000, 0x00000000a2700000, 0x00000000a2700000|100%| O|  |TAMS 0x00000000a2700000, 0x00000000a2600000| Untracked 
|  27|0x00000000a2700000, 0x00000000a2800000, 0x00000000a2800000|100%| O|  |TAMS 0x00000000a2800000, 0x00000000a2700000| Untracked 
|  28|0x00000000a2800000, 0x00000000a2900000, 0x00000000a2900000|100%| O|  |TAMS 0x00000000a2900000, 0x00000000a2800000| Untracked 
|  29|0x00000000a2900000, 0x00000000a2a00000, 0x00000000a2a00000|100%| O|  |TAMS 0x00000000a2a00000, 0x00000000a2900000| Untracked 
|  30|0x00000000a2a00000, 0x00000000a2b00000, 0x00000000a2b00000|100%| O|  |TAMS 0x00000000a2b00000, 0x00000000a2a00000| Untracked 
|  31|0x00000000a2b00000, 0x00000000a2c00000, 0x00000000a2c00000|100%| O|  |TAMS 0x00000000a2c00000, 0x00000000a2b00000| Untracked 
|  32|0x00000000a2c00000, 0x00000000a2d00000, 0x00000000a2d00000|100%| O|  |TAMS 0x00000000a2d00000, 0x00000000a2c00000| Untracked 
|  33|0x00000000a2d00000, 0x00000000a2e00000, 0x00000000a2e00000|100%| O|  |TAMS 0x00000000a2e00000, 0x00000000a2d00000| Untracked 
|  34|0x00000000a2e00000, 0x00000000a2f00000, 0x00000000a2f00000|100%| O|  |TAMS 0x00000000a2f00000, 0x00000000a2e00000| Complete 
|  35|0x00000000a2f00000, 0x00000000a2f00000, 0x00000000a3000000|  0%| F|  |TAMS 0x00000000a2f00000, 0x00000000a2f00000| Untracked 
|  36|0x00000000a3000000, 0x00000000a3000000, 0x00000000a3100000|  0%| F|  |TAMS 0x00000000a3000000, 0x00000000a3000000| Untracked 
|  37|0x00000000a3100000, 0x00000000a3100000, 0x00000000a3200000|  0%| F|  |TAMS 0x00000000a3100000, 0x00000000a3100000| Untracked 
|  38|0x00000000a3200000, 0x00000000a3200000, 0x00000000a3300000|  0%| F|  |TAMS 0x00000000a3200000, 0x00000000a3200000| Untracked 
|  39|0x00000000a3300000, 0x00000000a3300000, 0x00000000a3400000|  0%| F|  |TAMS 0x00000000a3300000, 0x00000000a3300000| Untracked 
|  40|0x00000000a3400000, 0x00000000a3400000, 0x00000000a3500000|  0%| F|  |TAMS 0x00000000a3400000, 0x00000000a3400000| Untracked 
|  41|0x00000000a3500000, 0x00000000a3500000, 0x00000000a3600000|  0%| F|  |TAMS 0x00000000a3500000, 0x00000000a3500000| Untracked 
|  42|0x00000000a3600000, 0x00000000a3600000, 0x00000000a3700000|  0%| F|  |TAMS 0x00000000a3600000, 0x00000000a3600000| Untracked 
|  43|0x00000000a3700000, 0x00000000a3700000, 0x00000000a3800000|  0%| F|  |TAMS 0x00000000a3700000, 0x00000000a3700000| Untracked 
|  44|0x00000000a3800000, 0x00000000a3800000, 0x00000000a3900000|  0%| F|  |TAMS 0x00000000a3800000, 0x00000000a3800000| Untracked 
|  45|0x00000000a3900000, 0x00000000a3900000, 0x00000000a3a00000|  0%| F|  |TAMS 0x00000000a3900000, 0x00000000a3900000| Untracked 
|  46|0x00000000a3a00000, 0x00000000a3a00000, 0x00000000a3b00000|  0%| F|  |TAMS 0x00000000a3a00000, 0x00000000a3a00000| Untracked 
|  47|0x00000000a3b00000, 0x00000000a3b00000, 0x00000000a3c00000|  0%| F|  |TAMS 0x00000000a3b00000, 0x00000000a3b00000| Untracked 
|  48|0x00000000a3c00000, 0x00000000a3c00000, 0x00000000a3d00000|  0%| F|  |TAMS 0x00000000a3c00000, 0x00000000a3c00000| Untracked 
|  49|0x00000000a3d00000, 0x00000000a3d00000, 0x00000000a3e00000|  0%| F|  |TAMS 0x00000000a3d00000, 0x00000000a3d00000| Untracked 
|  50|0x00000000a3e00000, 0x00000000a3e00000, 0x00000000a3f00000|  0%| F|  |TAMS 0x00000000a3e00000, 0x00000000a3e00000| Untracked 
|  51|0x00000000a3f00000, 0x00000000a3f00000, 0x00000000a4000000|  0%| F|  |TAMS 0x00000000a3f00000, 0x00000000a3f00000| Untracked 
|  52|0x00000000a4000000, 0x00000000a4000000, 0x00000000a4100000|  0%| F|  |TAMS 0x00000000a4000000, 0x00000000a4000000| Untracked 
|  53|0x00000000a4100000, 0x00000000a4200000, 0x00000000a4200000|100%|HS|  |TAMS 0x00000000a4200000, 0x00000000a4100000| Complete 
|  54|0x00000000a4200000, 0x00000000a4300000, 0x00000000a4300000|100%|HC|  |TAMS 0x00000000a4300000, 0x00000000a4200000| Complete 
|  55|0x00000000a4300000, 0x00000000a4400000, 0x00000000a4400000|100%| O|  |TAMS 0x00000000a4400000, 0x00000000a4300000| Untracked 
|  56|0x00000000a4400000, 0x00000000a4500000, 0x00000000a4500000|100%|HS|  |TAMS 0x00000000a4500000, 0x00000000a4400000| Complete 
|  57|0x00000000a4500000, 0x00000000a4600000, 0x00000000a4600000|100%|HS|  |TAMS 0x00000000a4600000, 0x00000000a4500000| Complete 
|  58|0x00000000a4600000, 0x00000000a4700000, 0x00000000a4700000|100%|HC|  |TAMS 0x00000000a4700000, 0x00000000a4600000| Complete 
|  59|0x00000000a4700000, 0x00000000a4800000, 0x00000000a4800000|100%|HC|  |TAMS 0x00000000a4800000, 0x00000000a4700000| Complete 
|  60|0x00000000a4800000, 0x00000000a4900000, 0x00000000a4900000|100%|HC|  |TAMS 0x00000000a4900000, 0x00000000a4800000| Complete 
|  61|0x00000000a4900000, 0x00000000a4a00000, 0x00000000a4a00000|100%|HC|  |TAMS 0x00000000a4a00000, 0x00000000a4900000| Complete 
|  62|0x00000000a4a00000, 0x00000000a4b00000, 0x00000000a4b00000|100%|HC|  |TAMS 0x00000000a4b00000, 0x00000000a4a00000| Complete 
|  63|0x00000000a4b00000, 0x00000000a4c00000, 0x00000000a4c00000|100%|HC|  |TAMS 0x00000000a4c00000, 0x00000000a4b00000| Complete 
|  64|0x00000000a4c00000, 0x00000000a4d00000, 0x00000000a4d00000|100%|HC|  |TAMS 0x00000000a4d00000, 0x00000000a4c00000| Complete 
|  65|0x00000000a4d00000, 0x00000000a4e00000, 0x00000000a4e00000|100%|HC|  |TAMS 0x00000000a4e00000, 0x00000000a4d00000| Complete 
|  66|0x00000000a4e00000, 0x00000000a4f00000, 0x00000000a4f00000|100%|HC|  |TAMS 0x00000000a4f00000, 0x00000000a4e00000| Complete 
|  67|0x00000000a4f00000, 0x00000000a5000000, 0x00000000a5000000|100%|HC|  |TAMS 0x00000000a5000000, 0x00000000a4f00000| Complete 
|  68|0x00000000a5000000, 0x00000000a5100000, 0x00000000a5100000|100%|HC|  |TAMS 0x00000000a5100000, 0x00000000a5000000| Complete 
|  69|0x00000000a5100000, 0x00000000a5200000, 0x00000000a5200000|100%|HC|  |TAMS 0x00000000a5200000, 0x00000000a5100000| Complete 
|  70|0x00000000a5200000, 0x00000000a5300000, 0x00000000a5300000|100%|HC|  |TAMS 0x00000000a5300000, 0x00000000a5200000| Complete 
|  71|0x00000000a5300000, 0x00000000a5400000, 0x00000000a5400000|100%|HC|  |TAMS 0x00000000a5400000, 0x00000000a5300000| Complete 
|  72|0x00000000a5400000, 0x00000000a5500000, 0x00000000a5500000|100%|HC|  |TAMS 0x00000000a5500000, 0x00000000a5400000| Complete 
|  73|0x00000000a5500000, 0x00000000a5600000, 0x00000000a5600000|100%|HC|  |TAMS 0x00000000a5600000, 0x00000000a5500000| Complete 
|  74|0x00000000a5600000, 0x00000000a5700000, 0x00000000a5700000|100%|HS|  |TAMS 0x00000000a5700000, 0x00000000a5600000| Complete 
|  75|0x00000000a5700000, 0x00000000a5800000, 0x00000000a5800000|100%|HC|  |TAMS 0x00000000a5800000, 0x00000000a5700000| Complete 
|  76|0x00000000a5800000, 0x00000000a5900000, 0x00000000a5900000|100%|HS|  |TAMS 0x00000000a5900000, 0x00000000a5800000| Complete 
|  77|0x00000000a5900000, 0x00000000a5a00000, 0x00000000a5a00000|100%|HC|  |TAMS 0x00000000a5a00000, 0x00000000a5900000| Complete 
|  78|0x00000000a5a00000, 0x00000000a5b00000, 0x00000000a5b00000|100%|HS|  |TAMS 0x00000000a5b00000, 0x00000000a5a00000| Complete 
|  79|0x00000000a5b00000, 0x00000000a5c00000, 0x00000000a5c00000|100%|HC|  |TAMS 0x00000000a5c00000, 0x00000000a5b00000| Complete 
|  80|0x00000000a5c00000, 0x00000000a5d00000, 0x00000000a5d00000|100%| O|  |TAMS 0x00000000a5d00000, 0x00000000a5c00000| Untracked 
|  81|0x00000000a5d00000, 0x00000000a5e00000, 0x00000000a5e00000|100%|HS|  |TAMS 0x00000000a5e00000, 0x00000000a5d00000| Complete 
|  82|0x00000000a5e00000, 0x00000000a5f00000, 0x00000000a5f00000|100%|HC|  |TAMS 0x00000000a5f00000, 0x00000000a5e00000| Complete 
|  83|0x00000000a5f00000, 0x00000000a6000000, 0x00000000a6000000|100%|HS|  |TAMS 0x00000000a5f00000, 0x00000000a5f00000| Complete 
|  84|0x00000000a6000000, 0x00000000a6100000, 0x00000000a6100000|100%|HC|  |TAMS 0x00000000a6000000, 0x00000000a6000000| Complete 
|  85|0x00000000a6100000, 0x00000000a6200000, 0x00000000a6200000|100%|HS|  |TAMS 0x00000000a6200000, 0x00000000a6100000| Complete 
|  86|0x00000000a6200000, 0x00000000a6300000, 0x00000000a6300000|100%|HC|  |TAMS 0x00000000a6300000, 0x00000000a6200000| Complete 
|  87|0x00000000a6300000, 0x00000000a6400000, 0x00000000a6400000|100%|HS|  |TAMS 0x00000000a6400000, 0x00000000a6300000| Complete 
|  88|0x00000000a6400000, 0x00000000a6500000, 0x00000000a6500000|100%|HC|  |TAMS 0x00000000a6500000, 0x00000000a6400000| Complete 
|  89|0x00000000a6500000, 0x00000000a6600000, 0x00000000a6600000|100%|HC|  |TAMS 0x00000000a6600000, 0x00000000a6500000| Complete 
|  90|0x00000000a6600000, 0x00000000a6700000, 0x00000000a6700000|100%|HS|  |TAMS 0x00000000a6700000, 0x00000000a6600000| Complete 
|  91|0x00000000a6700000, 0x00000000a6800000, 0x00000000a6800000|100%|HC|  |TAMS 0x00000000a6800000, 0x00000000a6700000| Complete 
|  92|0x00000000a6800000, 0x00000000a6900000, 0x00000000a6900000|100%| O|  |TAMS 0x00000000a6900000, 0x00000000a6800000| Untracked 
|  93|0x00000000a6900000, 0x00000000a6a00000, 0x00000000a6a00000|100%| O|  |TAMS 0x00000000a6a00000, 0x00000000a6900000| Untracked 
|  94|0x00000000a6a00000, 0x00000000a6b00000, 0x00000000a6b00000|100%| O|  |TAMS 0x00000000a6ac7200, 0x00000000a6a00000| Untracked 
|  95|0x00000000a6b00000, 0x00000000a6c00000, 0x00000000a6c00000|100%|HS|  |TAMS 0x00000000a6b00000, 0x00000000a6b00000| Complete 
|  96|0x00000000a6c00000, 0x00000000a6d00000, 0x00000000a6d00000|100%|HC|  |TAMS 0x00000000a6c00000, 0x00000000a6c00000| Complete 
|  97|0x00000000a6d00000, 0x00000000a6d00000, 0x00000000a6e00000|  0%| F|  |TAMS 0x00000000a6d00000, 0x00000000a6d00000| Untracked 
|  98|0x00000000a6e00000, 0x00000000a6e00000, 0x00000000a6f00000|  0%| F|  |TAMS 0x00000000a6e00000, 0x00000000a6e00000| Untracked 
|  99|0x00000000a6f00000, 0x00000000a6f00000, 0x00000000a7000000|  0%| F|  |TAMS 0x00000000a6f00000, 0x00000000a6f00000| Untracked 
| 100|0x00000000a7000000, 0x00000000a7100000, 0x00000000a7100000|100%|HS|  |TAMS 0x00000000a7100000, 0x00000000a7000000| Complete 
| 101|0x00000000a7100000, 0x00000000a7200000, 0x00000000a7200000|100%|HC|  |TAMS 0x00000000a7200000, 0x00000000a7100000| Complete 
| 102|0x00000000a7200000, 0x00000000a7300000, 0x00000000a7300000|100%|HC|  |TAMS 0x00000000a7300000, 0x00000000a7200000| Complete 
| 103|0x00000000a7300000, 0x00000000a7400000, 0x00000000a7400000|100%|HC|  |TAMS 0x00000000a7400000, 0x00000000a7300000| Complete 
| 104|0x00000000a7400000, 0x00000000a7500000, 0x00000000a7500000|100%|HC|  |TAMS 0x00000000a7500000, 0x00000000a7400000| Complete 
| 105|0x00000000a7500000, 0x00000000a7600000, 0x00000000a7600000|100%|HC|  |TAMS 0x00000000a7600000, 0x00000000a7500000| Complete 
| 106|0x00000000a7600000, 0x00000000a7700000, 0x00000000a7700000|100%|HC|  |TAMS 0x00000000a7700000, 0x00000000a7600000| Complete 
| 107|0x00000000a7700000, 0x00000000a7800000, 0x00000000a7800000|100%|HC|  |TAMS 0x00000000a7800000, 0x00000000a7700000| Complete 
| 108|0x00000000a7800000, 0x00000000a7900000, 0x00000000a7900000|100%|HC|  |TAMS 0x00000000a7900000, 0x00000000a7800000| Complete 
| 109|0x00000000a7900000, 0x00000000a7a00000, 0x00000000a7a00000|100%|HC|  |TAMS 0x00000000a7a00000, 0x00000000a7900000| Complete 
| 110|0x00000000a7a00000, 0x00000000a7b00000, 0x00000000a7b00000|100%|HC|  |TAMS 0x00000000a7b00000, 0x00000000a7a00000| Complete 
| 111|0x00000000a7b00000, 0x00000000a7c00000, 0x00000000a7c00000|100%|HC|  |TAMS 0x00000000a7c00000, 0x00000000a7b00000| Complete 
| 112|0x00000000a7c00000, 0x00000000a7d00000, 0x00000000a7d00000|100%|HC|  |TAMS 0x00000000a7d00000, 0x00000000a7c00000| Complete 
| 113|0x00000000a7d00000, 0x00000000a7e00000, 0x00000000a7e00000|100%|HC|  |TAMS 0x00000000a7e00000, 0x00000000a7d00000| Complete 
| 114|0x00000000a7e00000, 0x00000000a7f00000, 0x00000000a7f00000|100%|HC|  |TAMS 0x00000000a7f00000, 0x00000000a7e00000| Complete 
| 115|0x00000000a7f00000, 0x00000000a8000000, 0x00000000a8000000|100%|HC|  |TAMS 0x00000000a8000000, 0x00000000a7f00000| Complete 
| 116|0x00000000a8000000, 0x00000000a8100000, 0x00000000a8100000|100%|HS|  |TAMS 0x00000000a8100000, 0x00000000a8000000| Complete 
| 117|0x00000000a8100000, 0x00000000a8200000, 0x00000000a8200000|100%|HC|  |TAMS 0x00000000a8200000, 0x00000000a8100000| Complete 
| 118|0x00000000a8200000, 0x00000000a8300000, 0x00000000a8300000|100%|HC|  |TAMS 0x00000000a8300000, 0x00000000a8200000| Complete 
| 119|0x00000000a8300000, 0x00000000a8400000, 0x00000000a8400000|100%|HC|  |TAMS 0x00000000a8400000, 0x00000000a8300000| Complete 
| 120|0x00000000a8400000, 0x00000000a8500000, 0x00000000a8500000|100%|HC|  |TAMS 0x00000000a8500000, 0x00000000a8400000| Complete 
| 121|0x00000000a8500000, 0x00000000a8600000, 0x00000000a8600000|100%|HC|  |TAMS 0x00000000a8600000, 0x00000000a8500000| Complete 
| 122|0x00000000a8600000, 0x00000000a8700000, 0x00000000a8700000|100%|HC|  |TAMS 0x00000000a8700000, 0x00000000a8600000| Complete 
| 123|0x00000000a8700000, 0x00000000a8800000, 0x00000000a8800000|100%|HC|  |TAMS 0x00000000a8800000, 0x00000000a8700000| Complete 
| 124|0x00000000a8800000, 0x00000000a8900000, 0x00000000a8900000|100%|HC|  |TAMS 0x00000000a8900000, 0x00000000a8800000| Complete 
| 125|0x00000000a8900000, 0x00000000a8a00000, 0x00000000a8a00000|100%|HC|  |TAMS 0x00000000a8a00000, 0x00000000a8900000| Complete 
| 126|0x00000000a8a00000, 0x00000000a8b00000, 0x00000000a8b00000|100%|HC|  |TAMS 0x00000000a8b00000, 0x00000000a8a00000| Complete 
| 127|0x00000000a8b00000, 0x00000000a8c00000, 0x00000000a8c00000|100%|HC|  |TAMS 0x00000000a8c00000, 0x00000000a8b00000| Complete 
| 128|0x00000000a8c00000, 0x00000000a8d00000, 0x00000000a8d00000|100%|HC|  |TAMS 0x00000000a8d00000, 0x00000000a8c00000| Complete 
| 129|0x00000000a8d00000, 0x00000000a8e00000, 0x00000000a8e00000|100%|HC|  |TAMS 0x00000000a8e00000, 0x00000000a8d00000| Complete 
| 130|0x00000000a8e00000, 0x00000000a8f00000, 0x00000000a8f00000|100%|HC|  |TAMS 0x00000000a8f00000, 0x00000000a8e00000| Complete 
| 131|0x00000000a8f00000, 0x00000000a9000000, 0x00000000a9000000|100%|HC|  |TAMS 0x00000000a9000000, 0x00000000a8f00000| Complete 
| 132|0x00000000a9000000, 0x00000000a9100000, 0x00000000a9100000|100%|HC|  |TAMS 0x00000000a9100000, 0x00000000a9000000| Complete 
| 133|0x00000000a9100000, 0x00000000a9200000, 0x00000000a9200000|100%|HS|  |TAMS 0x00000000a9200000, 0x00000000a9100000| Complete 
| 134|0x00000000a9200000, 0x00000000a9300000, 0x00000000a9300000|100%|HC|  |TAMS 0x00000000a9300000, 0x00000000a9200000| Complete 
| 135|0x00000000a9300000, 0x00000000a9400000, 0x00000000a9400000|100%|HC|  |TAMS 0x00000000a9400000, 0x00000000a9300000| Complete 
| 136|0x00000000a9400000, 0x00000000a9500000, 0x00000000a9500000|100%|HC|  |TAMS 0x00000000a9500000, 0x00000000a9400000| Complete 
| 137|0x00000000a9500000, 0x00000000a9600000, 0x00000000a9600000|100%|HC|  |TAMS 0x00000000a9600000, 0x00000000a9500000| Complete 
| 138|0x00000000a9600000, 0x00000000a9700000, 0x00000000a9700000|100%|HC|  |TAMS 0x00000000a9700000, 0x00000000a9600000| Complete 
| 139|0x00000000a9700000, 0x00000000a9800000, 0x00000000a9800000|100%|HC|  |TAMS 0x00000000a9800000, 0x00000000a9700000| Complete 
| 140|0x00000000a9800000, 0x00000000a9900000, 0x00000000a9900000|100%|HC|  |TAMS 0x00000000a9900000, 0x00000000a9800000| Complete 
| 141|0x00000000a9900000, 0x00000000a9a00000, 0x00000000a9a00000|100%|HC|  |TAMS 0x00000000a9a00000, 0x00000000a9900000| Complete 
| 142|0x00000000a9a00000, 0x00000000a9b00000, 0x00000000a9b00000|100%|HC|  |TAMS 0x00000000a9b00000, 0x00000000a9a00000| Complete 
| 143|0x00000000a9b00000, 0x00000000a9c00000, 0x00000000a9c00000|100%|HC|  |TAMS 0x00000000a9c00000, 0x00000000a9b00000| Complete 
| 144|0x00000000a9c00000, 0x00000000a9d00000, 0x00000000a9d00000|100%|HC|  |TAMS 0x00000000a9d00000, 0x00000000a9c00000| Complete 
| 145|0x00000000a9d00000, 0x00000000a9e00000, 0x00000000a9e00000|100%|HC|  |TAMS 0x00000000a9e00000, 0x00000000a9d00000| Complete 
| 146|0x00000000a9e00000, 0x00000000a9f00000, 0x00000000a9f00000|100%|HC|  |TAMS 0x00000000a9f00000, 0x00000000a9e00000| Complete 
| 147|0x00000000a9f00000, 0x00000000a9f00000, 0x00000000aa000000|  0%| F|  |TAMS 0x00000000a9f00000, 0x00000000a9f00000| Untracked 
| 148|0x00000000aa000000, 0x00000000aa000000, 0x00000000aa100000|  0%| F|  |TAMS 0x00000000aa000000, 0x00000000aa000000| Untracked 
| 149|0x00000000aa100000, 0x00000000aa100000, 0x00000000aa200000|  0%| F|  |TAMS 0x00000000aa100000, 0x00000000aa100000| Untracked 
| 150|0x00000000aa200000, 0x00000000aa200000, 0x00000000aa300000|  0%| F|  |TAMS 0x00000000aa200000, 0x00000000aa200000| Untracked 
| 151|0x00000000aa300000, 0x00000000aa300000, 0x00000000aa400000|  0%| F|  |TAMS 0x00000000aa300000, 0x00000000aa300000| Untracked 
| 152|0x00000000aa400000, 0x00000000aa400000, 0x00000000aa500000|  0%| F|  |TAMS 0x00000000aa400000, 0x00000000aa400000| Untracked 
| 153|0x00000000aa500000, 0x00000000aa500000, 0x00000000aa600000|  0%| F|  |TAMS 0x00000000aa500000, 0x00000000aa500000| Untracked 
| 154|0x00000000aa600000, 0x00000000aa600000, 0x00000000aa700000|  0%| F|  |TAMS 0x00000000aa600000, 0x00000000aa600000| Untracked 
| 155|0x00000000aa700000, 0x00000000aa700000, 0x00000000aa800000|  0%| F|  |TAMS 0x00000000aa700000, 0x00000000aa700000| Untracked 
| 156|0x00000000aa800000, 0x00000000aa800000, 0x00000000aa900000|  0%| F|  |TAMS 0x00000000aa800000, 0x00000000aa800000| Untracked 
| 157|0x00000000aa900000, 0x00000000aa900000, 0x00000000aaa00000|  0%| F|  |TAMS 0x00000000aa900000, 0x00000000aa900000| Untracked 
| 158|0x00000000aaa00000, 0x00000000aaa00000, 0x00000000aab00000|  0%| F|  |TAMS 0x00000000aaa00000, 0x00000000aaa00000| Untracked 
| 159|0x00000000aab00000, 0x00000000aab00000, 0x00000000aac00000|  0%| F|  |TAMS 0x00000000aab00000, 0x00000000aab00000| Untracked 
| 160|0x00000000aac00000, 0x00000000aac00000, 0x00000000aad00000|  0%| F|  |TAMS 0x00000000aac00000, 0x00000000aac00000| Untracked 
| 161|0x00000000aad00000, 0x00000000aad00000, 0x00000000aae00000|  0%| F|  |TAMS 0x00000000aad00000, 0x00000000aad00000| Untracked 
| 162|0x00000000aae00000, 0x00000000aae00000, 0x00000000aaf00000|  0%| F|  |TAMS 0x00000000aae00000, 0x00000000aae00000| Untracked 
| 163|0x00000000aaf00000, 0x00000000aaf00000, 0x00000000ab000000|  0%| F|  |TAMS 0x00000000aaf00000, 0x00000000aaf00000| Untracked 
| 164|0x00000000ab000000, 0x00000000ab000000, 0x00000000ab100000|  0%| F|  |TAMS 0x00000000ab000000, 0x00000000ab000000| Untracked 
| 165|0x00000000ab100000, 0x00000000ab100000, 0x00000000ab200000|  0%| F|  |TAMS 0x00000000ab100000, 0x00000000ab100000| Untracked 
| 166|0x00000000ab200000, 0x00000000ab200000, 0x00000000ab300000|  0%| F|  |TAMS 0x00000000ab200000, 0x00000000ab200000| Untracked 
| 167|0x00000000ab300000, 0x00000000ab300000, 0x00000000ab400000|  0%| F|  |TAMS 0x00000000ab300000, 0x00000000ab300000| Untracked 
| 168|0x00000000ab400000, 0x00000000ab400000, 0x00000000ab500000|  0%| F|  |TAMS 0x00000000ab400000, 0x00000000ab400000| Untracked 
| 169|0x00000000ab500000, 0x00000000ab600000, 0x00000000ab600000|100%| S|CS|TAMS 0x00000000ab500000, 0x00000000ab500000| Complete 
| 170|0x00000000ab600000, 0x00000000ab600000, 0x00000000ab700000|  0%| F|  |TAMS 0x00000000ab600000, 0x00000000ab600000| Untracked 
| 171|0x00000000ab700000, 0x00000000ab700000, 0x00000000ab800000|  0%| F|  |TAMS 0x00000000ab700000, 0x00000000ab700000| Untracked 
| 172|0x00000000ab800000, 0x00000000ab837188, 0x00000000ab900000| 21%| E|  |TAMS 0x00000000ab800000, 0x00000000ab800000| Complete 
| 173|0x00000000ab900000, 0x00000000aba00000, 0x00000000aba00000|100%| E|CS|TAMS 0x00000000ab900000, 0x00000000ab900000| Complete 
| 174|0x00000000aba00000, 0x00000000abb00000, 0x00000000abb00000|100%| E|CS|TAMS 0x00000000aba00000, 0x00000000aba00000| Complete 

Card table byte_map: [0x0000026598ce0000,0x0000026598fe0000] _byte_map_base: 0x00000265987da000

Marking Bits (Prev, Next): (CMBitMap*) 0x0000026585f56fe0, (CMBitMap*) 0x0000026585f57020
 Prev Bits: [0x00000265992e0000, 0x000002659aab0000)
 Next Bits: [0x000002659aab0000, 0x000002659c280000)

Polling page: 0x0000026583e20000

Metaspace:

Usage:
  Non-class:     27.11 MB used.
      Class:      4.01 MB used.
       Both:     31.12 MB used.

Virtual space:
  Non-class space:       64.00 MB reserved,      27.25 MB ( 43%) committed,  1 nodes.
      Class space:        1.00 GB reserved,       4.12 MB ( <1%) committed,  1 nodes.
             Both:        1.06 GB reserved,      31.38 MB (  3%) committed. 

Chunk freelists:
   Non-Class:  4.22 MB
       Class:  11.89 MB
        Both:  16.11 MB

MaxMetaspaceSize: unlimited
CompressedClassSpaceSize: 1.00 GB
Initial GC threshold: 21.00 MB
Current GC threshold: 50.12 MB
CDS: off
MetaspaceReclaimPolicy: balanced
 - commit_granule_bytes: 65536.
 - commit_granule_words: 8192.
 - virtual_space_node_default_size: 8388608.
 - enlarge_chunks_in_place: 1.
 - new_chunks_are_fully_committed: 0.
 - uncommit_free_chunks: 1.
 - use_allocation_guard: 0.
 - handle_deallocations: 1.


Internal statistics:

num_allocs_failed_limit: 3.
num_arena_births: 262.
num_arena_deaths: 0.
num_vsnodes_births: 2.
num_vsnodes_deaths: 0.
num_space_committed: 502.
num_space_uncommitted: 0.
num_chunks_returned_to_freelist: 3.
num_chunks_taken_from_freelist: 1035.
num_chunk_merges: 3.
num_chunk_splits: 716.
num_chunks_enlarged: 549.
num_inconsistent_stats: 0.

CodeHeap 'non-profiled nmethods': size=120000Kb used=1633Kb max_used=1633Kb free=118366Kb
 bounds [0x0000026591180000, 0x00000265913f0000, 0x00000265986b0000]
CodeHeap 'profiled nmethods': size=120000Kb used=8651Kb max_used=8651Kb free=111348Kb
 bounds [0x00000265896b0000, 0x0000026589f30000, 0x0000026590be0000]
CodeHeap 'non-nmethods': size=5760Kb used=1489Kb max_used=1508Kb free=4270Kb
 bounds [0x0000026590be0000, 0x0000026590e50000, 0x0000026591180000]
 total_blobs=4988 nmethods=4116 adapters=784
 compilation: enabled
              stopped_count=0, restarted_count=0
 full_count=0

Compilation events (20 events):
Event: 74.201 Thread 0x00000265a3044170 nmethod 4119 0x0000026589f14b10 code [0x0000026589f14d00, 0x0000026589f14f78]
Event: 74.202 Thread 0x00000265a3044170 4120       2       com.sun.prism.impl.ManagedResource::lock (20 bytes)
Event: 74.202 Thread 0x00000265a3044170 nmethod 4120 0x0000026589f15110 code [0x0000026589f152a0, 0x0000026589f153b8]
Event: 74.204 Thread 0x00000265a3044170 4121       2       com.sun.prism.impl.ManagedResource::isInteresting (13 bytes)
Event: 74.204 Thread 0x00000265a3044170 nmethod 4121 0x0000026589f15490 code [0x0000026589f15620, 0x0000026589f15738]
Event: 74.207 Thread 0x00000265a3044170 4122       2       java.nio.MappedByteBuffer::rewind (5 bytes)
Event: 74.207 Thread 0x00000265a3044170 nmethod 4122 0x0000026589f15810 code [0x0000026589f159a0, 0x0000026589f15ab8]
Event: 74.207 Thread 0x00000265a3044170 4123       2       java.nio.MappedByteBuffer::rewind (7 bytes)
Event: 74.207 Thread 0x00000265a3044170 nmethod 4123 0x0000026589f15b90 code [0x0000026589f15d20, 0x0000026589f15e38]
Event: 74.207 Thread 0x00000265a3044170 4124       1       com.sun.prism.impl.BaseResourcePool::target (5 bytes)
Event: 74.207 Thread 0x00000265a3044170 nmethod 4124 0x0000026591317810 code [0x00000265913179a0, 0x0000026591317a78]
Event: 74.207 Thread 0x00000265a3044170 4125       1       com.sun.prism.impl.BaseResourcePool::lambda$cleanup$6 (2 bytes)
Event: 74.207 Thread 0x00000265a3044170 nmethod 4125 0x0000026591317b10 code [0x0000026591317ca0, 0x0000026591317d58]
Event: 74.215 Thread 0x00000265a3044170 4126       2       com.sun.javafx.sg.prism.NGNode::getContentBounds (97 bytes)
Event: 74.216 Thread 0x00000265a3044170 nmethod 4126 0x0000026589f15f10 code [0x0000026589f16180, 0x0000026589f16668]
Event: 74.216 Thread 0x00000265a3044170 4127       2       com.sun.prism.impl.ps.BaseShaderContext::validateLCDOp (71 bytes)
Event: 74.216 Thread 0x00000265a3044170 nmethod 4127 0x0000026589f16990 code [0x0000026589f16b80, 0x0000026589f16e38]
Event: 74.236 Thread 0x00000265a3044170 4128       2       java.nio.MappedByteBuffer::position (8 bytes)
Event: 74.236 Thread 0x00000265a3044170 nmethod 4128 0x0000026589f17010 code [0x0000026589f171a0, 0x0000026589f172c8]
Event: 74.236 Thread 0x00000265a3044170 4129       2       com.sun.prism.d3d.D3DShader::setConstant (39 bytes)

GC Heap History (20 events):
Event: 1.734 GC heap before
{Heap before GC invocations=0 (full 0):
 garbage-first heap   total 98304K, used 22528K [0x00000000a0c00000, 0x0000000100000000)
  region size 1024K, 23 young (23552K), 0 survivors (0K)
 Metaspace       used 12150K, committed 12352K, reserved 1114112K
  class space    used 1240K, committed 1344K, reserved 1048576K
}
Event: 1.741 GC heap after
{Heap after GC invocations=1 (full 0):
 garbage-first heap   total 98304K, used 3883K [0x00000000a0c00000, 0x0000000100000000)
  region size 1024K, 3 young (3072K), 3 survivors (3072K)
 Metaspace       used 12150K, committed 12352K, reserved 1114112K
  class space    used 1240K, committed 1344K, reserved 1048576K
}
Event: 3.434 GC heap before
{Heap before GC invocations=1 (full 0):
 garbage-first heap   total 98304K, used 60203K [0x00000000a0c00000, 0x0000000100000000)
  region size 1024K, 35 young (35840K), 3 survivors (3072K)
 Metaspace       used 21028K, committed 21248K, reserved 1114112K
  class space    used 2326K, committed 2432K, reserved 1048576K
}
Event: 3.442 GC heap after
{Heap after GC invocations=2 (full 0):
 garbage-first heap   total 98304K, used 36343K [0x00000000a0c00000, 0x0000000100000000)
  region size 1024K, 5 young (5120K), 5 survivors (5120K)
 Metaspace       used 21028K, committed 21248K, reserved 1114112K
  class space    used 2326K, committed 2432K, reserved 1048576K
}
Event: 3.460 GC heap before
{Heap before GC invocations=2 (full 0):
 garbage-first heap   total 98304K, used 37367K [0x00000000a0c00000, 0x0000000100000000)
  region size 1024K, 7 young (7168K), 5 survivors (5120K)
 Metaspace       used 21319K, committed 21504K, reserved 1114112K
  class space    used 2415K, committed 2496K, reserved 1048576K
}
Event: 3.465 GC heap after
{Heap after GC invocations=3 (full 0):
 garbage-first heap   total 98304K, used 36748K [0x00000000a0c00000, 0x0000000100000000)
  region size 1024K, 1 young (1024K), 1 survivors (1024K)
 Metaspace       used 21319K, committed 21504K, reserved 1114112K
  class space    used 2415K, committed 2496K, reserved 1048576K
}
Event: 6.450 GC heap before
{Heap before GC invocations=4 (full 0):
 garbage-first heap   total 98304K, used 51084K [0x00000000a0c00000, 0x0000000100000000)
  region size 1024K, 16 young (16384K), 1 survivors (1024K)
 Metaspace       used 25166K, committed 25408K, reserved 1114112K
  class space    used 3080K, committed 3200K, reserved 1048576K
}
Event: 6.452 GC heap after
{Heap after GC invocations=5 (full 0):
 garbage-first heap   total 98304K, used 37813K [0x00000000a0c00000, 0x0000000100000000)
  region size 1024K, 2 young (2048K), 2 survivors (2048K)
 Metaspace       used 25166K, committed 25408K, reserved 1114112K
  class space    used 3080K, committed 3200K, reserved 1048576K
}
Event: 6.937 GC heap before
{Heap before GC invocations=5 (full 0):
 garbage-first heap   total 98304K, used 64437K [0x00000000a0c00000, 0x0000000100000000)
  region size 1024K, 12 young (12288K), 2 survivors (2048K)
 Metaspace       used 27319K, committed 27584K, reserved 1114112K
  class space    used 3585K, committed 3712K, reserved 1048576K
}
Event: 6.940 GC heap after
{Heap after GC invocations=6 (full 0):
 garbage-first heap   total 98304K, used 56266K [0x00000000a0c00000, 0x0000000100000000)
  region size 1024K, 3 young (3072K), 3 survivors (3072K)
 Metaspace       used 27319K, committed 27584K, reserved 1114112K
  class space    used 3585K, committed 3712K, reserved 1048576K
}
Event: 7.115 GC heap before
{Heap before GC invocations=7 (full 0):
 garbage-first heap   total 101376K, used 59338K [0x00000000a0c00000, 0x0000000100000000)
  region size 1024K, 5 young (5120K), 3 survivors (3072K)
 Metaspace       used 27367K, committed 27648K, reserved 1114112K
  class space    used 3596K, committed 3712K, reserved 1048576K
}
Event: 7.118 GC heap after
{Heap after GC invocations=8 (full 0):
 garbage-first heap   total 101376K, used 58520K [0x00000000a0c00000, 0x0000000100000000)
  region size 1024K, 2 young (2048K), 2 survivors (2048K)
 Metaspace       used 27367K, committed 27648K, reserved 1114112K
  class space    used 3596K, committed 3712K, reserved 1048576K
}
Event: 73.608 GC heap before
{Heap before GC invocations=9 (full 0):
 garbage-first heap   total 136192K, used 128152K [0x00000000a0c00000, 0x0000000100000000)
  region size 1024K, 15 young (15360K), 2 survivors (2048K)
 Metaspace       used 30152K, committed 30400K, reserved 1114112K
  class space    used 3872K, committed 4032K, reserved 1048576K
}
Event: 73.612 GC heap after
{Heap after GC invocations=10 (full 0):
 garbage-first heap   total 136192K, used 118968K [0x00000000a0c00000, 0x0000000100000000)
  region size 1024K, 4 young (4096K), 4 survivors (4096K)
 Metaspace       used 30152K, committed 30400K, reserved 1114112K
  class space    used 3872K, committed 4032K, reserved 1048576K
}
Event: 73.768 GC heap before
{Heap before GC invocations=10 (full 0):
 garbage-first heap   total 150528K, used 141496K [0x00000000a0c00000, 0x0000000100000000)
  region size 1024K, 6 young (6144K), 4 survivors (4096K)
 Metaspace       used 30505K, committed 30784K, reserved 1114112K
  class space    used 3907K, committed 4032K, reserved 1048576K
}
Event: 73.771 GC heap after
{Heap after GC invocations=11 (full 0):
 garbage-first heap   total 150528K, used 140641K [0x00000000a0c00000, 0x0000000100000000)
  region size 1024K, 1 young (1024K), 1 survivors (1024K)
 Metaspace       used 30505K, committed 30784K, reserved 1114112K
  class space    used 3907K, committed 4032K, reserved 1048576K
}
Event: 73.788 GC heap before
{Heap before GC invocations=11 (full 0):
 garbage-first heap   total 150528K, used 142689K [0x00000000a0c00000, 0x0000000100000000)
  region size 1024K, 2 young (2048K), 1 survivors (1024K)
 Metaspace       used 30508K, committed 30784K, reserved 1114112K
  class space    used 3907K, committed 4032K, reserved 1048576K
}
Event: 73.788 GC heap after
{Heap after GC invocations=12 (full 0):
 garbage-first heap   total 150528K, used 142512K [0x00000000a0c00000, 0x0000000100000000)
  region size 1024K, 1 young (1024K), 1 survivors (1024K)
 Metaspace       used 30508K, committed 30784K, reserved 1114112K
  class space    used 3907K, committed 4032K, reserved 1048576K
}
Event: 74.019 GC heap before
{Heap before GC invocations=13 (full 0):
 garbage-first heap   total 179200K, used 113840K [0x00000000a0c00000, 0x0000000100000000)
  region size 1024K, 7 young (7168K), 1 survivors (1024K)
 Metaspace       used 31411K, committed 31680K, reserved 1114112K
  class space    used 4046K, committed 4160K, reserved 1048576K
}
Event: 74.024 GC heap after
{Heap after GC invocations=14 (full 0):
 garbage-first heap   total 179200K, used 109252K [0x00000000a0c00000, 0x0000000100000000)
  region size 1024K, 1 young (1024K), 1 survivors (1024K)
 Metaspace       used 31411K, committed 31680K, reserved 1114112K
  class space    used 4046K, committed 4160K, reserved 1048576K
}

Dll operation events (2 events):
Event: 0.057 Loaded shared library C:\Users\ameni\.jdks\jbr-17.0.8.1\bin\java.dll
Event: 0.187 Loaded shared library C:\Users\ameni\.jdks\jbr-17.0.8.1\bin\jsvml.dll

Deoptimization events (20 events):
Event: 74.046 Thread 0x00000265a3ada590 Uncommon trap: trap_request=0xffffff45 fr.pc=0x00000265911a0c78 relative=0x0000000000000458
Event: 74.046 Thread 0x00000265a3ada590 Uncommon trap: reason=unstable_if action=reinterpret pc=0x00000265911a0c78 method=java.lang.String.substring(II)Ljava/lang/String; @ 31 c2
Event: 74.046 Thread 0x00000265a3ada590 DEOPT PACKING pc=0x00000265911a0c78 sp=0x00000098845fcf60
Event: 74.046 Thread 0x00000265a3ada590 DEOPT UNPACKING pc=0x0000026590c369a3 sp=0x00000098845fcf30 mode 2
Event: 74.048 Thread 0x00000265a3ada590 Uncommon trap: trap_request=0xffffff45 fr.pc=0x00000265911aced4 relative=0x00000000000001b4
Event: 74.048 Thread 0x00000265a3ada590 Uncommon trap: reason=unstable_if action=reinterpret pc=0x00000265911aced4 method=java.lang.String.indexOf(II)I @ 4 c2
Event: 74.048 Thread 0x00000265a3ada590 DEOPT PACKING pc=0x00000265911aced4 sp=0x00000098845fcf30
Event: 74.048 Thread 0x00000265a3ada590 DEOPT UNPACKING pc=0x0000026590c369a3 sp=0x00000098845fced0 mode 2
Event: 74.051 Thread 0x00000265a3ada590 Uncommon trap: trap_request=0xffffff45 fr.pc=0x00000265911d6440 relative=0x0000000000000220
Event: 74.051 Thread 0x00000265a3ada590 Uncommon trap: reason=unstable_if action=reinterpret pc=0x00000265911d6440 method=java.lang.String.startsWith(Ljava/lang/String;I)Z @ 50 c2
Event: 74.051 Thread 0x00000265a3ada590 DEOPT PACKING pc=0x00000265911d6440 sp=0x00000098845fd160
Event: 74.051 Thread 0x00000265a3ada590 DEOPT UNPACKING pc=0x0000026590c369a3 sp=0x00000098845fd068 mode 2
Event: 74.052 Thread 0x00000265a3ada590 Uncommon trap: trap_request=0xffffff45 fr.pc=0x00000265911e1630 relative=0x0000000000000210
Event: 74.052 Thread 0x00000265a3ada590 Uncommon trap: reason=unstable_if action=reinterpret pc=0x00000265911e1630 method=java.lang.String.startsWith(Ljava/lang/String;I)Z @ 50 c2
Event: 74.052 Thread 0x00000265a3ada590 DEOPT PACKING pc=0x00000265911e1630 sp=0x00000098845fd0f0
Event: 74.052 Thread 0x00000265a3ada590 DEOPT UNPACKING pc=0x0000026590c369a3 sp=0x00000098845fd068 mode 2
Event: 74.075 Thread 0x00000265a3ada590 Uncommon trap: trap_request=0xffffff45 fr.pc=0x00000265912c8cbc relative=0x000000000000017c
Event: 74.075 Thread 0x00000265a3ada590 Uncommon trap: reason=unstable_if action=reinterpret pc=0x00000265912c8cbc method=javafx.scene.Node.getLocalBounds(Lcom/sun/javafx/geom/BaseBounds;Lcom/sun/javafx/geom/transform/BaseTransform;)Lcom/sun/javafx/geom/BaseBounds; @ 4 c2
Event: 74.075 Thread 0x00000265a3ada590 DEOPT PACKING pc=0x00000265912c8cbc sp=0x00000098845fdeb0
Event: 74.075 Thread 0x00000265a3ada590 DEOPT UNPACKING pc=0x0000026590c369a3 sp=0x00000098845fde48 mode 2

Classes unloaded (0 events):
No events

Classes redefined (0 events):
No events

Internal exceptions (20 events):
Event: 6.356 Thread 0x00000265a3ada590 Exception <a 'java/lang/NoSuchMethodError'{0x00000000a5d3d880}: 'long java.lang.invoke.DirectMethodHandle$Holder.invokeStatic(java.lang.Object, java.lang.Object, java.lang.Object)'> (0x00000000a5d3d880) 
thrown [s\src\hotspot\share\interpreter\linkResolver.cpp, line 771]
Event: 6.356 Thread 0x00000265a3ada590 Exception <a 'java/lang/NoSuchMethodError'{0x00000000a5d41028}: 'long java.lang.invoke.DirectMethodHandle$Holder.invokeStaticInit(java.lang.Object, java.lang.Object, java.lang.Object)'> (0x00000000a5d41028) 
thrown [s\src\hotspot\share\interpreter\linkResolver.cpp, line 771]
Event: 6.359 Thread 0x00000265a3ada590 Exception <a 'java/lang/NoSuchMethodError'{0x00000000a5d58c28}: 'java.lang.Object java.lang.invoke.DirectMethodHandle$Holder.newInvokeSpecial(java.lang.Object, java.lang.Object, long)'> (0x00000000a5d58c28) 
thrown [s\src\hotspot\share\interpreter\linkResolver.cpp, line 771]
Event: 6.360 Thread 0x00000265a3ada590 Exception <a 'java/lang/NoSuchMethodError'{0x00000000a5d5c798}: 'java.lang.Object java.lang.invoke.Invokers$Holder.linkToTargetMethod(java.lang.Object, long, java.lang.Object)'> (0x00000000a5d5c798) 
thrown [s\src\hotspot\share\interpreter\linkResolver.cpp, line 771]
Event: 6.403 Thread 0x00000265a3ada590 Exception <a 'java/io/FileNotFoundException'{0x00000000a5d65760}> (0x00000000a5d65760) 
thrown [s\src\hotspot\share\prims\jni.cpp, line 517]
Event: 6.566 Thread 0x00000265a3ada590 Exception <a 'java/io/FileNotFoundException'{0x00000000a6b2a1d8}> (0x00000000a6b2a1d8) 
thrown [s\src\hotspot\share\prims\jni.cpp, line 517]
Event: 6.568 Thread 0x00000265a3ada590 Exception <a 'java/io/FileNotFoundException'{0x00000000a6b2f1b0}> (0x00000000a6b2f1b0) 
thrown [s\src\hotspot\share\prims\jni.cpp, line 517]
Event: 6.629 Thread 0x00000265a3ada590 Exception <a 'java/lang/ClassNotFoundException'{0x00000000a691c1d0}: com/sun/javafx/scene/control/skin/resources/controls> (0x00000000a691c1d0) 
thrown [s\src\hotspot\share\prims\jni.cpp, line 536]
Event: 6.631 Thread 0x00000265a3ada590 Exception <a 'java/lang/ClassNotFoundException'{0x00000000a692a5d0}: com/sun/javafx/scene/control/skin/resources/controls_fr> (0x00000000a692a5d0) 
thrown [s\src\hotspot\share\prims\jni.cpp, line 536]
Event: 6.633 Thread 0x00000265a3ada590 Exception <a 'java/lang/ClassNotFoundException'{0x00000000a69382d8}: com/sun/javafx/scene/control/skin/resources/controls_fr_FR> (0x00000000a69382d8) 
thrown [s\src\hotspot\share\prims\jni.cpp, line 536]
Event: 6.698 Thread 0x00000265a3ada590 Implicit null exception at 0x00000265911d1b58 to 0x00000265911d1bea
Event: 6.701 Thread 0x00000265a3ada590 Implicit null exception at 0x000002659126486c to 0x0000026591264a44
Event: 6.703 Thread 0x00000265a3ada590 Exception <a 'java/lang/NoSuchMethodError'{0x00000000a68bbc60}: 'void java.lang.invoke.DirectMethodHandle$Holder.invokeSpecial(java.lang.Object, java.lang.Object, java.lang.Object, java.lang.Object, java.lang.Object, java.lang.Object)'> (0x00000000a68bbc60) 
thrown [s\src\hotspot\share\interpreter\linkResolver.cpp, line 771]
Event: 6.710 Thread 0x00000265a3ada590 Implicit null exception at 0x000002659122548a to 0x00000265912258a8
Event: 6.710 Thread 0x00000265a3ada590 Implicit null exception at 0x000002659119ef8f to 0x000002659119f005
Event: 71.438 Thread 0x00000265a3ada590 Exception <a 'java/io/FileNotFoundException'{0x00000000a658f770}> (0x00000000a658f770) 
thrown [s\src\hotspot\share\prims\jni.cpp, line 517]
Event: 71.448 Thread 0x00000265a3ada590 Exception <a 'java/io/FileNotFoundException'{0x00000000a65b6d40}> (0x00000000a65b6d40) 
thrown [s\src\hotspot\share\prims\jni.cpp, line 517]
Event: 71.455 Thread 0x00000265a3ada590 Exception <a 'java/io/FileNotFoundException'{0x00000000a65e59e0}> (0x00000000a65e59e0) 
thrown [s\src\hotspot\share\prims\jni.cpp, line 517]
Event: 71.475 Thread 0x00000265a3ada590 Exception <a 'java/io/FileNotFoundException'{0x00000000a64b9db0}> (0x00000000a64b9db0) 
thrown [s\src\hotspot\share\prims\jni.cpp, line 517]
Event: 73.883 Thread 0x00000265a3ada590 Exception <a 'java/lang/ClassNotFoundException'{0x00000000aba47688}: sun/util/logging/resources/spi/loggingProvider> (0x00000000aba47688) 
thrown [s\src\hotspot\share\classfile\systemDictionary.cpp, line 256]

VM Operations (20 events):
Event: 67.838 Executing VM operation: HandshakeAllThreads
Event: 67.838 Executing VM operation: HandshakeAllThreads done
Event: 68.837 Executing VM operation: Cleanup
Event: 68.837 Executing VM operation: Cleanup done
Event: 69.838 Executing VM operation: Cleanup
Event: 69.838 Executing VM operation: Cleanup done
Event: 71.838 Executing VM operation: Cleanup
Event: 71.838 Executing VM operation: Cleanup done
Event: 73.608 Executing VM operation: G1CollectForAllocation
Event: 73.612 Executing VM operation: G1CollectForAllocation done
Event: 73.768 Executing VM operation: G1CollectForAllocation
Event: 73.771 Executing VM operation: G1CollectForAllocation done
Event: 73.788 Executing VM operation: G1TryInitiateConcMark
Event: 73.788 Executing VM operation: G1TryInitiateConcMark done
Event: 73.803 Executing VM operation: G1PauseRemark
Event: 73.809 Executing VM operation: G1PauseRemark done
Event: 73.816 Executing VM operation: G1PauseCleanup
Event: 73.816 Executing VM operation: G1PauseCleanup done
Event: 74.019 Executing VM operation: G1CollectForAllocation
Event: 74.024 Executing VM operation: G1CollectForAllocation done

Events (20 events):
Event: 73.884 loading class java/util/Formatter$Conversion
Event: 73.885 loading class java/util/Formatter$Conversion done
Event: 73.885 loading class java/util/Formatter$FormatSpecifier
Event: 73.885 loading class java/util/Formatter$FormatString
Event: 73.885 loading class java/util/Formatter$FormatString done
Event: 73.885 loading class java/util/Formatter$FormatSpecifier done
Event: 73.885 loading class java/util/Formatter$Flags
Event: 73.886 loading class java/util/Formatter$Flags done
Event: 73.886 loading class java/util/Formatter$DateTime
Event: 73.886 loading class java/util/Formatter$DateTime done
Event: 73.886 loading class java/util/Formatter$FixedString
Event: 73.886 loading class java/util/Formatter$FixedString done
Event: 73.886 loading class java/time/ZonedDateTime$1
Event: 73.886 loading class java/time/ZonedDateTime$1 done
Event: 73.886 loading class java/time/LocalDate$1
Event: 73.886 loading class java/time/LocalDate$1 done
Event: 73.886 loading class java/time/LocalTime$1
Event: 73.887 loading class java/time/LocalTime$1 done
Event: 73.887 loading class java/util/Formattable
Event: 73.887 loading class java/util/Formattable done


Dynamic libraries:
0x00007ff7f6630000 - 0x00007ff7f663a000 	C:\Users\ameni\.jdks\jbr-17.0.8.1\bin\java.exe
0x00007fff616d0000 - 0x00007fff618c8000 	C:\WINDOWS\SYSTEM32\ntdll.dll
0x00007fff611c0000 - 0x00007fff6127d000 	C:\WINDOWS\System32\KERNEL32.DLL
0x00007fff5ee00000 - 0x00007fff5f0f6000 	C:\WINDOWS\System32\KERNELBASE.dll
0x00007fff5f390000 - 0x00007fff5f490000 	C:\WINDOWS\System32\ucrtbase.dll
0x00007fff4f190000 - 0x00007fff4f1a7000 	C:\Users\ameni\.jdks\jbr-17.0.8.1\bin\jli.dll
0x00007fff4e360000 - 0x00007fff4e37b000 	C:\Users\ameni\.jdks\jbr-17.0.8.1\bin\VCRUNTIME140.dll
0x00007fff5f710000 - 0x00007fff5f8ae000 	C:\WINDOWS\System32\USER32.dll
0x00007fff5f150000 - 0x00007fff5f172000 	C:\WINDOWS\System32\win32u.dll
0x00007fff5f8d0000 - 0x00007fff5f8fb000 	C:\WINDOWS\System32\GDI32.dll
0x00007fff4c9c0000 - 0x00007fff4cc5a000 	C:\WINDOWS\WinSxS\amd64_microsoft.windows.common-controls_6595b64144ccf1df_6.0.19041.3636_none_60b6a03d71f818d5\COMCTL32.dll
0x00007fff5f5c0000 - 0x00007fff5f6d7000 	C:\WINDOWS\System32\gdi32full.dll
0x00007fff5f520000 - 0x00007fff5f5bd000 	C:\WINDOWS\System32\msvcp_win.dll
0x00007fff615f0000 - 0x00007fff6168e000 	C:\WINDOWS\System32\msvcrt.dll
0x00007fff610f0000 - 0x00007fff61122000 	C:\WINDOWS\System32\IMM32.DLL
0x00007fff522c0000 - 0x00007fff522cc000 	C:\Users\ameni\.jdks\jbr-17.0.8.1\bin\vcruntime140_1.dll
0x00007fff24080000 - 0x00007fff2410d000 	C:\Users\ameni\.jdks\jbr-17.0.8.1\bin\msvcp140.dll
0x00007fff00820000 - 0x00007fff014a3000 	C:\Users\ameni\.jdks\jbr-17.0.8.1\bin\server\jvm.dll
0x00007fff60950000 - 0x00007fff60a03000 	C:\WINDOWS\System32\ADVAPI32.dll
0x00007fff60eb0000 - 0x00007fff60f4f000 	C:\WINDOWS\System32\sechost.dll
0x00007fff613a0000 - 0x00007fff614c6000 	C:\WINDOWS\System32\RPCRT4.dll
0x00007fff5f6e0000 - 0x00007fff5f707000 	C:\WINDOWS\System32\bcrypt.dll
0x00007fff5e5a0000 - 0x00007fff5e5eb000 	C:\WINDOWS\SYSTEM32\POWRPROF.dll
0x00007fff55c30000 - 0x00007fff55c57000 	C:\WINDOWS\SYSTEM32\WINMM.dll
0x00007fff46670000 - 0x00007fff46679000 	C:\WINDOWS\SYSTEM32\WSOCK32.dll
0x00007fff56f70000 - 0x00007fff56f7a000 	C:\WINDOWS\SYSTEM32\VERSION.dll
0x00007fff61080000 - 0x00007fff610eb000 	C:\WINDOWS\System32\ws2_32.DLL
0x00007fff5e580000 - 0x00007fff5e592000 	C:\WINDOWS\SYSTEM32\UMPDC.dll
0x00007fff5cc40000 - 0x00007fff5cc52000 	C:\WINDOWS\SYSTEM32\kernel.appcore.dll
0x00007fff52240000 - 0x00007fff5224a000 	C:\Users\ameni\.jdks\jbr-17.0.8.1\bin\jimage.dll
0x00007fff52690000 - 0x00007fff52874000 	C:\WINDOWS\SYSTEM32\DBGHELP.DLL
0x00007fff3cab0000 - 0x00007fff3cae4000 	C:\WINDOWS\SYSTEM32\dbgcore.DLL
0x00007fff5f490000 - 0x00007fff5f512000 	C:\WINDOWS\System32\bcryptPrimitives.dll
0x00007fff3bf00000 - 0x00007fff3bf25000 	C:\Users\ameni\.jdks\jbr-17.0.8.1\bin\java.dll
0x00007fff4e340000 - 0x00007fff4e358000 	C:\Users\ameni\.jdks\jbr-17.0.8.1\bin\zip.dll
0x00007fff23fa0000 - 0x00007fff24077000 	C:\Users\ameni\.jdks\jbr-17.0.8.1\bin\jsvml.dll
0x00007fff60200000 - 0x00007fff60945000 	C:\WINDOWS\System32\SHELL32.dll
0x00007fff5ce40000 - 0x00007fff5d5dc000 	C:\WINDOWS\SYSTEM32\windows.storage.dll
0x00007fff60b50000 - 0x00007fff60ea4000 	C:\WINDOWS\System32\combase.dll
0x00007fff5e7c0000 - 0x00007fff5e7ee000 	C:\WINDOWS\SYSTEM32\Wldp.dll
0x00007fff60a10000 - 0x00007fff60add000 	C:\WINDOWS\System32\OLEAUT32.dll
0x00007fff5f900000 - 0x00007fff5f9ad000 	C:\WINDOWS\System32\SHCORE.dll
0x00007fff61590000 - 0x00007fff615e5000 	C:\WINDOWS\System32\shlwapi.dll
0x00007fff5ecc0000 - 0x00007fff5ece5000 	C:\WINDOWS\SYSTEM32\profapi.dll
0x00007fff3ad70000 - 0x00007fff3ad89000 	C:\Users\ameni\.jdks\jbr-17.0.8.1\bin\net.dll
0x00007fff55e20000 - 0x00007fff55f2a000 	C:\WINDOWS\SYSTEM32\WINHTTP.dll
0x00007fff5e4b0000 - 0x00007fff5e51a000 	C:\WINDOWS\system32\mswsock.dll
0x00007fff3a8f0000 - 0x00007fff3a906000 	C:\Users\ameni\.jdks\jbr-17.0.8.1\bin\nio.dll
0x0000026583ed0000 - 0x0000026583ed3000 	C:\Users\ameni\.openjfx\cache\21.0.2+5\amd64\api-ms-win-core-console-l1-1-0.dll
0x0000026583ee0000 - 0x0000026583ee3000 	C:\Users\ameni\.openjfx\cache\21.0.2+5\amd64\api-ms-win-core-console-l1-2-0.dll
0x0000026585dd0000 - 0x0000026585dd3000 	C:\Users\ameni\.openjfx\cache\21.0.2+5\amd64\api-ms-win-core-datetime-l1-1-0.dll
0x0000026585de0000 - 0x0000026585de3000 	C:\Users\ameni\.openjfx\cache\21.0.2+5\amd64\api-ms-win-core-debug-l1-1-0.dll
0x0000026585df0000 - 0x0000026585df3000 	C:\Users\ameni\.openjfx\cache\21.0.2+5\amd64\api-ms-win-core-errorhandling-l1-1-0.dll
0x0000026585e00000 - 0x0000026585e04000 	C:\Users\ameni\.openjfx\cache\21.0.2+5\amd64\api-ms-win-core-file-l1-1-0.dll
0x0000026585e10000 - 0x0000026585e13000 	C:\Users\ameni\.openjfx\cache\21.0.2+5\amd64\api-ms-win-core-file-l1-2-0.dll
0x0000026585e20000 - 0x0000026585e23000 	C:\Users\ameni\.openjfx\cache\21.0.2+5\amd64\api-ms-win-core-file-l2-1-0.dll
0x0000026585e30000 - 0x0000026585e33000 	C:\Users\ameni\.openjfx\cache\21.0.2+5\amd64\api-ms-win-core-handle-l1-1-0.dll
0x0000026585e40000 - 0x0000026585e43000 	C:\Users\ameni\.openjfx\cache\21.0.2+5\amd64\api-ms-win-core-heap-l1-1-0.dll
0x0000026585e50000 - 0x0000026585e53000 	C:\Users\ameni\.openjfx\cache\21.0.2+5\amd64\api-ms-win-core-interlocked-l1-1-0.dll
0x0000026585e60000 - 0x0000026585e63000 	C:\Users\ameni\.openjfx\cache\21.0.2+5\amd64\api-ms-win-core-libraryloader-l1-1-0.dll
0x0000026585e70000 - 0x0000026585e73000 	C:\Users\ameni\.openjfx\cache\21.0.2+5\amd64\api-ms-win-core-localization-l1-2-0.dll
0x0000026585e80000 - 0x0000026585e83000 	C:\Users\ameni\.openjfx\cache\21.0.2+5\amd64\api-ms-win-core-memory-l1-1-0.dll
0x0000026585e90000 - 0x0000026585e93000 	C:\Users\ameni\.openjfx\cache\21.0.2+5\amd64\api-ms-win-core-namedpipe-l1-1-0.dll
0x000002659ef80000 - 0x000002659ef83000 	C:\Users\ameni\.openjfx\cache\21.0.2+5\amd64\api-ms-win-core-processenvironment-l1-1-0.dll
0x000002659ef90000 - 0x000002659ef93000 	C:\Users\ameni\.openjfx\cache\21.0.2+5\amd64\api-ms-win-core-processthreads-l1-1-0.dll
0x000002659efa0000 - 0x000002659efa3000 	C:\Users\ameni\.openjfx\cache\21.0.2+5\amd64\api-ms-win-core-processthreads-l1-1-1.dll
0x000002659efb0000 - 0x000002659efb3000 	C:\Users\ameni\.openjfx\cache\21.0.2+5\amd64\api-ms-win-core-profile-l1-1-0.dll
0x000002659efc0000 - 0x000002659efc3000 	C:\Users\ameni\.openjfx\cache\21.0.2+5\amd64\api-ms-win-core-rtlsupport-l1-1-0.dll
0x000002659efd0000 - 0x000002659efd3000 	C:\Users\ameni\.openjfx\cache\21.0.2+5\amd64\api-ms-win-core-string-l1-1-0.dll
0x000002659efe0000 - 0x000002659efe3000 	C:\Users\ameni\.openjfx\cache\21.0.2+5\amd64\api-ms-win-core-synch-l1-1-0.dll
0x000002659eff0000 - 0x000002659eff3000 	C:\Users\ameni\.openjfx\cache\21.0.2+5\amd64\api-ms-win-core-synch-l1-2-0.dll
0x00000265a3c00000 - 0x00000265a3c03000 	C:\Users\ameni\.openjfx\cache\21.0.2+5\amd64\api-ms-win-core-sysinfo-l1-1-0.dll
0x00000265a3c10000 - 0x00000265a3c13000 	C:\Users\ameni\.openjfx\cache\21.0.2+5\amd64\api-ms-win-core-timezone-l1-1-0.dll
0x00000265a3c20000 - 0x00000265a3c23000 	C:\Users\ameni\.openjfx\cache\21.0.2+5\amd64\api-ms-win-core-util-l1-1-0.dll
0x00000265a3c30000 - 0x00000265a3c33000 	C:\Users\ameni\.openjfx\cache\21.0.2+5\amd64\api-ms-win-crt-conio-l1-1-0.dll
0x00000265a3c40000 - 0x00000265a3c44000 	C:\Users\ameni\.openjfx\cache\21.0.2+5\amd64\api-ms-win-crt-convert-l1-1-0.dll
0x00000265a3c50000 - 0x00000265a3c53000 	C:\Users\ameni\.openjfx\cache\21.0.2+5\amd64\api-ms-win-crt-environment-l1-1-0.dll
0x00000265a3c60000 - 0x00000265a3c63000 	C:\Users\ameni\.openjfx\cache\21.0.2+5\amd64\api-ms-win-crt-filesystem-l1-1-0.dll
0x00000265a3c70000 - 0x00000265a3c73000 	C:\Users\ameni\.openjfx\cache\21.0.2+5\amd64\api-ms-win-crt-heap-l1-1-0.dll
0x00000265a3c80000 - 0x00000265a3c83000 	C:\Users\ameni\.openjfx\cache\21.0.2+5\amd64\api-ms-win-crt-locale-l1-1-0.dll
0x00000265a3c90000 - 0x00000265a3c95000 	C:\Users\ameni\.openjfx\cache\21.0.2+5\amd64\api-ms-win-crt-math-l1-1-0.dll
0x00000265a3ca0000 - 0x00000265a3ca5000 	C:\Users\ameni\.openjfx\cache\21.0.2+5\amd64\api-ms-win-crt-multibyte-l1-1-0.dll
0x00000265a3cb0000 - 0x00000265a3cc0000 	C:\Users\ameni\.openjfx\cache\21.0.2+5\amd64\api-ms-win-crt-private-l1-1-0.dll
0x00000265a3cc0000 - 0x00000265a3cc3000 	C:\Users\ameni\.openjfx\cache\21.0.2+5\amd64\api-ms-win-crt-process-l1-1-0.dll
0x00000265a3cd0000 - 0x00000265a3cd4000 	C:\Users\ameni\.openjfx\cache\21.0.2+5\amd64\api-ms-win-crt-runtime-l1-1-0.dll
0x00000265a3ce0000 - 0x00000265a3ce4000 	C:\Users\ameni\.openjfx\cache\21.0.2+5\amd64\api-ms-win-crt-stdio-l1-1-0.dll
0x00000265a3cf0000 - 0x00000265a3cf4000 	C:\Users\ameni\.openjfx\cache\21.0.2+5\amd64\api-ms-win-crt-string-l1-1-0.dll
0x00000265a3d00000 - 0x00000265a3d03000 	C:\Users\ameni\.openjfx\cache\21.0.2+5\amd64\api-ms-win-crt-time-l1-1-0.dll
0x00000265a3d10000 - 0x00000265a3d13000 	C:\Users\ameni\.openjfx\cache\21.0.2+5\amd64\api-ms-win-crt-utility-l1-1-0.dll
0x00007fff23ea0000 - 0x00007fff23f9c000 	C:\Users\ameni\.openjfx\cache\21.0.2+5\amd64\ucrtbase.dll
0x00007fff3a8d0000 - 0x00007fff3a8eb000 	C:\Users\ameni\.openjfx\cache\21.0.2+5\amd64\vcruntime140.dll
0x00007fff51a60000 - 0x00007fff51a6c000 	C:\Users\ameni\.openjfx\cache\21.0.2+5\amd64\vcruntime140_1.dll
0x00007fff23e10000 - 0x00007fff23e9e000 	C:\Users\ameni\.openjfx\cache\21.0.2+5\amd64\msvcp140.dll
0x00007fff512f0000 - 0x00007fff512f9000 	C:\Users\ameni\.openjfx\cache\21.0.2+5\amd64\msvcp140_1.dll
0x00007fff36260000 - 0x00007fff362a1000 	C:\Users\ameni\.openjfx\cache\21.0.2+5\amd64\msvcp140_2.dll
0x00007fff394a0000 - 0x00007fff394d0000 	C:\Users\ameni\.openjfx\cache\21.0.2+5\amd64\prism_d3d.dll
0x00007fff50870000 - 0x00007fff50a3d000 	C:\WINDOWS\system32\d3d9.dll
0x00007fff5c950000 - 0x00007fff5c97f000 	C:\WINDOWS\SYSTEM32\dwmapi.dll
0x00007fff5c770000 - 0x00007fff5c80e000 	C:\WINDOWS\system32\uxtheme.dll
0x00007fff55c60000 - 0x00007fff55e18000 	C:\WINDOWS\System32\DriverStore\FileRepository\u0377487.inf_amd64_99415ae859206efa\B377170\aticfx64.dll
0x00007fff35070000 - 0x00007fff350a4000 	C:\WINDOWS\System32\DriverStore\FileRepository\u0377487.inf_amd64_99415ae859206efa\B377170\atiu9p64.dll
0x00007ffef1f00000 - 0x00007ffef2c54000 	C:\WINDOWS\System32\DriverStore\FileRepository\u0377487.inf_amd64_99415ae859206efa\B377170\atiumd64.dll
0x00007fff60f50000 - 0x00007fff6107b000 	C:\WINDOWS\System32\ole32.dll
0x0000000068de0000 - 0x0000000069c53000 	C:\WINDOWS\System32\DriverStore\FileRepository\u0377487.inf_amd64_99415ae859206efa\B377170\atiumd6a.dll
0x00007fff5faa0000 - 0x00007fff5ff0e000 	C:\WINDOWS\System32\SETUPAPI.dll
0x00007fff5f100000 - 0x00007fff5f14e000 	C:\WINDOWS\System32\cfgmgr32.dll
0x00007fff53b50000 - 0x00007fff53b80000 	C:\WINDOWS\SYSTEM32\amdihk64.dll
0x00007fff31560000 - 0x00007fff315a2000 	C:\Users\ameni\.openjfx\cache\21.0.2+5\amd64\glass.dll
0x00007fff60120000 - 0x00007fff601fa000 	C:\WINDOWS\System32\COMDLG32.dll
0x00007fff61280000 - 0x00007fff61394000 	C:\WINDOWS\System32\MSCTF.dll
0x00007fff560b0000 - 0x00007fff560eb000 	C:\WINDOWS\SYSTEM32\dxcore.dll
0x00007fff5e1e0000 - 0x00007fff5e2ab000 	C:\WINDOWS\SYSTEM32\DNSAPI.dll
0x00007fff5e1a0000 - 0x00007fff5e1db000 	C:\WINDOWS\SYSTEM32\IPHLPAPI.DLL
0x00007fff61580000 - 0x00007fff61588000 	C:\WINDOWS\System32\NSI.dll
0x00007fff53c40000 - 0x00007fff53c4a000 	C:\Windows\System32\rasadhlp.dll
0x00007fff52540000 - 0x00007fff525c0000 	C:\WINDOWS\System32\fwpuclnt.dll
0x00007fff3a710000 - 0x00007fff3a724000 	C:\Users\ameni\.openjfx\cache\21.0.2+5\amd64\javafx_font.dll
0x00007fff33300000 - 0x00007fff3357f000 	C:\WINDOWS\SYSTEM32\dwrite.dll
0x00007fff614d0000 - 0x00007fff61579000 	C:\WINDOWS\System32\clbcatq.dll
0x00007fff58c30000 - 0x00007fff58de4000 	C:\WINDOWS\SYSTEM32\WindowsCodecs.dll
0x00007fff475a0000 - 0x00007fff475de000 	C:\WINDOWS\system32\dataexchange.dll
0x00007fff5b9a0000 - 0x00007fff5bb83000 	C:\WINDOWS\system32\dcomp.dll
0x00007fff5ad10000 - 0x00007fff5af73000 	C:\WINDOWS\system32\d3d11.dll
0x00007fff5d640000 - 0x00007fff5d733000 	C:\WINDOWS\system32\dxgi.dll
0x00007fff58f20000 - 0x00007fff59123000 	C:\WINDOWS\system32\twinapi.appcore.dll
0x00007fff336e0000 - 0x00007fff33714000 	C:\Program Files\Common Files\Microsoft Shared\Ink\rtscom.dll
0x00007fff51c40000 - 0x00007fff51d39000 	C:\WINDOWS\SYSTEM32\textinputframework.dll
0x00007fff5bb90000 - 0x00007fff5beeb000 	C:\WINDOWS\System32\CoreUIComponents.dll

dbghelp: loaded successfully - version: 4.0.5 - missing functions: none
symbol engine: initialized successfully - sym options: 0x614 - pdb path: .;C:\Users\ameni\.jdks\jbr-17.0.8.1\bin;C:\WINDOWS\SYSTEM32;C:\WINDOWS\WinSxS\amd64_microsoft.windows.common-controls_6595b64144ccf1df_6.0.19041.3636_none_60b6a03d71f818d5;C:\Users\ameni\.jdks\jbr-17.0.8.1\bin\server;C:\Users\ameni\.openjfx\cache\21.0.2+5\amd64;C:\WINDOWS\System32\DriverStore\FileRepository\u0377487.inf_amd64_99415ae859206efa\B377170;C:\WINDOWS\System32\DriverStore\FileRepository\nvam.inf_amd64_61df758291bf519e;C:\Program Files\Common Files\Microsoft Shared\Ink

VM Arguments:
jvm_args: --module-path=C:\Users\ameni\.m2\repository\org\openjfx\javafx-base\21.0.2\javafx-base-21.0.2-win.jar;C:\Users\ameni\.m2\repository\org\openjfx\javafx-base\21.0.2\javafx-base-21.0.2.jar;C:\Users\ameni\.m2\repository\org\openjfx\javafx-controls\21.0.2\javafx-controls-21.0.2-win.jar;C:\Users\ameni\.m2\repository\org\openjfx\javafx-controls\21.0.2\javafx-controls-21.0.2.jar;C:\Users\ameni\.m2\repository\org\openjfx\javafx-fxml\21.0.2\javafx-fxml-21.0.2-win.jar;C:\Users\ameni\.m2\repository\org\openjfx\javafx-fxml\21.0.2\javafx-fxml-21.0.2.jar;C:\Users\ameni\.m2\repository\org\openjfx\javafx-graphics\21.0.2\javafx-graphics-21.0.2-win.jar;C:\Users\ameni\.m2\repository\org\openjfx\javafx-graphics\21.0.2\javafx-graphics-21.0.2.jar;C:\Users\ameni\.m2\repository\org\openjfx\javafx-media\21.0.2\javafx-media-21.0.2-win.jar;C:\Users\ameni\.m2\repository\org\openjfx\javafx-media\21.0.2\javafx-media-21.0.2.jar;C:\Users\ameni\.m2\repository\org\openjfx\javafx-web\20.0.2\javafx-web-20.0.2-win.jar;C:\Users\ameni\.m2\repository\org\openjfx\javafx-web\20.0.2\javafx-web-20.0.2.jar --add-modules=javafx.base,javafx.controls,javafx.fxml,javafx.graphics,javafx.media,javafx.web 
java_command: edu.esprit.tests.MainFx
java_class_path (initial): C:\Users\ameni\Downloads\Gestion_Evenement2\target\classes;C:\Users\ameni\.m2\repository\com\fasterxml\jackson\core\jackson-core\2.11.1\jackson-core-2.11.1.jar;C:\Users\ameni\.m2\repository\com\google\api-client\google-api-client\2.2.0\google-api-client-2.2.0.jar;C:\Users\ameni\.m2\repository\com\google\apis\google-api-services-drive\v3-rev20240123-2.0.0\google-api-services-drive-v3-rev20240123-2.0.0.jar;C:\Users\ameni\.m2\repository\com\google\auth\google-auth-library-credentials\1.3.0\google-auth-library-credentials-1.3.0.jar;C:\Users\ameni\.m2\repository\com\google\auth\google-auth-library-oauth2-http\1.3.0\google-auth-library-oauth2-http-1.3.0.jar;C:\Users\ameni\.m2\repository\com\google\auto\value\auto-value-annotations\1.8.2\auto-value-annotations-1.8.2.jar;C:\Users\ameni\.m2\repository\com\google\code\findbugs\jsr305\3.0.2\jsr305-3.0.2.jar;C:\Users\ameni\.m2\repository\com\google\code\gson\gson\2.8.9\gson-2.8.9.jar;C:\Users\ameni\.m2\repository\com\google\errorprone\error_prone_annotations\2.18.0\error_prone_annotations-2.18.0.jar;C:\Users\ameni\.m2\repository\com\google\guava\failureaccess\1.0.1\failureaccess-1.0.1.jar;C:\Users\ameni\.m2\repository\com\google\guava\guava\32.0.1-android\guava-32.0.1-android.jar;C:\Users\ameni\.m2\repository\com\google\guava\listenablefuture\9999.0-empty-to-avoid-conflict-with-guava\listenablefuture-9999.0-empty-to-avoid-conflict-with-guava.jar;C:\Users\ameni\.m2\repository\com\google\http-client\google-http-client\1.40.1\google-http-client-1.40.1.jar;C:\Users\ameni\.m2\repository\com\google\http-client\google-http-client-apache-v2\1.42.3\google-http-client-apache-v2-1.42.3.jar;C:\Users\ameni\.m2\repository\com\google\http-client\google-http-client-gson\1.40.1\google-http-client-gson-1.40.1.jar;C:\Users\ameni\.m2\repository\com\google\http-client\google-http-client-jackson2\1.36.0\google-http-client-jackson2-1.36.0.jar;C:\Users\ameni\.m2\repository\com\google\j2objc\j2objc-annotations\2.8\j2objc-an
Launcher Type: SUN_STANDARD

[Global flags]
     intx CICompilerCount                          = 4                                         {product} {ergonomic}
     uint ConcGCThreads                            = 2                                         {product} {ergonomic}
     uint G1ConcRefinementThreads                  = 8                                         {product} {ergonomic}
   size_t G1HeapRegionSize                         = 1048576                                   {product} {ergonomic}
    uintx GCDrainStackTargetSize                   = 64                                        {product} {ergonomic}
   size_t InitialHeapSize                          = 100663296                                 {product} {ergonomic}
   size_t MarkStackSize                            = 4194304                                   {product} {ergonomic}
   size_t MaxHeapSize                              = 1598029824                                {product} {ergonomic}
   size_t MaxNewSize                               = 958398464                                 {product} {ergonomic}
   size_t MinHeapDeltaBytes                        = 1048576                                   {product} {ergonomic}
   size_t MinHeapSize                              = 8388608                                   {product} {ergonomic}
    uintx NonNMethodCodeHeapSize                   = 5839372                                {pd product} {ergonomic}
    uintx NonProfiledCodeHeapSize                  = 122909434                              {pd product} {ergonomic}
    uintx ProfiledCodeHeapSize                     = 122909434                              {pd product} {ergonomic}
    uintx ReservedCodeCacheSize                    = 251658240                              {pd product} {ergonomic}
     bool SegmentedCodeCache                       = true                                      {product} {ergonomic}
   size_t SoftMaxHeapSize                          = 1598029824                             {manageable} {ergonomic}
     bool UseCompressedClassPointers               = true                           {product lp64_product} {ergonomic}
     bool UseCompressedOops                        = true                           {product lp64_product} {ergonomic}
     bool UseG1GC                                  = true                                      {product} {ergonomic}
     bool UseLargePagesIndividualAllocation        = false                                  {pd product} {ergonomic}

Logging:
Log output configuration:
 #0: stdout all=warning uptime,level,tags
 #1: stderr all=off uptime,level,tags

Environment Variables:
PATH=C:\oraclexe\app\oracle\product\11.2.0\server\bin;;C:\Program Files (x86)\VMware\VMware Workstation\bin\;C:\Users\ameni\.jdks\jbr-17.0.8.1\bin;C:\oraclexe\app\oracle\product\11.2.0\server\bin;C:\Program Files (x86)\Common Files\Intel\Shared Libraries\redist\intel64\compiler;C:\Windows\system32;C:\Windows;C:\Windows\System32\Wbem;C:\Windows\System32\WindowsPowerShell\v1.0\;C:\Windows\System32\OpenSSH\;C:\Program Files (x86)\NVIDIA Corporation\PhysX\Common;C:\Program Files\NVIDIA Corporation\NVIDIA NvDLISR;C:\WINDOWS\system32;C:\WINDOWS;C:\WINDOWS\System32\Wbem;C:\WINDOWS\System32\WindowsPowerShell\v1.0\;C:\WINDOWS\System32\OpenSSH\;C:\Strawberry\c\bin;C:\Strawberry\perl\site\bin;C:\Strawberry\perl\bin;C:\instantclient12_2;C:\oraclexe\app\oracle\admin\XE;C:\oraclexe;C:\Program Files\Git\cmd;C:\Users\ameni\.jdks\jbr-17.0.8.1;C:\xampp\php;C:\ProgramData\ComposerSetup\bin;C:\Users\ameni\scoop\shims;C:\Users\ameni\AppData\Local\Programs\Python\Python39\Scripts\;C:\Users\ameni\AppData\Local\Programs\Python\Python39\;C:\Users\ameni\AppData\Local\Microsoft\WindowsApps;;C:\Users\ameni\AppData\Local\Programs\Microsoft VS Code\bin;C:\Users\ameni\AppData\Roaming\Composer\vendor\bin
USERNAME=ameni
OS=Windows_NT
PROCESSOR_IDENTIFIER=AMD64 Family 23 Model 24 Stepping 1, AuthenticAMD
TMP=C:\Users\ameni\AppData\Local\Temp
TEMP=C:\Users\ameni\AppData\Local\Temp


JNI global refs:
JNI global refs: 34, weak refs: 9

JNI global refs memory usage: 843, weak refs: 841

OOME stack traces (most recent first):
Classloader memory used:
Loader jdk.internal.loader.ClassLoaders$AppClassLoader                                 : 2003K
Loader bootstrap                                                                       : 1922K
Loader jdk.internal.loader.ClassLoaders$PlatformClassLoader                            : 46284B
Loader jdk.internal.reflect.DelegatingClassLoader                                      : 11014B
Loader com.sun.javafx.reflect.MethodUtil                                               : 510B


---------------  S Y S T E M  ---------------

OS:
 Windows 10 , 64 bit Build 19041 (10.0.19041.3636)
OS uptime: 5 days 21:04 hours

CPU: total 8 (initial active 8) (8 cores per cpu, 2 threads per core) family 23 model 24 stepping 1 microcode 0x0, cx8, cmov, fxsr, ht, mmx, 3dnowpref, sse, sse2, sse3, ssse3, sse4a, sse4.1, sse4.2, popcnt, lzcnt, tsc, tscinvbit, avx, avx2, aes, clmul, bmi1, bmi2, adx, sha, fma, vzeroupper, clflush, clflushopt
Processor Information for all 8 processors :
  Max Mhz: 2100, Current Mhz: 2100, Mhz Limit: 2100

Memory: 4k page, system-wide physical 6091M (203M free)
TotalPageFile size 24523M (AvailPageFile size 3M)
current process WorkingSet (physical memory assigned to process): 298M, peak: 298M
current process commit charge ("private bytes"): 562M, peak: 565M

vm_info: OpenJDK 64-Bit Server VM (17.0.8.1+7-b1059.3) for windows-amd64 JRE (17.0.8.1+7-b1059.3), built on 2023-09-11 by "builduser" with MS VC++ 16.10 / 16.11 (VS2019)

END.
